CRITICAL - 2022-10-27 07:47:09 --> Undefined variable: penduduk
in APPPATH\Views\pages\penduduk\penduduk_edit.php on line 20.
 1 APPPATH\Views\pages\penduduk\penduduk_edit.php(20): CodeIgniter\Debug\Exceptions->errorHandler(8, 'Undefined variable: penduduk', 'APPPATH\\Views\\pages\\penduduk\\penduduk_edit.php', 20, [...])
 2 SYSTEMPATH\View\View.php(213): include('APPPATH\\Views\\pages\\penduduk\\penduduk_edit.php')
 3 SYSTEMPATH\View\View.php(216): CodeIgniter\View\View->CodeIgniter\View\{closure}()
 4 SYSTEMPATH\Common.php(1142): CodeIgniter\View\View->render('pages/penduduk/penduduk_edit', [], true)
 5 APPPATH\Views\layout\content_view.php(3): view('pages/penduduk/penduduk_edit')
 6 SYSTEMPATH\View\View.php(213): include('APPPATH\\Views\\layout\\content_view.php')
 7 SYSTEMPATH\View\View.php(216): CodeIgniter\View\View->CodeIgniter\View\{closure}()
 8 SYSTEMPATH\Common.php(1142): CodeIgniter\View\View->render('layout/content_view', [], true)
 9 APPPATH\Views\layout\wrapper_view.php(5): view('layout/content_view')
10 SYSTEMPATH\View\View.php(213): include('APPPATH\\Views\\layout\\wrapper_view.php')
11 SYSTEMPATH\View\View.php(216): CodeIgniter\View\View->CodeIgniter\View\{closure}()
12 SYSTEMPATH\Common.php(1142): CodeIgniter\View\View->render('layout/wrapper_view', [], true)
13 APPPATH\Controllers\Penduduk.php(185): view('layout/wrapper_view', [...])
14 SYSTEMPATH\CodeIgniter.php(907): App\Controllers\Penduduk->edit('5')
15 SYSTEMPATH\CodeIgniter.php(457): CodeIgniter\CodeIgniter->runController(Object(App\Controllers\Penduduk))
16 SYSTEMPATH\CodeIgniter.php(340): CodeIgniter\CodeIgniter->handleRequest(null, Object(Config\Cache), false)
17 FCPATH\index.php(67): CodeIgniter\CodeIgniter->run()
CRITICAL - 2022-10-27 07:47:09 --> Undefined variable: penduduk
in APPPATH\Views\pages\penduduk\penduduk_edit.php on line 20.
 1 APPPATH\Views\pages\penduduk\penduduk_edit.php(20): CodeIgniter\Debug\Exceptions->errorHandler(8, 'Undefined variable: penduduk', 'APPPATH\\Views\\pages\\penduduk\\penduduk_edit.php', 20, [...])
 2 SYSTEMPATH\View\View.php(213): include('APPPATH\\Views\\pages\\penduduk\\penduduk_edit.php')
 3 SYSTEMPATH\View\View.php(216): CodeIgniter\View\View->CodeIgniter\View\{closure}()
 4 SYSTEMPATH\Common.php(1142): CodeIgniter\View\View->render('pages/penduduk/penduduk_edit', [], true)
 5 APPPATH\Views\layout\content_view.php(3): view('pages/penduduk/penduduk_edit')
 6 SYSTEMPATH\View\View.php(213): include('APPPATH\\Views\\layout\\content_view.php')
 7 SYSTEMPATH\View\View.php(216): CodeIgniter\View\View->CodeIgniter\View\{closure}()
 8 SYSTEMPATH\Common.php(1142): CodeIgniter\View\View->render('layout/content_view', [], true)
 9 APPPATH\Views\layout\wrapper_view.php(5): view('layout/content_view')
10 SYSTEMPATH\View\View.php(213): include('APPPATH\\Views\\layout\\wrapper_view.php')
11 SYSTEMPATH\View\View.php(216): CodeIgniter\View\View->CodeIgniter\View\{closure}()
12 SYSTEMPATH\Common.php(1142): CodeIgniter\View\View->render('layout/wrapper_view', [], true)
13 APPPATH\Controllers\Penduduk.php(185): view('layout/wrapper_view', [...])
14 SYSTEMPATH\CodeIgniter.php(907): App\Controllers\Penduduk->edit('1665305144_e80d3a83f0a7efea2511.png')
15 SYSTEMPATH\CodeIgniter.php(457): CodeIgniter\CodeIgniter->runController(Object(App\Controllers\Penduduk))
16 SYSTEMPATH\CodeIgniter.php(340): CodeIgniter\CodeIgniter->handleRequest(null, Object(Config\Cache), false)
17 FCPATH\index.php(67): CodeIgniter\CodeIgniter->run()
CRITICAL - 2022-10-27 07:47:09 --> Undefined variable: penduduk
in APPPATH\Views\pages\penduduk\penduduk_edit.php on line 20.
 1 APPPATH\Views\pages\penduduk\penduduk_edit.php(20): CodeIgniter\Debug\Exceptions->errorHandler(8, 'Undefined variable: penduduk', 'APPPATH\\Views\\pages\\penduduk\\penduduk_edit.php', 20, [...])
 2 SYSTEMPATH\View\View.php(213): include('APPPATH\\Views\\pages\\penduduk\\penduduk_edit.php')
 3 SYSTEMPATH\View\View.php(216): CodeIgniter\View\View->CodeIgniter\View\{closure}()
 4 SYSTEMPATH\Common.php(1142): CodeIgniter\View\View->render('pages/penduduk/penduduk_edit', [], true)
 5 APPPATH\Views\layout\content_view.php(3): view('pages/penduduk/penduduk_edit')
 6 SYSTEMPATH\View\View.php(213): include('APPPATH\\Views\\layout\\content_view.php')
 7 SYSTEMPATH\View\View.php(216): CodeIgniter\View\View->CodeIgniter\View\{closure}()
 8 SYSTEMPATH\Common.php(1142): CodeIgniter\View\View->render('layout/content_view', [], true)
 9 APPPATH\Views\layout\wrapper_view.php(5): view('layout/content_view')
10 SYSTEMPATH\View\View.php(213): include('APPPATH\\Views\\layout\\wrapper_view.php')
11 SYSTEMPATH\View\View.php(216): CodeIgniter\View\View->CodeIgniter\View\{closure}()
12 SYSTEMPATH\Common.php(1142): CodeIgniter\View\View->render('layout/wrapper_view', [], true)
13 APPPATH\Controllers\Penduduk.php(185): view('layout/wrapper_view', [...])
14 SYSTEMPATH\CodeIgniter.php(907): App\Controllers\Penduduk->edit('assets', 'img', 'logo.png')
15 SYSTEMPATH\CodeIgniter.php(457): CodeIgniter\CodeIgniter->runController(Object(App\Controllers\Penduduk))
16 SYSTEMPATH\CodeIgniter.php(340): CodeIgniter\CodeIgniter->handleRequest(null, Object(Config\Cache), false)
17 FCPATH\index.php(67): CodeIgniter\CodeIgniter->run()
CRITICAL - 2022-10-27 07:47:25 --> Trying to access array offset on value of type null
in APPPATH\Views\pages\pengguna\pengguna_edit.php on line 15.
 1 APPPATH\Views\pages\pengguna\pengguna_edit.php(15): CodeIgniter\Debug\Exceptions->errorHandler(8, 'Trying to access array offset on value of type null', 'APPPATH\\Views\\pages\\pengguna\\pengguna_edit.php', 15, [...])
 2 SYSTEMPATH\View\View.php(213): include('APPPATH\\Views\\pages\\pengguna\\pengguna_edit.php')
 3 SYSTEMPATH\View\View.php(216): CodeIgniter\View\View->CodeIgniter\View\{closure}()
 4 SYSTEMPATH\Common.php(1142): CodeIgniter\View\View->render('pages/pengguna/pengguna_edit', [], true)
 5 APPPATH\Views\layout\content_view.php(3): view('pages/pengguna/pengguna_edit')
 6 SYSTEMPATH\View\View.php(213): include('APPPATH\\Views\\layout\\content_view.php')
 7 SYSTEMPATH\View\View.php(216): CodeIgniter\View\View->CodeIgniter\View\{closure}()
 8 SYSTEMPATH\Common.php(1142): CodeIgniter\View\View->render('layout/content_view', [], true)
 9 APPPATH\Views\layout\wrapper_view.php(5): view('layout/content_view')
10 SYSTEMPATH\View\View.php(213): include('APPPATH\\Views\\layout\\wrapper_view.php')
11 SYSTEMPATH\View\View.php(216): CodeIgniter\View\View->CodeIgniter\View\{closure}()
12 SYSTEMPATH\Common.php(1142): CodeIgniter\View\View->render('layout/wrapper_view', [], true)
13 APPPATH\Controllers\Pengguna.php(119): view('layout/wrapper_view', [...])
14 SYSTEMPATH\CodeIgniter.php(907): App\Controllers\Pengguna->edit('assets', 'img', 'logo.png')
15 SYSTEMPATH\CodeIgniter.php(457): CodeIgniter\CodeIgniter->runController(Object(App\Controllers\Pengguna))
16 SYSTEMPATH\CodeIgniter.php(340): CodeIgniter\CodeIgniter->handleRequest(null, Object(Config\Cache), false)
17 FCPATH\index.php(67): CodeIgniter\CodeIgniter->run()
CRITICAL - 2022-10-27 07:47:26 --> Trying to access array offset on value of type null
in APPPATH\Views\pages\pengguna\pengguna_edit.php on line 15.
 1 APPPATH\Views\pages\pengguna\pengguna_edit.php(15): CodeIgniter\Debug\Exceptions->errorHandler(8, 'Trying to access array offset on value of type null', 'APPPATH\\Views\\pages\\pengguna\\pengguna_edit.php', 15, [...])
 2 SYSTEMPATH\View\View.php(213): include('APPPATH\\Views\\pages\\pengguna\\pengguna_edit.php')
 3 SYSTEMPATH\View\View.php(216): CodeIgniter\View\View->CodeIgniter\View\{closure}()
 4 SYSTEMPATH\Common.php(1142): CodeIgniter\View\View->render('pages/pengguna/pengguna_edit', [], true)
 5 APPPATH\Views\layout\content_view.php(3): view('pages/pengguna/pengguna_edit')
 6 SYSTEMPATH\View\View.php(213): include('APPPATH\\Views\\layout\\content_view.php')
 7 SYSTEMPATH\View\View.php(216): CodeIgniter\View\View->CodeIgniter\View\{closure}()
 8 SYSTEMPATH\Common.php(1142): CodeIgniter\View\View->render('layout/content_view', [], true)
 9 APPPATH\Views\layout\wrapper_view.php(5): view('layout/content_view')
10 SYSTEMPATH\View\View.php(213): include('APPPATH\\Views\\layout\\wrapper_view.php')
11 SYSTEMPATH\View\View.php(216): CodeIgniter\View\View->CodeIgniter\View\{closure}()
12 SYSTEMPATH\Common.php(1142): CodeIgniter\View\View->render('layout/wrapper_view', [], true)
13 APPPATH\Controllers\Pengguna.php(119): view('layout/wrapper_view', [...])
14 SYSTEMPATH\CodeIgniter.php(907): App\Controllers\Pengguna->edit('1665305144_e80d3a83f0a7efea2511.png')
15 SYSTEMPATH\CodeIgniter.php(457): CodeIgniter\CodeIgniter->runController(Object(App\Controllers\Pengguna))
16 SYSTEMPATH\CodeIgniter.php(340): CodeIgniter\CodeIgniter->handleRequest(null, Object(Config\Cache), false)
17 FCPATH\index.php(67): CodeIgniter\CodeIgniter->run()
