CRITICAL - 2022-11-24 19:12:34 --> Undefined index: username
in APPPATH\Controllers\Auth.php on line 73.
 1 APPPATH\Controllers\Auth.php(73): CodeIgniter\Debug\Exceptions->errorHandler(8, 'Undefined index: username', 'APPPATH\\Controllers\\Auth.php', 73, [...])
 2 SYSTEMPATH\CodeIgniter.php(907): App\Controllers\Auth->login()
 3 SYSTEMPATH\CodeIgniter.php(457): CodeIgniter\CodeIgniter->runController(Object(App\Controllers\Auth))
 4 SYSTEMPATH\CodeIgniter.php(340): CodeIgniter\CodeIgniter->handleRequest(null, Object(Config\Cache), false)
 5 FCPATH\index.php(67): CodeIgniter\CodeIgniter->run()
CRITICAL - 2022-11-24 19:14:18 --> Invalid file: layout/v_template.php
in SYSTEMPATH\Exceptions\FrameworkException.php on line 33.
 1 SYSTEMPATH\View\View.php(201): CodeIgniter\Exceptions\FrameworkException::forInvalidFile('layout/v_template.php')
 2 SYSTEMPATH\Common.php(1142): CodeIgniter\View\View->render('layout/v_template', [], true)
 3 APPPATH\Controllers\HomePenduduk.php(17): view('layout/v_template', [...])
 4 SYSTEMPATH\CodeIgniter.php(907): App\Controllers\HomePenduduk->index()
 5 SYSTEMPATH\CodeIgniter.php(457): CodeIgniter\CodeIgniter->runController(Object(App\Controllers\HomePenduduk))
 6 SYSTEMPATH\CodeIgniter.php(340): CodeIgniter\CodeIgniter->handleRequest(null, Object(Config\Cache), false)
 7 FCPATH\index.php(67): CodeIgniter\CodeIgniter->run()
CRITICAL - 2022-11-24 19:14:20 --> Invalid file: layout/v_template.php
in SYSTEMPATH\Exceptions\FrameworkException.php on line 33.
 1 SYSTEMPATH\View\View.php(201): CodeIgniter\Exceptions\FrameworkException::forInvalidFile('layout/v_template.php')
 2 SYSTEMPATH\Common.php(1142): CodeIgniter\View\View->render('layout/v_template', [], true)
 3 APPPATH\Controllers\HomePenduduk.php(17): view('layout/v_template', [...])
 4 SYSTEMPATH\CodeIgniter.php(907): App\Controllers\HomePenduduk->index()
 5 SYSTEMPATH\CodeIgniter.php(457): CodeIgniter\CodeIgniter->runController(Object(App\Controllers\HomePenduduk))
 6 SYSTEMPATH\CodeIgniter.php(340): CodeIgniter\CodeIgniter->handleRequest(null, Object(Config\Cache), false)
 7 FCPATH\index.php(67): CodeIgniter\CodeIgniter->run()
CRITICAL - 2022-11-24 19:14:20 --> Invalid file: layout/v_template.php
in SYSTEMPATH\Exceptions\FrameworkException.php on line 33.
 1 SYSTEMPATH\View\View.php(201): CodeIgniter\Exceptions\FrameworkException::forInvalidFile('layout/v_template.php')
 2 SYSTEMPATH\Common.php(1142): CodeIgniter\View\View->render('layout/v_template', [], true)
 3 APPPATH\Controllers\HomePenduduk.php(17): view('layout/v_template', [...])
 4 SYSTEMPATH\CodeIgniter.php(907): App\Controllers\HomePenduduk->index()
 5 SYSTEMPATH\CodeIgniter.php(457): CodeIgniter\CodeIgniter->runController(Object(App\Controllers\HomePenduduk))
 6 SYSTEMPATH\CodeIgniter.php(340): CodeIgniter\CodeIgniter->handleRequest(null, Object(Config\Cache), false)
 7 FCPATH\index.php(67): CodeIgniter\CodeIgniter->run()
CRITICAL - 2022-11-24 19:14:20 --> Invalid file: layout/v_template.php
in SYSTEMPATH\Exceptions\FrameworkException.php on line 33.
 1 SYSTEMPATH\View\View.php(201): CodeIgniter\Exceptions\FrameworkException::forInvalidFile('layout/v_template.php')
 2 SYSTEMPATH\Common.php(1142): CodeIgniter\View\View->render('layout/v_template', [], true)
 3 APPPATH\Controllers\HomePenduduk.php(17): view('layout/v_template', [...])
 4 SYSTEMPATH\CodeIgniter.php(907): App\Controllers\HomePenduduk->index()
 5 SYSTEMPATH\CodeIgniter.php(457): CodeIgniter\CodeIgniter->runController(Object(App\Controllers\HomePenduduk))
 6 SYSTEMPATH\CodeIgniter.php(340): CodeIgniter\CodeIgniter->handleRequest(null, Object(Config\Cache), false)
 7 FCPATH\index.php(67): CodeIgniter\CodeIgniter->run()
CRITICAL - 2022-11-24 19:14:35 --> Invalid file: layout/v_template.php
in SYSTEMPATH\Exceptions\FrameworkException.php on line 33.
 1 SYSTEMPATH\View\View.php(201): CodeIgniter\Exceptions\FrameworkException::forInvalidFile('layout/v_template.php')
 2 SYSTEMPATH\Common.php(1142): CodeIgniter\View\View->render('layout/v_template', [], true)
 3 APPPATH\Controllers\HomePenduduk.php(17): view('layout/v_template', [...])
 4 SYSTEMPATH\CodeIgniter.php(907): App\Controllers\HomePenduduk->index()
 5 SYSTEMPATH\CodeIgniter.php(457): CodeIgniter\CodeIgniter->runController(Object(App\Controllers\HomePenduduk))
 6 SYSTEMPATH\CodeIgniter.php(340): CodeIgniter\CodeIgniter->handleRequest(null, Object(Config\Cache), false)
 7 FCPATH\index.php(67): CodeIgniter\CodeIgniter->run()
CRITICAL - 2022-11-24 19:14:36 --> Invalid file: layout/v_template.php
in SYSTEMPATH\Exceptions\FrameworkException.php on line 33.
 1 SYSTEMPATH\View\View.php(201): CodeIgniter\Exceptions\FrameworkException::forInvalidFile('layout/v_template.php')
 2 SYSTEMPATH\Common.php(1142): CodeIgniter\View\View->render('layout/v_template', [], true)
 3 APPPATH\Controllers\HomePenduduk.php(17): view('layout/v_template', [...])
 4 SYSTEMPATH\CodeIgniter.php(907): App\Controllers\HomePenduduk->index()
 5 SYSTEMPATH\CodeIgniter.php(457): CodeIgniter\CodeIgniter->runController(Object(App\Controllers\HomePenduduk))
 6 SYSTEMPATH\CodeIgniter.php(340): CodeIgniter\CodeIgniter->handleRequest(null, Object(Config\Cache), false)
 7 FCPATH\index.php(67): CodeIgniter\CodeIgniter->run()
CRITICAL - 2022-11-24 19:20:24 --> Undefined variable: page
in APPPATH\Views\v_template.php on line 524.
 1 APPPATH\Views\v_template.php(524): CodeIgniter\Debug\Exceptions->errorHandler(8, 'Undefined variable: page', 'APPPATH\\Views\\v_template.php', 524, [...])
 2 SYSTEMPATH\View\View.php(213): include('APPPATH\\Views\\v_template.php')
 3 SYSTEMPATH\View\View.php(216): CodeIgniter\View\View->CodeIgniter\View\{closure}()
 4 SYSTEMPATH\Common.php(1142): CodeIgniter\View\View->render('v_template', [], true)
 5 APPPATH\Controllers\HomePenduduk.php(17): view('v_template', [...])
 6 SYSTEMPATH\CodeIgniter.php(907): App\Controllers\HomePenduduk->index()
 7 SYSTEMPATH\CodeIgniter.php(457): CodeIgniter\CodeIgniter->runController(Object(App\Controllers\HomePenduduk))
 8 SYSTEMPATH\CodeIgniter.php(340): CodeIgniter\CodeIgniter->handleRequest(null, Object(Config\Cache), false)
 9 FCPATH\index.php(67): CodeIgniter\CodeIgniter->run()
CRITICAL - 2022-11-24 19:20:57 --> Undefined variable: page
in APPPATH\Views\v_template.php on line 524.
 1 APPPATH\Views\v_template.php(524): CodeIgniter\Debug\Exceptions->errorHandler(8, 'Undefined variable: page', 'APPPATH\\Views\\v_template.php', 524, [...])
 2 SYSTEMPATH\View\View.php(213): include('APPPATH\\Views\\v_template.php')
 3 SYSTEMPATH\View\View.php(216): CodeIgniter\View\View->CodeIgniter\View\{closure}()
 4 SYSTEMPATH\Common.php(1142): CodeIgniter\View\View->render('v_template', [], true)
 5 APPPATH\Controllers\HomePenduduk.php(17): view('v_template', [...])
 6 SYSTEMPATH\CodeIgniter.php(907): App\Controllers\HomePenduduk->index()
 7 SYSTEMPATH\CodeIgniter.php(457): CodeIgniter\CodeIgniter->runController(Object(App\Controllers\HomePenduduk))
 8 SYSTEMPATH\CodeIgniter.php(340): CodeIgniter\CodeIgniter->handleRequest(null, Object(Config\Cache), false)
 9 FCPATH\index.php(67): CodeIgniter\CodeIgniter->run()
CRITICAL - 2022-11-24 19:37:58 --> Constant expression contains invalid operations
in APPPATH\Controllers\HomePenduduk.php on line 17.
 1 [internal function]: CodeIgniter\Debug\Exceptions->shutdownHandler()
