CRITICAL - 2022-11-09 01:54:30 --> Undefined property: App\Controllers\Kelahiran::$Model_kelahiran
in APPPATH\Controllers\Kelahiran.php on line 116.
 1 APPPATH\Controllers\Kelahiran.php(116): CodeIgniter\Debug\Exceptions->errorHandler(8, 'Undefined property: App\\Controllers\\Kelahiran::$Model_kelahiran', 'APPPATH\\Controllers\\Kelahiran.php', 116, [...])
 2 SYSTEMPATH\CodeIgniter.php(907): App\Controllers\Kelahiran->insert()
 3 SYSTEMPATH\CodeIgniter.php(457): CodeIgniter\CodeIgniter->runController(Object(App\Controllers\Kelahiran))
 4 SYSTEMPATH\CodeIgniter.php(340): CodeIgniter\CodeIgniter->handleRequest(null, Object(Config\Cache), false)
 5 FCPATH\index.php(67): CodeIgniter\CodeIgniter->run()
CRITICAL - 2022-11-09 01:55:50 --> Undefined property: App\Controllers\Kelahiran::$Model_kelahiran
in APPPATH\Controllers\Kelahiran.php on line 116.
 1 APPPATH\Controllers\Kelahiran.php(116): CodeIgniter\Debug\Exceptions->errorHandler(8, 'Undefined property: App\\Controllers\\Kelahiran::$Model_kelahiran', 'APPPATH\\Controllers\\Kelahiran.php', 116, [...])
 2 SYSTEMPATH\CodeIgniter.php(907): App\Controllers\Kelahiran->insert()
 3 SYSTEMPATH\CodeIgniter.php(457): CodeIgniter\CodeIgniter->runController(Object(App\Controllers\Kelahiran))
 4 SYSTEMPATH\CodeIgniter.php(340): CodeIgniter\CodeIgniter->handleRequest(null, Object(Config\Cache), false)
 5 FCPATH\index.php(67): CodeIgniter\CodeIgniter->run()
CRITICAL - 2022-11-09 01:57:58 --> Undefined property: App\Controllers\Kelahiran::$Model_kelahiran
in APPPATH\Controllers\Kelahiran.php on line 126.
 1 APPPATH\Controllers\Kelahiran.php(126): CodeIgniter\Debug\Exceptions->errorHandler(8, 'Undefined property: App\\Controllers\\Kelahiran::$Model_kelahiran', 'APPPATH\\Controllers\\Kelahiran.php', 126, [...])
 2 SYSTEMPATH\CodeIgniter.php(907): App\Controllers\Kelahiran->insert()
 3 SYSTEMPATH\CodeIgniter.php(457): CodeIgniter\CodeIgniter->runController(Object(App\Controllers\Kelahiran))
 4 SYSTEMPATH\CodeIgniter.php(340): CodeIgniter\CodeIgniter->handleRequest(null, Object(Config\Cache), false)
 5 FCPATH\index.php(67): CodeIgniter\CodeIgniter->run()
CRITICAL - 2022-11-09 01:59:31 --> Undefined property: App\Controllers\Kelahiran::$Model_kelahiran
in APPPATH\Controllers\Kelahiran.php on line 126.
 1 APPPATH\Controllers\Kelahiran.php(126): CodeIgniter\Debug\Exceptions->errorHandler(8, 'Undefined property: App\\Controllers\\Kelahiran::$Model_kelahiran', 'APPPATH\\Controllers\\Kelahiran.php', 126, [...])
 2 SYSTEMPATH\CodeIgniter.php(907): App\Controllers\Kelahiran->insert()
 3 SYSTEMPATH\CodeIgniter.php(457): CodeIgniter\CodeIgniter->runController(Object(App\Controllers\Kelahiran))
 4 SYSTEMPATH\CodeIgniter.php(340): CodeIgniter\CodeIgniter->handleRequest(null, Object(Config\Cache), false)
 5 FCPATH\index.php(67): CodeIgniter\CodeIgniter->run()
CRITICAL - 2022-11-09 02:02:55 --> Undefined property: App\Controllers\Kelahiran::$Model_kelahiran
in APPPATH\Controllers\Kelahiran.php on line 19.
 1 APPPATH\Controllers\Kelahiran.php(19): CodeIgniter\Debug\Exceptions->errorHandler(8, 'Undefined property: App\\Controllers\\Kelahiran::$Model_kelahiran', 'APPPATH\\Controllers\\Kelahiran.php', 19, [])
 2 SYSTEMPATH\CodeIgniter.php(907): App\Controllers\Kelahiran->index()
 3 SYSTEMPATH\CodeIgniter.php(457): CodeIgniter\CodeIgniter->runController(Object(App\Controllers\Kelahiran))
 4 SYSTEMPATH\CodeIgniter.php(340): CodeIgniter\CodeIgniter->handleRequest(null, Object(Config\Cache), false)
 5 FCPATH\index.php(67): CodeIgniter\CodeIgniter->run()
CRITICAL - 2022-11-09 02:03:04 --> Undefined property: App\Controllers\Kelahiran::$Model_kelahiran
in APPPATH\Controllers\Kelahiran.php on line 19.
 1 APPPATH\Controllers\Kelahiran.php(19): CodeIgniter\Debug\Exceptions->errorHandler(8, 'Undefined property: App\\Controllers\\Kelahiran::$Model_kelahiran', 'APPPATH\\Controllers\\Kelahiran.php', 19, [])
 2 SYSTEMPATH\CodeIgniter.php(907): App\Controllers\Kelahiran->index()
 3 SYSTEMPATH\CodeIgniter.php(457): CodeIgniter\CodeIgniter->runController(Object(App\Controllers\Kelahiran))
 4 SYSTEMPATH\CodeIgniter.php(340): CodeIgniter\CodeIgniter->handleRequest(null, Object(Config\Cache), false)
 5 FCPATH\index.php(67): CodeIgniter\CodeIgniter->run()
CRITICAL - 2022-11-09 02:14:45 --> Undefined variable: total_kelahiran
in APPPATH\Views\home_view.php on line 23.
 1 APPPATH\Views\home_view.php(23): CodeIgniter\Debug\Exceptions->errorHandler(8, 'Undefined variable: total_kelahiran', 'APPPATH\\Views\\home_view.php', 23, [...])
 2 SYSTEMPATH\View\View.php(213): include('APPPATH\\Views\\home_view.php')
 3 SYSTEMPATH\View\View.php(216): CodeIgniter\View\View->CodeIgniter\View\{closure}()
 4 SYSTEMPATH\Common.php(1142): CodeIgniter\View\View->render('home_view', [], true)
 5 APPPATH\Views\layout\content_view.php(3): view('home_view')
 6 SYSTEMPATH\View\View.php(213): include('APPPATH\\Views\\layout\\content_view.php')
 7 SYSTEMPATH\View\View.php(216): CodeIgniter\View\View->CodeIgniter\View\{closure}()
 8 SYSTEMPATH\Common.php(1142): CodeIgniter\View\View->render('layout/content_view', [], true)
 9 APPPATH\Views\layout\wrapper_view.php(5): view('layout/content_view')
10 SYSTEMPATH\View\View.php(213): include('APPPATH\\Views\\layout\\wrapper_view.php')
11 SYSTEMPATH\View\View.php(216): CodeIgniter\View\View->CodeIgniter\View\{closure}()
12 SYSTEMPATH\Common.php(1142): CodeIgniter\View\View->render('layout/wrapper_view', [], true)
13 APPPATH\Controllers\Home.php(20): view('layout/wrapper_view', [...])
14 SYSTEMPATH\CodeIgniter.php(907): App\Controllers\Home->index()
15 SYSTEMPATH\CodeIgniter.php(457): CodeIgniter\CodeIgniter->runController(Object(App\Controllers\Home))
16 SYSTEMPATH\CodeIgniter.php(340): CodeIgniter\CodeIgniter->handleRequest(null, Object(Config\Cache), false)
17 FCPATH\index.php(67): CodeIgniter\CodeIgniter->run()
ERROR - 2022-11-09 04:35:10 --> mysqli_sql_exception: Unknown column 'dat_penduduk.id_penduduk' in 'on clause' in C:\xampp\htdocs\ci4\system\Database\MySQLi\Connection.php:292
Stack trace:
#0 C:\xampp\htdocs\ci4\system\Database\MySQLi\Connection.php(292): mysqli->query('SELECT *\nFROM `...', 0)
#1 C:\xampp\htdocs\ci4\system\Database\BaseConnection.php(693): CodeIgniter\Database\MySQLi\Connection->execute('SELECT *\nFROM `...')
#2 C:\xampp\htdocs\ci4\system\Database\BaseConnection.php(620): CodeIgniter\Database\BaseConnection->simpleQuery('SELECT *\nFROM `...')
#3 C:\xampp\htdocs\ci4\system\Database\BaseBuilder.php(1585): CodeIgniter\Database\BaseConnection->query('SELECT *\nFROM `...', Array, false)
#4 C:\xampp\htdocs\ci4\app\Models\Model_kelahiran.php(15): CodeIgniter\Database\BaseBuilder->get()
#5 C:\xampp\htdocs\ci4\app\Controllers\Kelahiran.php(19): App\Models\Model_kelahiran->alldata()
#6 C:\xampp\htdocs\ci4\system\CodeIgniter.php(907): App\Controllers\Kelahiran->index()
#7 C:\xampp\htdocs\ci4\system\CodeIgniter.php(457): CodeIgniter\CodeIgniter->runController(Object(App\Controllers\Kelahiran))
#8 C:\xampp\htdocs\ci4\system\CodeIgniter.php(340): CodeIgniter\CodeIgniter->handleRequest(NULL, Object(Config\Cache), false)
#9 C:\xampp\htdocs\ci4\public\index.php(67): CodeIgniter\CodeIgniter->run()
#10 {main}
CRITICAL - 2022-11-09 04:35:10 --> Unknown column 'dat_penduduk.id_penduduk' in 'on clause'
in SYSTEMPATH\Database\MySQLi\Connection.php on line 292.
 1 SYSTEMPATH\Database\MySQLi\Connection.php(292): mysqli->query('SELECT *
FROM `data_kelahiran`
LEFT JOIN `data_penduduk` ON `dat_penduduk`.`id_penduduk` = `data_kelahiran`.`id_penduduk`
ORDER BY `id_lahir` DESC', 0)
 2 SYSTEMPATH\Database\BaseConnection.php(693): CodeIgniter\Database\MySQLi\Connection->execute('SELECT *
FROM `data_kelahiran`
LEFT JOIN `data_penduduk` ON `dat_penduduk`.`id_penduduk` = `data_kelahiran`.`id_penduduk`
ORDER BY `id_lahir` DESC')
 3 SYSTEMPATH\Database\BaseConnection.php(620): CodeIgniter\Database\BaseConnection->simpleQuery('SELECT *
FROM `data_kelahiran`
LEFT JOIN `data_penduduk` ON `dat_penduduk`.`id_penduduk` = `data_kelahiran`.`id_penduduk`
ORDER BY `id_lahir` DESC')
 4 SYSTEMPATH\Database\BaseBuilder.php(1585): CodeIgniter\Database\BaseConnection->query('SELECT *
FROM `data_kelahiran`
LEFT JOIN `data_penduduk` ON `dat_penduduk`.`id_penduduk` = `data_kelahiran`.`id_penduduk`
ORDER BY `id_lahir` DESC', [], false)
 5 APPPATH\Models\Model_kelahiran.php(15): CodeIgniter\Database\BaseBuilder->get()
 6 APPPATH\Controllers\Kelahiran.php(19): App\Models\Model_kelahiran->alldata()
 7 SYSTEMPATH\CodeIgniter.php(907): App\Controllers\Kelahiran->index()
 8 SYSTEMPATH\CodeIgniter.php(457): CodeIgniter\CodeIgniter->runController(Object(App\Controllers\Kelahiran))
 9 SYSTEMPATH\CodeIgniter.php(340): CodeIgniter\CodeIgniter->handleRequest(null, Object(Config\Cache), false)
10 FCPATH\index.php(67): CodeIgniter\CodeIgniter->run()
ERROR - 2022-11-09 04:35:23 --> mysqli_sql_exception: Unknown column 'data_kelahiran.id_penduduk' in 'on clause' in C:\xampp\htdocs\ci4\system\Database\MySQLi\Connection.php:292
Stack trace:
#0 C:\xampp\htdocs\ci4\system\Database\MySQLi\Connection.php(292): mysqli->query('SELECT *\nFROM `...', 0)
#1 C:\xampp\htdocs\ci4\system\Database\BaseConnection.php(693): CodeIgniter\Database\MySQLi\Connection->execute('SELECT *\nFROM `...')
#2 C:\xampp\htdocs\ci4\system\Database\BaseConnection.php(620): CodeIgniter\Database\BaseConnection->simpleQuery('SELECT *\nFROM `...')
#3 C:\xampp\htdocs\ci4\system\Database\BaseBuilder.php(1585): CodeIgniter\Database\BaseConnection->query('SELECT *\nFROM `...', Array, false)
#4 C:\xampp\htdocs\ci4\app\Models\Model_kelahiran.php(15): CodeIgniter\Database\BaseBuilder->get()
#5 C:\xampp\htdocs\ci4\app\Controllers\Kelahiran.php(19): App\Models\Model_kelahiran->alldata()
#6 C:\xampp\htdocs\ci4\system\CodeIgniter.php(907): App\Controllers\Kelahiran->index()
#7 C:\xampp\htdocs\ci4\system\CodeIgniter.php(457): CodeIgniter\CodeIgniter->runController(Object(App\Controllers\Kelahiran))
#8 C:\xampp\htdocs\ci4\system\CodeIgniter.php(340): CodeIgniter\CodeIgniter->handleRequest(NULL, Object(Config\Cache), false)
#9 C:\xampp\htdocs\ci4\public\index.php(67): CodeIgniter\CodeIgniter->run()
#10 {main}
CRITICAL - 2022-11-09 04:35:23 --> Unknown column 'data_kelahiran.id_penduduk' in 'on clause'
in SYSTEMPATH\Database\MySQLi\Connection.php on line 292.
 1 SYSTEMPATH\Database\MySQLi\Connection.php(292): mysqli->query('SELECT *
FROM `data_kelahiran`
LEFT JOIN `data_penduduk` ON `data_penduduk`.`id_penduduk` = `data_kelahiran`.`id_penduduk`
ORDER BY `id_lahir` DESC', 0)
 2 SYSTEMPATH\Database\BaseConnection.php(693): CodeIgniter\Database\MySQLi\Connection->execute('SELECT *
FROM `data_kelahiran`
LEFT JOIN `data_penduduk` ON `data_penduduk`.`id_penduduk` = `data_kelahiran`.`id_penduduk`
ORDER BY `id_lahir` DESC')
 3 SYSTEMPATH\Database\BaseConnection.php(620): CodeIgniter\Database\BaseConnection->simpleQuery('SELECT *
FROM `data_kelahiran`
LEFT JOIN `data_penduduk` ON `data_penduduk`.`id_penduduk` = `data_kelahiran`.`id_penduduk`
ORDER BY `id_lahir` DESC')
 4 SYSTEMPATH\Database\BaseBuilder.php(1585): CodeIgniter\Database\BaseConnection->query('SELECT *
FROM `data_kelahiran`
LEFT JOIN `data_penduduk` ON `data_penduduk`.`id_penduduk` = `data_kelahiran`.`id_penduduk`
ORDER BY `id_lahir` DESC', [], false)
 5 APPPATH\Models\Model_kelahiran.php(15): CodeIgniter\Database\BaseBuilder->get()
 6 APPPATH\Controllers\Kelahiran.php(19): App\Models\Model_kelahiran->alldata()
 7 SYSTEMPATH\CodeIgniter.php(907): App\Controllers\Kelahiran->index()
 8 SYSTEMPATH\CodeIgniter.php(457): CodeIgniter\CodeIgniter->runController(Object(App\Controllers\Kelahiran))
 9 SYSTEMPATH\CodeIgniter.php(340): CodeIgniter\CodeIgniter->handleRequest(null, Object(Config\Cache), false)
10 FCPATH\index.php(67): CodeIgniter\CodeIgniter->run()
CRITICAL - 2022-11-09 04:41:38 --> Undefined property: App\Controllers\Kelahiran::$Model_penduduk
in APPPATH\Controllers\Kelahiran.php on line 22.
 1 APPPATH\Controllers\Kelahiran.php(22): CodeIgniter\Debug\Exceptions->errorHandler(8, 'Undefined property: App\\Controllers\\Kelahiran::$Model_penduduk', 'APPPATH\\Controllers\\Kelahiran.php', 22, [])
 2 SYSTEMPATH\CodeIgniter.php(907): App\Controllers\Kelahiran->index()
 3 SYSTEMPATH\CodeIgniter.php(457): CodeIgniter\CodeIgniter->runController(Object(App\Controllers\Kelahiran))
 4 SYSTEMPATH\CodeIgniter.php(340): CodeIgniter\CodeIgniter->handleRequest(null, Object(Config\Cache), false)
 5 FCPATH\index.php(67): CodeIgniter\CodeIgniter->run()
CRITICAL - 2022-11-09 04:48:35 --> Undefined variable: data_penduduk
in APPPATH\Views\pages\kelahiran\kelahiran_add.php on line 84.
 1 APPPATH\Views\pages\kelahiran\kelahiran_add.php(84): CodeIgniter\Debug\Exceptions->errorHandler(8, 'Undefined variable: data_penduduk', 'APPPATH\\Views\\pages\\kelahiran\\kelahiran_add.php', 84, [...])
 2 SYSTEMPATH\View\View.php(213): include('APPPATH\\Views\\pages\\kelahiran\\kelahiran_add.php')
 3 SYSTEMPATH\View\View.php(216): CodeIgniter\View\View->CodeIgniter\View\{closure}()
 4 SYSTEMPATH\Common.php(1142): CodeIgniter\View\View->render('pages/kelahiran/kelahiran_add', [], true)
 5 APPPATH\Views\layout\content_view.php(3): view('pages/kelahiran/kelahiran_add')
 6 SYSTEMPATH\View\View.php(213): include('APPPATH\\Views\\layout\\content_view.php')
 7 SYSTEMPATH\View\View.php(216): CodeIgniter\View\View->CodeIgniter\View\{closure}()
 8 SYSTEMPATH\Common.php(1142): CodeIgniter\View\View->render('layout/content_view', [], true)
 9 APPPATH\Views\layout\wrapper_view.php(5): view('layout/content_view')
10 SYSTEMPATH\View\View.php(213): include('APPPATH\\Views\\layout\\wrapper_view.php')
11 SYSTEMPATH\View\View.php(216): CodeIgniter\View\View->CodeIgniter\View\{closure}()
12 SYSTEMPATH\Common.php(1142): CodeIgniter\View\View->render('layout/wrapper_view', [], true)
13 APPPATH\Controllers\Kelahiran.php(37): view('layout/wrapper_view', [...])
14 SYSTEMPATH\CodeIgniter.php(907): App\Controllers\Kelahiran->add()
15 SYSTEMPATH\CodeIgniter.php(457): CodeIgniter\CodeIgniter->runController(Object(App\Controllers\Kelahiran))
16 SYSTEMPATH\CodeIgniter.php(340): CodeIgniter\CodeIgniter->handleRequest(null, Object(Config\Cache), false)
17 FCPATH\index.php(67): CodeIgniter\CodeIgniter->run()
CRITICAL - 2022-11-09 04:50:02 --> syntax error, unexpected end of file
in APPPATH\Views\pages\kelahiran\kelahiran_add.php on line 109.
 1 SYSTEMPATH\View\View.php(216): CodeIgniter\View\View->CodeIgniter\View\{closure}()
 2 SYSTEMPATH\Common.php(1142): CodeIgniter\View\View->render('pages/kelahiran/kelahiran_add', [], true)
 3 APPPATH\Views\layout\content_view.php(3): view('pages/kelahiran/kelahiran_add')
 4 SYSTEMPATH\View\View.php(213): include('APPPATH\\Views\\layout\\content_view.php')
 5 SYSTEMPATH\View\View.php(216): CodeIgniter\View\View->CodeIgniter\View\{closure}()
 6 SYSTEMPATH\Common.php(1142): CodeIgniter\View\View->render('layout/content_view', [], true)
 7 APPPATH\Views\layout\wrapper_view.php(5): view('layout/content_view')
 8 SYSTEMPATH\View\View.php(213): include('APPPATH\\Views\\layout\\wrapper_view.php')
 9 SYSTEMPATH\View\View.php(216): CodeIgniter\View\View->CodeIgniter\View\{closure}()
10 SYSTEMPATH\Common.php(1142): CodeIgniter\View\View->render('layout/wrapper_view', [], true)
11 APPPATH\Controllers\Kelahiran.php(37): view('layout/wrapper_view', [...])
12 SYSTEMPATH\CodeIgniter.php(907): App\Controllers\Kelahiran->add()
13 SYSTEMPATH\CodeIgniter.php(457): CodeIgniter\CodeIgniter->runController(Object(App\Controllers\Kelahiran))
14 SYSTEMPATH\CodeIgniter.php(340): CodeIgniter\CodeIgniter->handleRequest(null, Object(Config\Cache), false)
15 FCPATH\index.php(67): CodeIgniter\CodeIgniter->run()
CRITICAL - 2022-11-09 04:50:37 --> Undefined variable: data_penduduk
in APPPATH\Views\pages\kelahiran\kelahiran_add.php on line 84.
 1 APPPATH\Views\pages\kelahiran\kelahiran_add.php(84): CodeIgniter\Debug\Exceptions->errorHandler(8, 'Undefined variable: data_penduduk', 'APPPATH\\Views\\pages\\kelahiran\\kelahiran_add.php', 84, [...])
 2 SYSTEMPATH\View\View.php(213): include('APPPATH\\Views\\pages\\kelahiran\\kelahiran_add.php')
 3 SYSTEMPATH\View\View.php(216): CodeIgniter\View\View->CodeIgniter\View\{closure}()
 4 SYSTEMPATH\Common.php(1142): CodeIgniter\View\View->render('pages/kelahiran/kelahiran_add', [], true)
 5 APPPATH\Views\layout\content_view.php(3): view('pages/kelahiran/kelahiran_add')
 6 SYSTEMPATH\View\View.php(213): include('APPPATH\\Views\\layout\\content_view.php')
 7 SYSTEMPATH\View\View.php(216): CodeIgniter\View\View->CodeIgniter\View\{closure}()
 8 SYSTEMPATH\Common.php(1142): CodeIgniter\View\View->render('layout/content_view', [], true)
 9 APPPATH\Views\layout\wrapper_view.php(5): view('layout/content_view')
10 SYSTEMPATH\View\View.php(213): include('APPPATH\\Views\\layout\\wrapper_view.php')
11 SYSTEMPATH\View\View.php(216): CodeIgniter\View\View->CodeIgniter\View\{closure}()
12 SYSTEMPATH\Common.php(1142): CodeIgniter\View\View->render('layout/wrapper_view', [], true)
13 APPPATH\Controllers\Kelahiran.php(37): view('layout/wrapper_view', [...])
14 SYSTEMPATH\CodeIgniter.php(907): App\Controllers\Kelahiran->add()
15 SYSTEMPATH\CodeIgniter.php(457): CodeIgniter\CodeIgniter->runController(Object(App\Controllers\Kelahiran))
16 SYSTEMPATH\CodeIgniter.php(340): CodeIgniter\CodeIgniter->handleRequest(null, Object(Config\Cache), false)
17 FCPATH\index.php(67): CodeIgniter\CodeIgniter->run()
CRITICAL - 2022-11-09 04:52:30 --> Undefined variable: data_penduduk
in APPPATH\Views\pages\kelahiran\kelahiran_add.php on line 84.
 1 APPPATH\Views\pages\kelahiran\kelahiran_add.php(84): CodeIgniter\Debug\Exceptions->errorHandler(8, 'Undefined variable: data_penduduk', 'APPPATH\\Views\\pages\\kelahiran\\kelahiran_add.php', 84, [...])
 2 SYSTEMPATH\View\View.php(213): include('APPPATH\\Views\\pages\\kelahiran\\kelahiran_add.php')
 3 SYSTEMPATH\View\View.php(216): CodeIgniter\View\View->CodeIgniter\View\{closure}()
 4 SYSTEMPATH\Common.php(1142): CodeIgniter\View\View->render('pages/kelahiran/kelahiran_add', [], true)
 5 APPPATH\Views\layout\content_view.php(3): view('pages/kelahiran/kelahiran_add')
 6 SYSTEMPATH\View\View.php(213): include('APPPATH\\Views\\layout\\content_view.php')
 7 SYSTEMPATH\View\View.php(216): CodeIgniter\View\View->CodeIgniter\View\{closure}()
 8 SYSTEMPATH\Common.php(1142): CodeIgniter\View\View->render('layout/content_view', [], true)
 9 APPPATH\Views\layout\wrapper_view.php(5): view('layout/content_view')
10 SYSTEMPATH\View\View.php(213): include('APPPATH\\Views\\layout\\wrapper_view.php')
11 SYSTEMPATH\View\View.php(216): CodeIgniter\View\View->CodeIgniter\View\{closure}()
12 SYSTEMPATH\Common.php(1142): CodeIgniter\View\View->render('layout/wrapper_view', [], true)
13 APPPATH\Controllers\Kelahiran.php(37): view('layout/wrapper_view', [...])
14 SYSTEMPATH\CodeIgniter.php(907): App\Controllers\Kelahiran->add()
15 SYSTEMPATH\CodeIgniter.php(457): CodeIgniter\CodeIgniter->runController(Object(App\Controllers\Kelahiran))
16 SYSTEMPATH\CodeIgniter.php(340): CodeIgniter\CodeIgniter->handleRequest(null, Object(Config\Cache), false)
17 FCPATH\index.php(67): CodeIgniter\CodeIgniter->run()
CRITICAL - 2022-11-09 04:52:30 --> Undefined variable: data_penduduk
in APPPATH\Views\pages\kelahiran\kelahiran_add.php on line 84.
 1 APPPATH\Views\pages\kelahiran\kelahiran_add.php(84): CodeIgniter\Debug\Exceptions->errorHandler(8, 'Undefined variable: data_penduduk', 'APPPATH\\Views\\pages\\kelahiran\\kelahiran_add.php', 84, [...])
 2 SYSTEMPATH\View\View.php(213): include('APPPATH\\Views\\pages\\kelahiran\\kelahiran_add.php')
 3 SYSTEMPATH\View\View.php(216): CodeIgniter\View\View->CodeIgniter\View\{closure}()
 4 SYSTEMPATH\Common.php(1142): CodeIgniter\View\View->render('pages/kelahiran/kelahiran_add', [], true)
 5 APPPATH\Views\layout\content_view.php(3): view('pages/kelahiran/kelahiran_add')
 6 SYSTEMPATH\View\View.php(213): include('APPPATH\\Views\\layout\\content_view.php')
 7 SYSTEMPATH\View\View.php(216): CodeIgniter\View\View->CodeIgniter\View\{closure}()
 8 SYSTEMPATH\Common.php(1142): CodeIgniter\View\View->render('layout/content_view', [], true)
 9 APPPATH\Views\layout\wrapper_view.php(5): view('layout/content_view')
10 SYSTEMPATH\View\View.php(213): include('APPPATH\\Views\\layout\\wrapper_view.php')
11 SYSTEMPATH\View\View.php(216): CodeIgniter\View\View->CodeIgniter\View\{closure}()
12 SYSTEMPATH\Common.php(1142): CodeIgniter\View\View->render('layout/wrapper_view', [], true)
13 APPPATH\Controllers\Kelahiran.php(37): view('layout/wrapper_view', [...])
14 SYSTEMPATH\CodeIgniter.php(907): App\Controllers\Kelahiran->add()
15 SYSTEMPATH\CodeIgniter.php(457): CodeIgniter\CodeIgniter->runController(Object(App\Controllers\Kelahiran))
16 SYSTEMPATH\CodeIgniter.php(340): CodeIgniter\CodeIgniter->handleRequest(null, Object(Config\Cache), false)
17 FCPATH\index.php(67): CodeIgniter\CodeIgniter->run()
CRITICAL - 2022-11-09 04:52:32 --> Undefined variable: data_penduduk
in APPPATH\Views\pages\kelahiran\kelahiran_add.php on line 84.
 1 APPPATH\Views\pages\kelahiran\kelahiran_add.php(84): CodeIgniter\Debug\Exceptions->errorHandler(8, 'Undefined variable: data_penduduk', 'APPPATH\\Views\\pages\\kelahiran\\kelahiran_add.php', 84, [...])
 2 SYSTEMPATH\View\View.php(213): include('APPPATH\\Views\\pages\\kelahiran\\kelahiran_add.php')
 3 SYSTEMPATH\View\View.php(216): CodeIgniter\View\View->CodeIgniter\View\{closure}()
 4 SYSTEMPATH\Common.php(1142): CodeIgniter\View\View->render('pages/kelahiran/kelahiran_add', [], true)
 5 APPPATH\Views\layout\content_view.php(3): view('pages/kelahiran/kelahiran_add')
 6 SYSTEMPATH\View\View.php(213): include('APPPATH\\Views\\layout\\content_view.php')
 7 SYSTEMPATH\View\View.php(216): CodeIgniter\View\View->CodeIgniter\View\{closure}()
 8 SYSTEMPATH\Common.php(1142): CodeIgniter\View\View->render('layout/content_view', [], true)
 9 APPPATH\Views\layout\wrapper_view.php(5): view('layout/content_view')
10 SYSTEMPATH\View\View.php(213): include('APPPATH\\Views\\layout\\wrapper_view.php')
11 SYSTEMPATH\View\View.php(216): CodeIgniter\View\View->CodeIgniter\View\{closure}()
12 SYSTEMPATH\Common.php(1142): CodeIgniter\View\View->render('layout/wrapper_view', [], true)
13 APPPATH\Controllers\Kelahiran.php(37): view('layout/wrapper_view', [...])
14 SYSTEMPATH\CodeIgniter.php(907): App\Controllers\Kelahiran->add()
15 SYSTEMPATH\CodeIgniter.php(457): CodeIgniter\CodeIgniter->runController(Object(App\Controllers\Kelahiran))
16 SYSTEMPATH\CodeIgniter.php(340): CodeIgniter\CodeIgniter->handleRequest(null, Object(Config\Cache), false)
17 FCPATH\index.php(67): CodeIgniter\CodeIgniter->run()
CRITICAL - 2022-11-09 04:53:25 --> Undefined variable: data_penduduk
in APPPATH\Views\pages\kelahiran\kelahiran_add.php on line 84.
 1 APPPATH\Views\pages\kelahiran\kelahiran_add.php(84): CodeIgniter\Debug\Exceptions->errorHandler(8, 'Undefined variable: data_penduduk', 'APPPATH\\Views\\pages\\kelahiran\\kelahiran_add.php', 84, [...])
 2 SYSTEMPATH\View\View.php(213): include('APPPATH\\Views\\pages\\kelahiran\\kelahiran_add.php')
 3 SYSTEMPATH\View\View.php(216): CodeIgniter\View\View->CodeIgniter\View\{closure}()
 4 SYSTEMPATH\Common.php(1142): CodeIgniter\View\View->render('pages/kelahiran/kelahiran_add', [], true)
 5 APPPATH\Views\layout\content_view.php(3): view('pages/kelahiran/kelahiran_add')
 6 SYSTEMPATH\View\View.php(213): include('APPPATH\\Views\\layout\\content_view.php')
 7 SYSTEMPATH\View\View.php(216): CodeIgniter\View\View->CodeIgniter\View\{closure}()
 8 SYSTEMPATH\Common.php(1142): CodeIgniter\View\View->render('layout/content_view', [], true)
 9 APPPATH\Views\layout\wrapper_view.php(5): view('layout/content_view')
10 SYSTEMPATH\View\View.php(213): include('APPPATH\\Views\\layout\\wrapper_view.php')
11 SYSTEMPATH\View\View.php(216): CodeIgniter\View\View->CodeIgniter\View\{closure}()
12 SYSTEMPATH\Common.php(1142): CodeIgniter\View\View->render('layout/wrapper_view', [], true)
13 APPPATH\Controllers\Kelahiran.php(37): view('layout/wrapper_view', [...])
14 SYSTEMPATH\CodeIgniter.php(907): App\Controllers\Kelahiran->add()
15 SYSTEMPATH\CodeIgniter.php(457): CodeIgniter\CodeIgniter->runController(Object(App\Controllers\Kelahiran))
16 SYSTEMPATH\CodeIgniter.php(340): CodeIgniter\CodeIgniter->handleRequest(null, Object(Config\Cache), false)
17 FCPATH\index.php(67): CodeIgniter\CodeIgniter->run()
CRITICAL - 2022-11-09 04:54:57 --> Undefined variable: data_penduduk
in APPPATH\Views\pages\kelahiran\kelahiran_add.php on line 84.
 1 APPPATH\Views\pages\kelahiran\kelahiran_add.php(84): CodeIgniter\Debug\Exceptions->errorHandler(8, 'Undefined variable: data_penduduk', 'APPPATH\\Views\\pages\\kelahiran\\kelahiran_add.php', 84, [...])
 2 SYSTEMPATH\View\View.php(213): include('APPPATH\\Views\\pages\\kelahiran\\kelahiran_add.php')
 3 SYSTEMPATH\View\View.php(216): CodeIgniter\View\View->CodeIgniter\View\{closure}()
 4 SYSTEMPATH\Common.php(1142): CodeIgniter\View\View->render('pages/kelahiran/kelahiran_add', [], true)
 5 APPPATH\Views\layout\content_view.php(3): view('pages/kelahiran/kelahiran_add')
 6 SYSTEMPATH\View\View.php(213): include('APPPATH\\Views\\layout\\content_view.php')
 7 SYSTEMPATH\View\View.php(216): CodeIgniter\View\View->CodeIgniter\View\{closure}()
 8 SYSTEMPATH\Common.php(1142): CodeIgniter\View\View->render('layout/content_view', [], true)
 9 APPPATH\Views\layout\wrapper_view.php(5): view('layout/content_view')
10 SYSTEMPATH\View\View.php(213): include('APPPATH\\Views\\layout\\wrapper_view.php')
11 SYSTEMPATH\View\View.php(216): CodeIgniter\View\View->CodeIgniter\View\{closure}()
12 SYSTEMPATH\Common.php(1142): CodeIgniter\View\View->render('layout/wrapper_view', [], true)
13 APPPATH\Controllers\Kelahiran.php(37): view('layout/wrapper_view', [...])
14 SYSTEMPATH\CodeIgniter.php(907): App\Controllers\Kelahiran->add()
15 SYSTEMPATH\CodeIgniter.php(457): CodeIgniter\CodeIgniter->runController(Object(App\Controllers\Kelahiran))
16 SYSTEMPATH\CodeIgniter.php(340): CodeIgniter\CodeIgniter->handleRequest(null, Object(Config\Cache), false)
17 FCPATH\index.php(67): CodeIgniter\CodeIgniter->run()
CRITICAL - 2022-11-09 04:55:47 --> Undefined variable: data_penduduk
in APPPATH\Views\pages\kelahiran\kelahiran_add.php on line 84.
 1 APPPATH\Views\pages\kelahiran\kelahiran_add.php(84): CodeIgniter\Debug\Exceptions->errorHandler(8, 'Undefined variable: data_penduduk', 'APPPATH\\Views\\pages\\kelahiran\\kelahiran_add.php', 84, [...])
 2 SYSTEMPATH\View\View.php(213): include('APPPATH\\Views\\pages\\kelahiran\\kelahiran_add.php')
 3 SYSTEMPATH\View\View.php(216): CodeIgniter\View\View->CodeIgniter\View\{closure}()
 4 SYSTEMPATH\Common.php(1142): CodeIgniter\View\View->render('pages/kelahiran/kelahiran_add', [], true)
 5 APPPATH\Views\layout\content_view.php(3): view('pages/kelahiran/kelahiran_add')
 6 SYSTEMPATH\View\View.php(213): include('APPPATH\\Views\\layout\\content_view.php')
 7 SYSTEMPATH\View\View.php(216): CodeIgniter\View\View->CodeIgniter\View\{closure}()
 8 SYSTEMPATH\Common.php(1142): CodeIgniter\View\View->render('layout/content_view', [], true)
 9 APPPATH\Views\layout\wrapper_view.php(5): view('layout/content_view')
10 SYSTEMPATH\View\View.php(213): include('APPPATH\\Views\\layout\\wrapper_view.php')
11 SYSTEMPATH\View\View.php(216): CodeIgniter\View\View->CodeIgniter\View\{closure}()
12 SYSTEMPATH\Common.php(1142): CodeIgniter\View\View->render('layout/wrapper_view', [], true)
13 APPPATH\Controllers\Kelahiran.php(37): view('layout/wrapper_view', [...])
14 SYSTEMPATH\CodeIgniter.php(907): App\Controllers\Kelahiran->add()
15 SYSTEMPATH\CodeIgniter.php(457): CodeIgniter\CodeIgniter->runController(Object(App\Controllers\Kelahiran))
16 SYSTEMPATH\CodeIgniter.php(340): CodeIgniter\CodeIgniter->handleRequest(null, Object(Config\Cache), false)
17 FCPATH\index.php(67): CodeIgniter\CodeIgniter->run()
CRITICAL - 2022-11-09 04:59:14 --> Undefined variable: data_penduduk
in APPPATH\Views\pages\kelahiran\kelahiran_add.php on line 84.
 1 APPPATH\Views\pages\kelahiran\kelahiran_add.php(84): CodeIgniter\Debug\Exceptions->errorHandler(8, 'Undefined variable: data_penduduk', 'APPPATH\\Views\\pages\\kelahiran\\kelahiran_add.php', 84, [...])
 2 SYSTEMPATH\View\View.php(213): include('APPPATH\\Views\\pages\\kelahiran\\kelahiran_add.php')
 3 SYSTEMPATH\View\View.php(216): CodeIgniter\View\View->CodeIgniter\View\{closure}()
 4 SYSTEMPATH\Common.php(1142): CodeIgniter\View\View->render('pages/kelahiran/kelahiran_add', [], true)
 5 APPPATH\Views\layout\content_view.php(3): view('pages/kelahiran/kelahiran_add')
 6 SYSTEMPATH\View\View.php(213): include('APPPATH\\Views\\layout\\content_view.php')
 7 SYSTEMPATH\View\View.php(216): CodeIgniter\View\View->CodeIgniter\View\{closure}()
 8 SYSTEMPATH\Common.php(1142): CodeIgniter\View\View->render('layout/content_view', [], true)
 9 APPPATH\Views\layout\wrapper_view.php(5): view('layout/content_view')
10 SYSTEMPATH\View\View.php(213): include('APPPATH\\Views\\layout\\wrapper_view.php')
11 SYSTEMPATH\View\View.php(216): CodeIgniter\View\View->CodeIgniter\View\{closure}()
12 SYSTEMPATH\Common.php(1142): CodeIgniter\View\View->render('layout/wrapper_view', [], true)
13 APPPATH\Controllers\Kelahiran.php(38): view('layout/wrapper_view', [...])
14 SYSTEMPATH\CodeIgniter.php(907): App\Controllers\Kelahiran->add()
15 SYSTEMPATH\CodeIgniter.php(457): CodeIgniter\CodeIgniter->runController(Object(App\Controllers\Kelahiran))
16 SYSTEMPATH\CodeIgniter.php(340): CodeIgniter\CodeIgniter->handleRequest(null, Object(Config\Cache), false)
17 FCPATH\index.php(67): CodeIgniter\CodeIgniter->run()
CRITICAL - 2022-11-09 05:00:40 --> Undefined variable: data_penduduk
in APPPATH\Views\pages\kelahiran\kelahiran_add.php on line 84.
 1 APPPATH\Views\pages\kelahiran\kelahiran_add.php(84): CodeIgniter\Debug\Exceptions->errorHandler(8, 'Undefined variable: data_penduduk', 'APPPATH\\Views\\pages\\kelahiran\\kelahiran_add.php', 84, [...])
 2 SYSTEMPATH\View\View.php(213): include('APPPATH\\Views\\pages\\kelahiran\\kelahiran_add.php')
 3 SYSTEMPATH\View\View.php(216): CodeIgniter\View\View->CodeIgniter\View\{closure}()
 4 SYSTEMPATH\Common.php(1142): CodeIgniter\View\View->render('pages/kelahiran/kelahiran_add', [], true)
 5 APPPATH\Views\layout\content_view.php(3): view('pages/kelahiran/kelahiran_add')
 6 SYSTEMPATH\View\View.php(213): include('APPPATH\\Views\\layout\\content_view.php')
 7 SYSTEMPATH\View\View.php(216): CodeIgniter\View\View->CodeIgniter\View\{closure}()
 8 SYSTEMPATH\Common.php(1142): CodeIgniter\View\View->render('layout/content_view', [], true)
 9 APPPATH\Views\layout\wrapper_view.php(5): view('layout/content_view')
10 SYSTEMPATH\View\View.php(213): include('APPPATH\\Views\\layout\\wrapper_view.php')
11 SYSTEMPATH\View\View.php(216): CodeIgniter\View\View->CodeIgniter\View\{closure}()
12 SYSTEMPATH\Common.php(1142): CodeIgniter\View\View->render('layout/wrapper_view', [], true)
13 APPPATH\Controllers\Kelahiran.php(38): view('layout/wrapper_view', [...])
14 SYSTEMPATH\CodeIgniter.php(907): App\Controllers\Kelahiran->add()
15 SYSTEMPATH\CodeIgniter.php(457): CodeIgniter\CodeIgniter->runController(Object(App\Controllers\Kelahiran))
16 SYSTEMPATH\CodeIgniter.php(340): CodeIgniter\CodeIgniter->handleRequest(null, Object(Config\Cache), false)
17 FCPATH\index.php(67): CodeIgniter\CodeIgniter->run()
CRITICAL - 2022-11-09 05:01:36 --> Undefined variable: penduduk
in APPPATH\Views\pages\kelahiran\kelahiran_add.php on line 84.
 1 APPPATH\Views\pages\kelahiran\kelahiran_add.php(84): CodeIgniter\Debug\Exceptions->errorHandler(8, 'Undefined variable: penduduk', 'APPPATH\\Views\\pages\\kelahiran\\kelahiran_add.php', 84, [...])
 2 SYSTEMPATH\View\View.php(213): include('APPPATH\\Views\\pages\\kelahiran\\kelahiran_add.php')
 3 SYSTEMPATH\View\View.php(216): CodeIgniter\View\View->CodeIgniter\View\{closure}()
 4 SYSTEMPATH\Common.php(1142): CodeIgniter\View\View->render('pages/kelahiran/kelahiran_add', [], true)
 5 APPPATH\Views\layout\content_view.php(3): view('pages/kelahiran/kelahiran_add')
 6 SYSTEMPATH\View\View.php(213): include('APPPATH\\Views\\layout\\content_view.php')
 7 SYSTEMPATH\View\View.php(216): CodeIgniter\View\View->CodeIgniter\View\{closure}()
 8 SYSTEMPATH\Common.php(1142): CodeIgniter\View\View->render('layout/content_view', [], true)
 9 APPPATH\Views\layout\wrapper_view.php(5): view('layout/content_view')
10 SYSTEMPATH\View\View.php(213): include('APPPATH\\Views\\layout\\wrapper_view.php')
11 SYSTEMPATH\View\View.php(216): CodeIgniter\View\View->CodeIgniter\View\{closure}()
12 SYSTEMPATH\Common.php(1142): CodeIgniter\View\View->render('layout/wrapper_view', [], true)
13 APPPATH\Controllers\Kelahiran.php(38): view('layout/wrapper_view', [...])
14 SYSTEMPATH\CodeIgniter.php(907): App\Controllers\Kelahiran->add()
15 SYSTEMPATH\CodeIgniter.php(457): CodeIgniter\CodeIgniter->runController(Object(App\Controllers\Kelahiran))
16 SYSTEMPATH\CodeIgniter.php(340): CodeIgniter\CodeIgniter->handleRequest(null, Object(Config\Cache), false)
17 FCPATH\index.php(67): CodeIgniter\CodeIgniter->run()
CRITICAL - 2022-11-09 05:05:27 --> Undefined variable: data_penduduk
in APPPATH\Views\pages\kelahiran\kelahiran_add.php on line 84.
 1 APPPATH\Views\pages\kelahiran\kelahiran_add.php(84): CodeIgniter\Debug\Exceptions->errorHandler(8, 'Undefined variable: data_penduduk', 'APPPATH\\Views\\pages\\kelahiran\\kelahiran_add.php', 84, [...])
 2 SYSTEMPATH\View\View.php(213): include('APPPATH\\Views\\pages\\kelahiran\\kelahiran_add.php')
 3 SYSTEMPATH\View\View.php(216): CodeIgniter\View\View->CodeIgniter\View\{closure}()
 4 SYSTEMPATH\Common.php(1142): CodeIgniter\View\View->render('pages/kelahiran/kelahiran_add', [], true)
 5 APPPATH\Views\layout\content_view.php(3): view('pages/kelahiran/kelahiran_add')
 6 SYSTEMPATH\View\View.php(213): include('APPPATH\\Views\\layout\\content_view.php')
 7 SYSTEMPATH\View\View.php(216): CodeIgniter\View\View->CodeIgniter\View\{closure}()
 8 SYSTEMPATH\Common.php(1142): CodeIgniter\View\View->render('layout/content_view', [], true)
 9 APPPATH\Views\layout\wrapper_view.php(5): view('layout/content_view')
10 SYSTEMPATH\View\View.php(213): include('APPPATH\\Views\\layout\\wrapper_view.php')
11 SYSTEMPATH\View\View.php(216): CodeIgniter\View\View->CodeIgniter\View\{closure}()
12 SYSTEMPATH\Common.php(1142): CodeIgniter\View\View->render('layout/wrapper_view', [], true)
13 APPPATH\Controllers\Kelahiran.php(38): view('layout/wrapper_view', [...])
14 SYSTEMPATH\CodeIgniter.php(907): App\Controllers\Kelahiran->add()
15 SYSTEMPATH\CodeIgniter.php(457): CodeIgniter\CodeIgniter->runController(Object(App\Controllers\Kelahiran))
16 SYSTEMPATH\CodeIgniter.php(340): CodeIgniter\CodeIgniter->handleRequest(null, Object(Config\Cache), false)
17 FCPATH\index.php(67): CodeIgniter\CodeIgniter->run()
CRITICAL - 2022-11-09 05:05:30 --> Undefined variable: data_penduduk
in APPPATH\Views\pages\kelahiran\kelahiran_add.php on line 84.
 1 APPPATH\Views\pages\kelahiran\kelahiran_add.php(84): CodeIgniter\Debug\Exceptions->errorHandler(8, 'Undefined variable: data_penduduk', 'APPPATH\\Views\\pages\\kelahiran\\kelahiran_add.php', 84, [...])
 2 SYSTEMPATH\View\View.php(213): include('APPPATH\\Views\\pages\\kelahiran\\kelahiran_add.php')
 3 SYSTEMPATH\View\View.php(216): CodeIgniter\View\View->CodeIgniter\View\{closure}()
 4 SYSTEMPATH\Common.php(1142): CodeIgniter\View\View->render('pages/kelahiran/kelahiran_add', [], true)
 5 APPPATH\Views\layout\content_view.php(3): view('pages/kelahiran/kelahiran_add')
 6 SYSTEMPATH\View\View.php(213): include('APPPATH\\Views\\layout\\content_view.php')
 7 SYSTEMPATH\View\View.php(216): CodeIgniter\View\View->CodeIgniter\View\{closure}()
 8 SYSTEMPATH\Common.php(1142): CodeIgniter\View\View->render('layout/content_view', [], true)
 9 APPPATH\Views\layout\wrapper_view.php(5): view('layout/content_view')
10 SYSTEMPATH\View\View.php(213): include('APPPATH\\Views\\layout\\wrapper_view.php')
11 SYSTEMPATH\View\View.php(216): CodeIgniter\View\View->CodeIgniter\View\{closure}()
12 SYSTEMPATH\Common.php(1142): CodeIgniter\View\View->render('layout/wrapper_view', [], true)
13 APPPATH\Controllers\Kelahiran.php(38): view('layout/wrapper_view', [...])
14 SYSTEMPATH\CodeIgniter.php(907): App\Controllers\Kelahiran->add()
15 SYSTEMPATH\CodeIgniter.php(457): CodeIgniter\CodeIgniter->runController(Object(App\Controllers\Kelahiran))
16 SYSTEMPATH\CodeIgniter.php(340): CodeIgniter\CodeIgniter->handleRequest(null, Object(Config\Cache), false)
17 FCPATH\index.php(67): CodeIgniter\CodeIgniter->run()
CRITICAL - 2022-11-09 05:07:10 --> Undefined variable: data_penduduk
in APPPATH\Views\pages\kelahiran\kelahiran_add.php on line 84.
 1 APPPATH\Views\pages\kelahiran\kelahiran_add.php(84): CodeIgniter\Debug\Exceptions->errorHandler(8, 'Undefined variable: data_penduduk', 'APPPATH\\Views\\pages\\kelahiran\\kelahiran_add.php', 84, [...])
 2 SYSTEMPATH\View\View.php(213): include('APPPATH\\Views\\pages\\kelahiran\\kelahiran_add.php')
 3 SYSTEMPATH\View\View.php(216): CodeIgniter\View\View->CodeIgniter\View\{closure}()
 4 SYSTEMPATH\Common.php(1142): CodeIgniter\View\View->render('pages/kelahiran/kelahiran_add', [], true)
 5 APPPATH\Views\layout\content_view.php(3): view('pages/kelahiran/kelahiran_add')
 6 SYSTEMPATH\View\View.php(213): include('APPPATH\\Views\\layout\\content_view.php')
 7 SYSTEMPATH\View\View.php(216): CodeIgniter\View\View->CodeIgniter\View\{closure}()
 8 SYSTEMPATH\Common.php(1142): CodeIgniter\View\View->render('layout/content_view', [], true)
 9 APPPATH\Views\layout\wrapper_view.php(5): view('layout/content_view')
10 SYSTEMPATH\View\View.php(213): include('APPPATH\\Views\\layout\\wrapper_view.php')
11 SYSTEMPATH\View\View.php(216): CodeIgniter\View\View->CodeIgniter\View\{closure}()
12 SYSTEMPATH\Common.php(1142): CodeIgniter\View\View->render('layout/wrapper_view', [], true)
13 APPPATH\Controllers\Kelahiran.php(38): view('layout/wrapper_view', [...])
14 SYSTEMPATH\CodeIgniter.php(907): App\Controllers\Kelahiran->add()
15 SYSTEMPATH\CodeIgniter.php(457): CodeIgniter\CodeIgniter->runController(Object(App\Controllers\Kelahiran))
16 SYSTEMPATH\CodeIgniter.php(340): CodeIgniter\CodeIgniter->handleRequest(null, Object(Config\Cache), false)
17 FCPATH\index.php(67): CodeIgniter\CodeIgniter->run()
CRITICAL - 2022-11-09 05:17:17 --> Undefined variable: data_penduduk
in APPPATH\Views\pages\kelahiran\kelahiran_add.php on line 84.
 1 APPPATH\Views\pages\kelahiran\kelahiran_add.php(84): CodeIgniter\Debug\Exceptions->errorHandler(8, 'Undefined variable: data_penduduk', 'APPPATH\\Views\\pages\\kelahiran\\kelahiran_add.php', 84, [...])
 2 SYSTEMPATH\View\View.php(213): include('APPPATH\\Views\\pages\\kelahiran\\kelahiran_add.php')
 3 SYSTEMPATH\View\View.php(216): CodeIgniter\View\View->CodeIgniter\View\{closure}()
 4 SYSTEMPATH\Common.php(1142): CodeIgniter\View\View->render('pages/kelahiran/kelahiran_add', [], true)
 5 APPPATH\Views\layout\content_view.php(3): view('pages/kelahiran/kelahiran_add')
 6 SYSTEMPATH\View\View.php(213): include('APPPATH\\Views\\layout\\content_view.php')
 7 SYSTEMPATH\View\View.php(216): CodeIgniter\View\View->CodeIgniter\View\{closure}()
 8 SYSTEMPATH\Common.php(1142): CodeIgniter\View\View->render('layout/content_view', [], true)
 9 APPPATH\Views\layout\wrapper_view.php(5): view('layout/content_view')
10 SYSTEMPATH\View\View.php(213): include('APPPATH\\Views\\layout\\wrapper_view.php')
11 SYSTEMPATH\View\View.php(216): CodeIgniter\View\View->CodeIgniter\View\{closure}()
12 SYSTEMPATH\Common.php(1142): CodeIgniter\View\View->render('layout/wrapper_view', [], true)
13 APPPATH\Controllers\Kelahiran.php(38): view('layout/wrapper_view', [...])
14 SYSTEMPATH\CodeIgniter.php(907): App\Controllers\Kelahiran->add()
15 SYSTEMPATH\CodeIgniter.php(457): CodeIgniter\CodeIgniter->runController(Object(App\Controllers\Kelahiran))
16 SYSTEMPATH\CodeIgniter.php(340): CodeIgniter\CodeIgniter->handleRequest(null, Object(Config\Cache), false)
17 FCPATH\index.php(67): CodeIgniter\CodeIgniter->run()
CRITICAL - 2022-11-09 05:17:51 --> Undefined variable: data_penduduk
in APPPATH\Views\pages\kelahiran\kelahiran_add.php on line 84.
 1 APPPATH\Views\pages\kelahiran\kelahiran_add.php(84): CodeIgniter\Debug\Exceptions->errorHandler(8, 'Undefined variable: data_penduduk', 'APPPATH\\Views\\pages\\kelahiran\\kelahiran_add.php', 84, [...])
 2 SYSTEMPATH\View\View.php(213): include('APPPATH\\Views\\pages\\kelahiran\\kelahiran_add.php')
 3 SYSTEMPATH\View\View.php(216): CodeIgniter\View\View->CodeIgniter\View\{closure}()
 4 SYSTEMPATH\Common.php(1142): CodeIgniter\View\View->render('pages/kelahiran/kelahiran_add', [], true)
 5 APPPATH\Views\layout\content_view.php(3): view('pages/kelahiran/kelahiran_add')
 6 SYSTEMPATH\View\View.php(213): include('APPPATH\\Views\\layout\\content_view.php')
 7 SYSTEMPATH\View\View.php(216): CodeIgniter\View\View->CodeIgniter\View\{closure}()
 8 SYSTEMPATH\Common.php(1142): CodeIgniter\View\View->render('layout/content_view', [], true)
 9 APPPATH\Views\layout\wrapper_view.php(5): view('layout/content_view')
10 SYSTEMPATH\View\View.php(213): include('APPPATH\\Views\\layout\\wrapper_view.php')
11 SYSTEMPATH\View\View.php(216): CodeIgniter\View\View->CodeIgniter\View\{closure}()
12 SYSTEMPATH\Common.php(1142): CodeIgniter\View\View->render('layout/wrapper_view', [], true)
13 APPPATH\Controllers\Kelahiran.php(38): view('layout/wrapper_view', [...])
14 SYSTEMPATH\CodeIgniter.php(907): App\Controllers\Kelahiran->add()
15 SYSTEMPATH\CodeIgniter.php(457): CodeIgniter\CodeIgniter->runController(Object(App\Controllers\Kelahiran))
16 SYSTEMPATH\CodeIgniter.php(340): CodeIgniter\CodeIgniter->handleRequest(null, Object(Config\Cache), false)
17 FCPATH\index.php(67): CodeIgniter\CodeIgniter->run()
CRITICAL - 2022-11-09 05:18:01 --> Undefined index: nama_ayah
in APPPATH\Views\pages\kelahiran\kelahiran_view.php on line 51.
 1 APPPATH\Views\pages\kelahiran\kelahiran_view.php(51): CodeIgniter\Debug\Exceptions->errorHandler(8, 'Undefined index: nama_ayah', 'APPPATH\\Views\\pages\\kelahiran\\kelahiran_view.php', 51, [...])
 2 SYSTEMPATH\View\View.php(213): include('APPPATH\\Views\\pages\\kelahiran\\kelahiran_view.php')
 3 SYSTEMPATH\View\View.php(216): CodeIgniter\View\View->CodeIgniter\View\{closure}()
 4 SYSTEMPATH\Common.php(1142): CodeIgniter\View\View->render('pages/kelahiran/kelahiran_view', [], true)
 5 APPPATH\Views\layout\content_view.php(3): view('pages/kelahiran/kelahiran_view')
 6 SYSTEMPATH\View\View.php(213): include('APPPATH\\Views\\layout\\content_view.php')
 7 SYSTEMPATH\View\View.php(216): CodeIgniter\View\View->CodeIgniter\View\{closure}()
 8 SYSTEMPATH\Common.php(1142): CodeIgniter\View\View->render('layout/content_view', [], true)
 9 APPPATH\Views\layout\wrapper_view.php(5): view('layout/content_view')
10 SYSTEMPATH\View\View.php(213): include('APPPATH\\Views\\layout\\wrapper_view.php')
11 SYSTEMPATH\View\View.php(216): CodeIgniter\View\View->CodeIgniter\View\{closure}()
12 SYSTEMPATH\Common.php(1142): CodeIgniter\View\View->render('layout/wrapper_view', [], true)
13 APPPATH\Controllers\Kelahiran.php(26): view('layout/wrapper_view', [...])
14 SYSTEMPATH\CodeIgniter.php(907): App\Controllers\Kelahiran->index()
15 SYSTEMPATH\CodeIgniter.php(457): CodeIgniter\CodeIgniter->runController(Object(App\Controllers\Kelahiran))
16 SYSTEMPATH\CodeIgniter.php(340): CodeIgniter\CodeIgniter->handleRequest(null, Object(Config\Cache), false)
17 FCPATH\index.php(67): CodeIgniter\CodeIgniter->run()
CRITICAL - 2022-11-09 05:18:13 --> Undefined variable: data_penduduk
in APPPATH\Views\pages\kelahiran\kelahiran_add.php on line 84.
 1 APPPATH\Views\pages\kelahiran\kelahiran_add.php(84): CodeIgniter\Debug\Exceptions->errorHandler(8, 'Undefined variable: data_penduduk', 'APPPATH\\Views\\pages\\kelahiran\\kelahiran_add.php', 84, [...])
 2 SYSTEMPATH\View\View.php(213): include('APPPATH\\Views\\pages\\kelahiran\\kelahiran_add.php')
 3 SYSTEMPATH\View\View.php(216): CodeIgniter\View\View->CodeIgniter\View\{closure}()
 4 SYSTEMPATH\Common.php(1142): CodeIgniter\View\View->render('pages/kelahiran/kelahiran_add', [], true)
 5 APPPATH\Views\layout\content_view.php(3): view('pages/kelahiran/kelahiran_add')
 6 SYSTEMPATH\View\View.php(213): include('APPPATH\\Views\\layout\\content_view.php')
 7 SYSTEMPATH\View\View.php(216): CodeIgniter\View\View->CodeIgniter\View\{closure}()
 8 SYSTEMPATH\Common.php(1142): CodeIgniter\View\View->render('layout/content_view', [], true)
 9 APPPATH\Views\layout\wrapper_view.php(5): view('layout/content_view')
10 SYSTEMPATH\View\View.php(213): include('APPPATH\\Views\\layout\\wrapper_view.php')
11 SYSTEMPATH\View\View.php(216): CodeIgniter\View\View->CodeIgniter\View\{closure}()
12 SYSTEMPATH\Common.php(1142): CodeIgniter\View\View->render('layout/wrapper_view', [], true)
13 APPPATH\Controllers\Kelahiran.php(38): view('layout/wrapper_view', [...])
14 SYSTEMPATH\CodeIgniter.php(907): App\Controllers\Kelahiran->add()
15 SYSTEMPATH\CodeIgniter.php(457): CodeIgniter\CodeIgniter->runController(Object(App\Controllers\Kelahiran))
16 SYSTEMPATH\CodeIgniter.php(340): CodeIgniter\CodeIgniter->handleRequest(null, Object(Config\Cache), false)
17 FCPATH\index.php(67): CodeIgniter\CodeIgniter->run()
CRITICAL - 2022-11-09 05:19:23 --> Undefined variable: data_penduduk
in APPPATH\Views\pages\kelahiran\kelahiran_add.php on line 84.
 1 APPPATH\Views\pages\kelahiran\kelahiran_add.php(84): CodeIgniter\Debug\Exceptions->errorHandler(8, 'Undefined variable: data_penduduk', 'APPPATH\\Views\\pages\\kelahiran\\kelahiran_add.php', 84, [...])
 2 SYSTEMPATH\View\View.php(213): include('APPPATH\\Views\\pages\\kelahiran\\kelahiran_add.php')
 3 SYSTEMPATH\View\View.php(216): CodeIgniter\View\View->CodeIgniter\View\{closure}()
 4 SYSTEMPATH\Common.php(1142): CodeIgniter\View\View->render('pages/kelahiran/kelahiran_add', [], true)
 5 APPPATH\Views\layout\content_view.php(3): view('pages/kelahiran/kelahiran_add')
 6 SYSTEMPATH\View\View.php(213): include('APPPATH\\Views\\layout\\content_view.php')
 7 SYSTEMPATH\View\View.php(216): CodeIgniter\View\View->CodeIgniter\View\{closure}()
 8 SYSTEMPATH\Common.php(1142): CodeIgniter\View\View->render('layout/content_view', [], true)
 9 APPPATH\Views\layout\wrapper_view.php(5): view('layout/content_view')
10 SYSTEMPATH\View\View.php(213): include('APPPATH\\Views\\layout\\wrapper_view.php')
11 SYSTEMPATH\View\View.php(216): CodeIgniter\View\View->CodeIgniter\View\{closure}()
12 SYSTEMPATH\Common.php(1142): CodeIgniter\View\View->render('layout/wrapper_view', [], true)
13 APPPATH\Controllers\Kelahiran.php(38): view('layout/wrapper_view', [...])
14 SYSTEMPATH\CodeIgniter.php(907): App\Controllers\Kelahiran->add()
15 SYSTEMPATH\CodeIgniter.php(457): CodeIgniter\CodeIgniter->runController(Object(App\Controllers\Kelahiran))
16 SYSTEMPATH\CodeIgniter.php(340): CodeIgniter\CodeIgniter->handleRequest(null, Object(Config\Cache), false)
17 FCPATH\index.php(67): CodeIgniter\CodeIgniter->run()
CRITICAL - 2022-11-09 05:22:03 --> Undefined variable: data_penduduk
in APPPATH\Views\pages\kelahiran\kelahiran_add.php on line 84.
 1 APPPATH\Views\pages\kelahiran\kelahiran_add.php(84): CodeIgniter\Debug\Exceptions->errorHandler(8, 'Undefined variable: data_penduduk', 'APPPATH\\Views\\pages\\kelahiran\\kelahiran_add.php', 84, [...])
 2 SYSTEMPATH\View\View.php(213): include('APPPATH\\Views\\pages\\kelahiran\\kelahiran_add.php')
 3 SYSTEMPATH\View\View.php(216): CodeIgniter\View\View->CodeIgniter\View\{closure}()
 4 SYSTEMPATH\Common.php(1142): CodeIgniter\View\View->render('pages/kelahiran/kelahiran_add', [], true)
 5 APPPATH\Views\layout\content_view.php(3): view('pages/kelahiran/kelahiran_add')
 6 SYSTEMPATH\View\View.php(213): include('APPPATH\\Views\\layout\\content_view.php')
 7 SYSTEMPATH\View\View.php(216): CodeIgniter\View\View->CodeIgniter\View\{closure}()
 8 SYSTEMPATH\Common.php(1142): CodeIgniter\View\View->render('layout/content_view', [], true)
 9 APPPATH\Views\layout\wrapper_view.php(5): view('layout/content_view')
10 SYSTEMPATH\View\View.php(213): include('APPPATH\\Views\\layout\\wrapper_view.php')
11 SYSTEMPATH\View\View.php(216): CodeIgniter\View\View->CodeIgniter\View\{closure}()
12 SYSTEMPATH\Common.php(1142): CodeIgniter\View\View->render('layout/wrapper_view', [], true)
13 APPPATH\Controllers\Kelahiran.php(38): view('layout/wrapper_view', [...])
14 SYSTEMPATH\CodeIgniter.php(907): App\Controllers\Kelahiran->add()
15 SYSTEMPATH\CodeIgniter.php(457): CodeIgniter\CodeIgniter->runController(Object(App\Controllers\Kelahiran))
16 SYSTEMPATH\CodeIgniter.php(340): CodeIgniter\CodeIgniter->handleRequest(null, Object(Config\Cache), false)
17 FCPATH\index.php(67): CodeIgniter\CodeIgniter->run()
CRITICAL - 2022-11-09 05:22:04 --> Undefined variable: data_penduduk
in APPPATH\Views\pages\kelahiran\kelahiran_add.php on line 84.
 1 APPPATH\Views\pages\kelahiran\kelahiran_add.php(84): CodeIgniter\Debug\Exceptions->errorHandler(8, 'Undefined variable: data_penduduk', 'APPPATH\\Views\\pages\\kelahiran\\kelahiran_add.php', 84, [...])
 2 SYSTEMPATH\View\View.php(213): include('APPPATH\\Views\\pages\\kelahiran\\kelahiran_add.php')
 3 SYSTEMPATH\View\View.php(216): CodeIgniter\View\View->CodeIgniter\View\{closure}()
 4 SYSTEMPATH\Common.php(1142): CodeIgniter\View\View->render('pages/kelahiran/kelahiran_add', [], true)
 5 APPPATH\Views\layout\content_view.php(3): view('pages/kelahiran/kelahiran_add')
 6 SYSTEMPATH\View\View.php(213): include('APPPATH\\Views\\layout\\content_view.php')
 7 SYSTEMPATH\View\View.php(216): CodeIgniter\View\View->CodeIgniter\View\{closure}()
 8 SYSTEMPATH\Common.php(1142): CodeIgniter\View\View->render('layout/content_view', [], true)
 9 APPPATH\Views\layout\wrapper_view.php(5): view('layout/content_view')
10 SYSTEMPATH\View\View.php(213): include('APPPATH\\Views\\layout\\wrapper_view.php')
11 SYSTEMPATH\View\View.php(216): CodeIgniter\View\View->CodeIgniter\View\{closure}()
12 SYSTEMPATH\Common.php(1142): CodeIgniter\View\View->render('layout/wrapper_view', [], true)
13 APPPATH\Controllers\Kelahiran.php(38): view('layout/wrapper_view', [...])
14 SYSTEMPATH\CodeIgniter.php(907): App\Controllers\Kelahiran->add()
15 SYSTEMPATH\CodeIgniter.php(457): CodeIgniter\CodeIgniter->runController(Object(App\Controllers\Kelahiran))
16 SYSTEMPATH\CodeIgniter.php(340): CodeIgniter\CodeIgniter->handleRequest(null, Object(Config\Cache), false)
17 FCPATH\index.php(67): CodeIgniter\CodeIgniter->run()
CRITICAL - 2022-11-09 05:22:04 --> Undefined variable: data_penduduk
in APPPATH\Views\pages\kelahiran\kelahiran_add.php on line 84.
 1 APPPATH\Views\pages\kelahiran\kelahiran_add.php(84): CodeIgniter\Debug\Exceptions->errorHandler(8, 'Undefined variable: data_penduduk', 'APPPATH\\Views\\pages\\kelahiran\\kelahiran_add.php', 84, [...])
 2 SYSTEMPATH\View\View.php(213): include('APPPATH\\Views\\pages\\kelahiran\\kelahiran_add.php')
 3 SYSTEMPATH\View\View.php(216): CodeIgniter\View\View->CodeIgniter\View\{closure}()
 4 SYSTEMPATH\Common.php(1142): CodeIgniter\View\View->render('pages/kelahiran/kelahiran_add', [], true)
 5 APPPATH\Views\layout\content_view.php(3): view('pages/kelahiran/kelahiran_add')
 6 SYSTEMPATH\View\View.php(213): include('APPPATH\\Views\\layout\\content_view.php')
 7 SYSTEMPATH\View\View.php(216): CodeIgniter\View\View->CodeIgniter\View\{closure}()
 8 SYSTEMPATH\Common.php(1142): CodeIgniter\View\View->render('layout/content_view', [], true)
 9 APPPATH\Views\layout\wrapper_view.php(5): view('layout/content_view')
10 SYSTEMPATH\View\View.php(213): include('APPPATH\\Views\\layout\\wrapper_view.php')
11 SYSTEMPATH\View\View.php(216): CodeIgniter\View\View->CodeIgniter\View\{closure}()
12 SYSTEMPATH\Common.php(1142): CodeIgniter\View\View->render('layout/wrapper_view', [], true)
13 APPPATH\Controllers\Kelahiran.php(38): view('layout/wrapper_view', [...])
14 SYSTEMPATH\CodeIgniter.php(907): App\Controllers\Kelahiran->add()
15 SYSTEMPATH\CodeIgniter.php(457): CodeIgniter\CodeIgniter->runController(Object(App\Controllers\Kelahiran))
16 SYSTEMPATH\CodeIgniter.php(340): CodeIgniter\CodeIgniter->handleRequest(null, Object(Config\Cache), false)
17 FCPATH\index.php(67): CodeIgniter\CodeIgniter->run()
CRITICAL - 2022-11-09 05:22:51 --> Undefined variable: data_penduduk
in APPPATH\Views\pages\kelahiran\kelahiran_add.php on line 84.
 1 APPPATH\Views\pages\kelahiran\kelahiran_add.php(84): CodeIgniter\Debug\Exceptions->errorHandler(8, 'Undefined variable: data_penduduk', 'APPPATH\\Views\\pages\\kelahiran\\kelahiran_add.php', 84, [...])
 2 SYSTEMPATH\View\View.php(213): include('APPPATH\\Views\\pages\\kelahiran\\kelahiran_add.php')
 3 SYSTEMPATH\View\View.php(216): CodeIgniter\View\View->CodeIgniter\View\{closure}()
 4 SYSTEMPATH\Common.php(1142): CodeIgniter\View\View->render('pages/kelahiran/kelahiran_add', [], true)
 5 APPPATH\Views\layout\content_view.php(3): view('pages/kelahiran/kelahiran_add')
 6 SYSTEMPATH\View\View.php(213): include('APPPATH\\Views\\layout\\content_view.php')
 7 SYSTEMPATH\View\View.php(216): CodeIgniter\View\View->CodeIgniter\View\{closure}()
 8 SYSTEMPATH\Common.php(1142): CodeIgniter\View\View->render('layout/content_view', [], true)
 9 APPPATH\Views\layout\wrapper_view.php(5): view('layout/content_view')
10 SYSTEMPATH\View\View.php(213): include('APPPATH\\Views\\layout\\wrapper_view.php')
11 SYSTEMPATH\View\View.php(216): CodeIgniter\View\View->CodeIgniter\View\{closure}()
12 SYSTEMPATH\Common.php(1142): CodeIgniter\View\View->render('layout/wrapper_view', [], true)
13 APPPATH\Controllers\Kelahiran.php(38): view('layout/wrapper_view', [...])
14 SYSTEMPATH\CodeIgniter.php(907): App\Controllers\Kelahiran->add()
15 SYSTEMPATH\CodeIgniter.php(457): CodeIgniter\CodeIgniter->runController(Object(App\Controllers\Kelahiran))
16 SYSTEMPATH\CodeIgniter.php(340): CodeIgniter\CodeIgniter->handleRequest(null, Object(Config\Cache), false)
17 FCPATH\index.php(67): CodeIgniter\CodeIgniter->run()
CRITICAL - 2022-11-09 05:22:54 --> Undefined variable: data_penduduk
in APPPATH\Views\pages\kelahiran\kelahiran_add.php on line 84.
 1 APPPATH\Views\pages\kelahiran\kelahiran_add.php(84): CodeIgniter\Debug\Exceptions->errorHandler(8, 'Undefined variable: data_penduduk', 'APPPATH\\Views\\pages\\kelahiran\\kelahiran_add.php', 84, [...])
 2 SYSTEMPATH\View\View.php(213): include('APPPATH\\Views\\pages\\kelahiran\\kelahiran_add.php')
 3 SYSTEMPATH\View\View.php(216): CodeIgniter\View\View->CodeIgniter\View\{closure}()
 4 SYSTEMPATH\Common.php(1142): CodeIgniter\View\View->render('pages/kelahiran/kelahiran_add', [], true)
 5 APPPATH\Views\layout\content_view.php(3): view('pages/kelahiran/kelahiran_add')
 6 SYSTEMPATH\View\View.php(213): include('APPPATH\\Views\\layout\\content_view.php')
 7 SYSTEMPATH\View\View.php(216): CodeIgniter\View\View->CodeIgniter\View\{closure}()
 8 SYSTEMPATH\Common.php(1142): CodeIgniter\View\View->render('layout/content_view', [], true)
 9 APPPATH\Views\layout\wrapper_view.php(5): view('layout/content_view')
10 SYSTEMPATH\View\View.php(213): include('APPPATH\\Views\\layout\\wrapper_view.php')
11 SYSTEMPATH\View\View.php(216): CodeIgniter\View\View->CodeIgniter\View\{closure}()
12 SYSTEMPATH\Common.php(1142): CodeIgniter\View\View->render('layout/wrapper_view', [], true)
13 APPPATH\Controllers\Kelahiran.php(38): view('layout/wrapper_view', [...])
14 SYSTEMPATH\CodeIgniter.php(907): App\Controllers\Kelahiran->add()
15 SYSTEMPATH\CodeIgniter.php(457): CodeIgniter\CodeIgniter->runController(Object(App\Controllers\Kelahiran))
16 SYSTEMPATH\CodeIgniter.php(340): CodeIgniter\CodeIgniter->handleRequest(null, Object(Config\Cache), false)
17 FCPATH\index.php(67): CodeIgniter\CodeIgniter->run()
CRITICAL - 2022-11-09 05:22:55 --> Undefined variable: data_penduduk
in APPPATH\Views\pages\kelahiran\kelahiran_add.php on line 84.
 1 APPPATH\Views\pages\kelahiran\kelahiran_add.php(84): CodeIgniter\Debug\Exceptions->errorHandler(8, 'Undefined variable: data_penduduk', 'APPPATH\\Views\\pages\\kelahiran\\kelahiran_add.php', 84, [...])
 2 SYSTEMPATH\View\View.php(213): include('APPPATH\\Views\\pages\\kelahiran\\kelahiran_add.php')
 3 SYSTEMPATH\View\View.php(216): CodeIgniter\View\View->CodeIgniter\View\{closure}()
 4 SYSTEMPATH\Common.php(1142): CodeIgniter\View\View->render('pages/kelahiran/kelahiran_add', [], true)
 5 APPPATH\Views\layout\content_view.php(3): view('pages/kelahiran/kelahiran_add')
 6 SYSTEMPATH\View\View.php(213): include('APPPATH\\Views\\layout\\content_view.php')
 7 SYSTEMPATH\View\View.php(216): CodeIgniter\View\View->CodeIgniter\View\{closure}()
 8 SYSTEMPATH\Common.php(1142): CodeIgniter\View\View->render('layout/content_view', [], true)
 9 APPPATH\Views\layout\wrapper_view.php(5): view('layout/content_view')
10 SYSTEMPATH\View\View.php(213): include('APPPATH\\Views\\layout\\wrapper_view.php')
11 SYSTEMPATH\View\View.php(216): CodeIgniter\View\View->CodeIgniter\View\{closure}()
12 SYSTEMPATH\Common.php(1142): CodeIgniter\View\View->render('layout/wrapper_view', [], true)
13 APPPATH\Controllers\Kelahiran.php(38): view('layout/wrapper_view', [...])
14 SYSTEMPATH\CodeIgniter.php(907): App\Controllers\Kelahiran->add()
15 SYSTEMPATH\CodeIgniter.php(457): CodeIgniter\CodeIgniter->runController(Object(App\Controllers\Kelahiran))
16 SYSTEMPATH\CodeIgniter.php(340): CodeIgniter\CodeIgniter->handleRequest(null, Object(Config\Cache), false)
17 FCPATH\index.php(67): CodeIgniter\CodeIgniter->run()
CRITICAL - 2022-11-09 05:22:55 --> Undefined variable: data_penduduk
in APPPATH\Views\pages\kelahiran\kelahiran_add.php on line 84.
 1 APPPATH\Views\pages\kelahiran\kelahiran_add.php(84): CodeIgniter\Debug\Exceptions->errorHandler(8, 'Undefined variable: data_penduduk', 'APPPATH\\Views\\pages\\kelahiran\\kelahiran_add.php', 84, [...])
 2 SYSTEMPATH\View\View.php(213): include('APPPATH\\Views\\pages\\kelahiran\\kelahiran_add.php')
 3 SYSTEMPATH\View\View.php(216): CodeIgniter\View\View->CodeIgniter\View\{closure}()
 4 SYSTEMPATH\Common.php(1142): CodeIgniter\View\View->render('pages/kelahiran/kelahiran_add', [], true)
 5 APPPATH\Views\layout\content_view.php(3): view('pages/kelahiran/kelahiran_add')
 6 SYSTEMPATH\View\View.php(213): include('APPPATH\\Views\\layout\\content_view.php')
 7 SYSTEMPATH\View\View.php(216): CodeIgniter\View\View->CodeIgniter\View\{closure}()
 8 SYSTEMPATH\Common.php(1142): CodeIgniter\View\View->render('layout/content_view', [], true)
 9 APPPATH\Views\layout\wrapper_view.php(5): view('layout/content_view')
10 SYSTEMPATH\View\View.php(213): include('APPPATH\\Views\\layout\\wrapper_view.php')
11 SYSTEMPATH\View\View.php(216): CodeIgniter\View\View->CodeIgniter\View\{closure}()
12 SYSTEMPATH\Common.php(1142): CodeIgniter\View\View->render('layout/wrapper_view', [], true)
13 APPPATH\Controllers\Kelahiran.php(38): view('layout/wrapper_view', [...])
14 SYSTEMPATH\CodeIgniter.php(907): App\Controllers\Kelahiran->add()
15 SYSTEMPATH\CodeIgniter.php(457): CodeIgniter\CodeIgniter->runController(Object(App\Controllers\Kelahiran))
16 SYSTEMPATH\CodeIgniter.php(340): CodeIgniter\CodeIgniter->handleRequest(null, Object(Config\Cache), false)
17 FCPATH\index.php(67): CodeIgniter\CodeIgniter->run()
CRITICAL - 2022-11-09 05:22:56 --> Undefined variable: data_penduduk
in APPPATH\Views\pages\kelahiran\kelahiran_add.php on line 84.
 1 APPPATH\Views\pages\kelahiran\kelahiran_add.php(84): CodeIgniter\Debug\Exceptions->errorHandler(8, 'Undefined variable: data_penduduk', 'APPPATH\\Views\\pages\\kelahiran\\kelahiran_add.php', 84, [...])
 2 SYSTEMPATH\View\View.php(213): include('APPPATH\\Views\\pages\\kelahiran\\kelahiran_add.php')
 3 SYSTEMPATH\View\View.php(216): CodeIgniter\View\View->CodeIgniter\View\{closure}()
 4 SYSTEMPATH\Common.php(1142): CodeIgniter\View\View->render('pages/kelahiran/kelahiran_add', [], true)
 5 APPPATH\Views\layout\content_view.php(3): view('pages/kelahiran/kelahiran_add')
 6 SYSTEMPATH\View\View.php(213): include('APPPATH\\Views\\layout\\content_view.php')
 7 SYSTEMPATH\View\View.php(216): CodeIgniter\View\View->CodeIgniter\View\{closure}()
 8 SYSTEMPATH\Common.php(1142): CodeIgniter\View\View->render('layout/content_view', [], true)
 9 APPPATH\Views\layout\wrapper_view.php(5): view('layout/content_view')
10 SYSTEMPATH\View\View.php(213): include('APPPATH\\Views\\layout\\wrapper_view.php')
11 SYSTEMPATH\View\View.php(216): CodeIgniter\View\View->CodeIgniter\View\{closure}()
12 SYSTEMPATH\Common.php(1142): CodeIgniter\View\View->render('layout/wrapper_view', [], true)
13 APPPATH\Controllers\Kelahiran.php(38): view('layout/wrapper_view', [...])
14 SYSTEMPATH\CodeIgniter.php(907): App\Controllers\Kelahiran->add()
15 SYSTEMPATH\CodeIgniter.php(457): CodeIgniter\CodeIgniter->runController(Object(App\Controllers\Kelahiran))
16 SYSTEMPATH\CodeIgniter.php(340): CodeIgniter\CodeIgniter->handleRequest(null, Object(Config\Cache), false)
17 FCPATH\index.php(67): CodeIgniter\CodeIgniter->run()
CRITICAL - 2022-11-09 05:22:56 --> Undefined variable: data_penduduk
in APPPATH\Views\pages\kelahiran\kelahiran_add.php on line 84.
 1 APPPATH\Views\pages\kelahiran\kelahiran_add.php(84): CodeIgniter\Debug\Exceptions->errorHandler(8, 'Undefined variable: data_penduduk', 'APPPATH\\Views\\pages\\kelahiran\\kelahiran_add.php', 84, [...])
 2 SYSTEMPATH\View\View.php(213): include('APPPATH\\Views\\pages\\kelahiran\\kelahiran_add.php')
 3 SYSTEMPATH\View\View.php(216): CodeIgniter\View\View->CodeIgniter\View\{closure}()
 4 SYSTEMPATH\Common.php(1142): CodeIgniter\View\View->render('pages/kelahiran/kelahiran_add', [], true)
 5 APPPATH\Views\layout\content_view.php(3): view('pages/kelahiran/kelahiran_add')
 6 SYSTEMPATH\View\View.php(213): include('APPPATH\\Views\\layout\\content_view.php')
 7 SYSTEMPATH\View\View.php(216): CodeIgniter\View\View->CodeIgniter\View\{closure}()
 8 SYSTEMPATH\Common.php(1142): CodeIgniter\View\View->render('layout/content_view', [], true)
 9 APPPATH\Views\layout\wrapper_view.php(5): view('layout/content_view')
10 SYSTEMPATH\View\View.php(213): include('APPPATH\\Views\\layout\\wrapper_view.php')
11 SYSTEMPATH\View\View.php(216): CodeIgniter\View\View->CodeIgniter\View\{closure}()
12 SYSTEMPATH\Common.php(1142): CodeIgniter\View\View->render('layout/wrapper_view', [], true)
13 APPPATH\Controllers\Kelahiran.php(38): view('layout/wrapper_view', [...])
14 SYSTEMPATH\CodeIgniter.php(907): App\Controllers\Kelahiran->add()
15 SYSTEMPATH\CodeIgniter.php(457): CodeIgniter\CodeIgniter->runController(Object(App\Controllers\Kelahiran))
16 SYSTEMPATH\CodeIgniter.php(340): CodeIgniter\CodeIgniter->handleRequest(null, Object(Config\Cache), false)
17 FCPATH\index.php(67): CodeIgniter\CodeIgniter->run()
CRITICAL - 2022-11-09 05:22:57 --> Undefined variable: data_penduduk
in APPPATH\Views\pages\kelahiran\kelahiran_add.php on line 84.
 1 APPPATH\Views\pages\kelahiran\kelahiran_add.php(84): CodeIgniter\Debug\Exceptions->errorHandler(8, 'Undefined variable: data_penduduk', 'APPPATH\\Views\\pages\\kelahiran\\kelahiran_add.php', 84, [...])
 2 SYSTEMPATH\View\View.php(213): include('APPPATH\\Views\\pages\\kelahiran\\kelahiran_add.php')
 3 SYSTEMPATH\View\View.php(216): CodeIgniter\View\View->CodeIgniter\View\{closure}()
 4 SYSTEMPATH\Common.php(1142): CodeIgniter\View\View->render('pages/kelahiran/kelahiran_add', [], true)
 5 APPPATH\Views\layout\content_view.php(3): view('pages/kelahiran/kelahiran_add')
 6 SYSTEMPATH\View\View.php(213): include('APPPATH\\Views\\layout\\content_view.php')
 7 SYSTEMPATH\View\View.php(216): CodeIgniter\View\View->CodeIgniter\View\{closure}()
 8 SYSTEMPATH\Common.php(1142): CodeIgniter\View\View->render('layout/content_view', [], true)
 9 APPPATH\Views\layout\wrapper_view.php(5): view('layout/content_view')
10 SYSTEMPATH\View\View.php(213): include('APPPATH\\Views\\layout\\wrapper_view.php')
11 SYSTEMPATH\View\View.php(216): CodeIgniter\View\View->CodeIgniter\View\{closure}()
12 SYSTEMPATH\Common.php(1142): CodeIgniter\View\View->render('layout/wrapper_view', [], true)
13 APPPATH\Controllers\Kelahiran.php(38): view('layout/wrapper_view', [...])
14 SYSTEMPATH\CodeIgniter.php(907): App\Controllers\Kelahiran->add()
15 SYSTEMPATH\CodeIgniter.php(457): CodeIgniter\CodeIgniter->runController(Object(App\Controllers\Kelahiran))
16 SYSTEMPATH\CodeIgniter.php(340): CodeIgniter\CodeIgniter->handleRequest(null, Object(Config\Cache), false)
17 FCPATH\index.php(67): CodeIgniter\CodeIgniter->run()
CRITICAL - 2022-11-09 05:27:20 --> Undefined index: nama_ayah
in APPPATH\Views\pages\kelahiran\kelahiran_view.php on line 51.
 1 APPPATH\Views\pages\kelahiran\kelahiran_view.php(51): CodeIgniter\Debug\Exceptions->errorHandler(8, 'Undefined index: nama_ayah', 'APPPATH\\Views\\pages\\kelahiran\\kelahiran_view.php', 51, [...])
 2 SYSTEMPATH\View\View.php(213): include('APPPATH\\Views\\pages\\kelahiran\\kelahiran_view.php')
 3 SYSTEMPATH\View\View.php(216): CodeIgniter\View\View->CodeIgniter\View\{closure}()
 4 SYSTEMPATH\Common.php(1142): CodeIgniter\View\View->render('pages/kelahiran/kelahiran_view', [], true)
 5 APPPATH\Views\layout\content_view.php(3): view('pages/kelahiran/kelahiran_view')
 6 SYSTEMPATH\View\View.php(213): include('APPPATH\\Views\\layout\\content_view.php')
 7 SYSTEMPATH\View\View.php(216): CodeIgniter\View\View->CodeIgniter\View\{closure}()
 8 SYSTEMPATH\Common.php(1142): CodeIgniter\View\View->render('layout/content_view', [], true)
 9 APPPATH\Views\layout\wrapper_view.php(5): view('layout/content_view')
10 SYSTEMPATH\View\View.php(213): include('APPPATH\\Views\\layout\\wrapper_view.php')
11 SYSTEMPATH\View\View.php(216): CodeIgniter\View\View->CodeIgniter\View\{closure}()
12 SYSTEMPATH\Common.php(1142): CodeIgniter\View\View->render('layout/wrapper_view', [], true)
13 APPPATH\Controllers\Kelahiran.php(26): view('layout/wrapper_view', [...])
14 SYSTEMPATH\CodeIgniter.php(907): App\Controllers\Kelahiran->index()
15 SYSTEMPATH\CodeIgniter.php(457): CodeIgniter\CodeIgniter->runController(Object(App\Controllers\Kelahiran))
16 SYSTEMPATH\CodeIgniter.php(340): CodeIgniter\CodeIgniter->handleRequest(null, Object(Config\Cache), false)
17 FCPATH\index.php(67): CodeIgniter\CodeIgniter->run()
CRITICAL - 2022-11-09 05:29:11 --> Undefined variable: data_penduduk
in APPPATH\Views\pages\kelahiran\kelahiran_add.php on line 84.
 1 APPPATH\Views\pages\kelahiran\kelahiran_add.php(84): CodeIgniter\Debug\Exceptions->errorHandler(8, 'Undefined variable: data_penduduk', 'APPPATH\\Views\\pages\\kelahiran\\kelahiran_add.php', 84, [...])
 2 SYSTEMPATH\View\View.php(213): include('APPPATH\\Views\\pages\\kelahiran\\kelahiran_add.php')
 3 SYSTEMPATH\View\View.php(216): CodeIgniter\View\View->CodeIgniter\View\{closure}()
 4 SYSTEMPATH\Common.php(1142): CodeIgniter\View\View->render('pages/kelahiran/kelahiran_add', [], true)
 5 APPPATH\Views\layout\content_view.php(3): view('pages/kelahiran/kelahiran_add')
 6 SYSTEMPATH\View\View.php(213): include('APPPATH\\Views\\layout\\content_view.php')
 7 SYSTEMPATH\View\View.php(216): CodeIgniter\View\View->CodeIgniter\View\{closure}()
 8 SYSTEMPATH\Common.php(1142): CodeIgniter\View\View->render('layout/content_view', [], true)
 9 APPPATH\Views\layout\wrapper_view.php(5): view('layout/content_view')
10 SYSTEMPATH\View\View.php(213): include('APPPATH\\Views\\layout\\wrapper_view.php')
11 SYSTEMPATH\View\View.php(216): CodeIgniter\View\View->CodeIgniter\View\{closure}()
12 SYSTEMPATH\Common.php(1142): CodeIgniter\View\View->render('layout/wrapper_view', [], true)
13 APPPATH\Controllers\Kelahiran.php(38): view('layout/wrapper_view', [...])
14 SYSTEMPATH\CodeIgniter.php(907): App\Controllers\Kelahiran->add()
15 SYSTEMPATH\CodeIgniter.php(457): CodeIgniter\CodeIgniter->runController(Object(App\Controllers\Kelahiran))
16 SYSTEMPATH\CodeIgniter.php(340): CodeIgniter\CodeIgniter->handleRequest(null, Object(Config\Cache), false)
17 FCPATH\index.php(67): CodeIgniter\CodeIgniter->run()
CRITICAL - 2022-11-09 05:35:15 --> Undefined variable: data_penduduk
in APPPATH\Views\pages\kelahiran\kelahiran_add.php on line 84.
 1 APPPATH\Views\pages\kelahiran\kelahiran_add.php(84): CodeIgniter\Debug\Exceptions->errorHandler(8, 'Undefined variable: data_penduduk', 'APPPATH\\Views\\pages\\kelahiran\\kelahiran_add.php', 84, [...])
 2 SYSTEMPATH\View\View.php(213): include('APPPATH\\Views\\pages\\kelahiran\\kelahiran_add.php')
 3 SYSTEMPATH\View\View.php(216): CodeIgniter\View\View->CodeIgniter\View\{closure}()
 4 SYSTEMPATH\Common.php(1142): CodeIgniter\View\View->render('pages/kelahiran/kelahiran_add', [], true)
 5 APPPATH\Views\layout\content_view.php(3): view('pages/kelahiran/kelahiran_add')
 6 SYSTEMPATH\View\View.php(213): include('APPPATH\\Views\\layout\\content_view.php')
 7 SYSTEMPATH\View\View.php(216): CodeIgniter\View\View->CodeIgniter\View\{closure}()
 8 SYSTEMPATH\Common.php(1142): CodeIgniter\View\View->render('layout/content_view', [], true)
 9 APPPATH\Views\layout\wrapper_view.php(5): view('layout/content_view')
10 SYSTEMPATH\View\View.php(213): include('APPPATH\\Views\\layout\\wrapper_view.php')
11 SYSTEMPATH\View\View.php(216): CodeIgniter\View\View->CodeIgniter\View\{closure}()
12 SYSTEMPATH\Common.php(1142): CodeIgniter\View\View->render('layout/wrapper_view', [], true)
13 APPPATH\Controllers\Kelahiran.php(38): view('layout/wrapper_view', [...])
14 SYSTEMPATH\CodeIgniter.php(907): App\Controllers\Kelahiran->add()
15 SYSTEMPATH\CodeIgniter.php(457): CodeIgniter\CodeIgniter->runController(Object(App\Controllers\Kelahiran))
16 SYSTEMPATH\CodeIgniter.php(340): CodeIgniter\CodeIgniter->handleRequest(null, Object(Config\Cache), false)
17 FCPATH\index.php(67): CodeIgniter\CodeIgniter->run()
CRITICAL - 2022-11-09 05:35:16 --> Undefined variable: data_penduduk
in APPPATH\Views\pages\kelahiran\kelahiran_add.php on line 84.
 1 APPPATH\Views\pages\kelahiran\kelahiran_add.php(84): CodeIgniter\Debug\Exceptions->errorHandler(8, 'Undefined variable: data_penduduk', 'APPPATH\\Views\\pages\\kelahiran\\kelahiran_add.php', 84, [...])
 2 SYSTEMPATH\View\View.php(213): include('APPPATH\\Views\\pages\\kelahiran\\kelahiran_add.php')
 3 SYSTEMPATH\View\View.php(216): CodeIgniter\View\View->CodeIgniter\View\{closure}()
 4 SYSTEMPATH\Common.php(1142): CodeIgniter\View\View->render('pages/kelahiran/kelahiran_add', [], true)
 5 APPPATH\Views\layout\content_view.php(3): view('pages/kelahiran/kelahiran_add')
 6 SYSTEMPATH\View\View.php(213): include('APPPATH\\Views\\layout\\content_view.php')
 7 SYSTEMPATH\View\View.php(216): CodeIgniter\View\View->CodeIgniter\View\{closure}()
 8 SYSTEMPATH\Common.php(1142): CodeIgniter\View\View->render('layout/content_view', [], true)
 9 APPPATH\Views\layout\wrapper_view.php(5): view('layout/content_view')
10 SYSTEMPATH\View\View.php(213): include('APPPATH\\Views\\layout\\wrapper_view.php')
11 SYSTEMPATH\View\View.php(216): CodeIgniter\View\View->CodeIgniter\View\{closure}()
12 SYSTEMPATH\Common.php(1142): CodeIgniter\View\View->render('layout/wrapper_view', [], true)
13 APPPATH\Controllers\Kelahiran.php(38): view('layout/wrapper_view', [...])
14 SYSTEMPATH\CodeIgniter.php(907): App\Controllers\Kelahiran->add()
15 SYSTEMPATH\CodeIgniter.php(457): CodeIgniter\CodeIgniter->runController(Object(App\Controllers\Kelahiran))
16 SYSTEMPATH\CodeIgniter.php(340): CodeIgniter\CodeIgniter->handleRequest(null, Object(Config\Cache), false)
17 FCPATH\index.php(67): CodeIgniter\CodeIgniter->run()
CRITICAL - 2022-11-09 05:35:17 --> Undefined variable: data_penduduk
in APPPATH\Views\pages\kelahiran\kelahiran_add.php on line 84.
 1 APPPATH\Views\pages\kelahiran\kelahiran_add.php(84): CodeIgniter\Debug\Exceptions->errorHandler(8, 'Undefined variable: data_penduduk', 'APPPATH\\Views\\pages\\kelahiran\\kelahiran_add.php', 84, [...])
 2 SYSTEMPATH\View\View.php(213): include('APPPATH\\Views\\pages\\kelahiran\\kelahiran_add.php')
 3 SYSTEMPATH\View\View.php(216): CodeIgniter\View\View->CodeIgniter\View\{closure}()
 4 SYSTEMPATH\Common.php(1142): CodeIgniter\View\View->render('pages/kelahiran/kelahiran_add', [], true)
 5 APPPATH\Views\layout\content_view.php(3): view('pages/kelahiran/kelahiran_add')
 6 SYSTEMPATH\View\View.php(213): include('APPPATH\\Views\\layout\\content_view.php')
 7 SYSTEMPATH\View\View.php(216): CodeIgniter\View\View->CodeIgniter\View\{closure}()
 8 SYSTEMPATH\Common.php(1142): CodeIgniter\View\View->render('layout/content_view', [], true)
 9 APPPATH\Views\layout\wrapper_view.php(5): view('layout/content_view')
10 SYSTEMPATH\View\View.php(213): include('APPPATH\\Views\\layout\\wrapper_view.php')
11 SYSTEMPATH\View\View.php(216): CodeIgniter\View\View->CodeIgniter\View\{closure}()
12 SYSTEMPATH\Common.php(1142): CodeIgniter\View\View->render('layout/wrapper_view', [], true)
13 APPPATH\Controllers\Kelahiran.php(38): view('layout/wrapper_view', [...])
14 SYSTEMPATH\CodeIgniter.php(907): App\Controllers\Kelahiran->add()
15 SYSTEMPATH\CodeIgniter.php(457): CodeIgniter\CodeIgniter->runController(Object(App\Controllers\Kelahiran))
16 SYSTEMPATH\CodeIgniter.php(340): CodeIgniter\CodeIgniter->handleRequest(null, Object(Config\Cache), false)
17 FCPATH\index.php(67): CodeIgniter\CodeIgniter->run()
