ERROR - 2022-09-21 03:49:49 --> mysqli_sql_exception: Column 'role' cannot be null in C:\xampp\htdocs\ci4\system\Database\MySQLi\Connection.php:292
Stack trace:
#0 C:\xampp\htdocs\ci4\system\Database\MySQLi\Connection.php(292): mysqli->query('INSERT INTO `tb...', 0)
#1 C:\xampp\htdocs\ci4\system\Database\BaseConnection.php(693): CodeIgniter\Database\MySQLi\Connection->execute('INSERT INTO `tb...')
#2 C:\xampp\htdocs\ci4\system\Database\BaseConnection.php(620): CodeIgniter\Database\BaseConnection->simpleQuery('INSERT INTO `tb...')
#3 C:\xampp\htdocs\ci4\system\Database\BaseBuilder.php(1916): CodeIgniter\Database\BaseConnection->query('INSERT INTO `tb...', Array, false)
#4 C:\xampp\htdocs\ci4\app\Models\Model_pengguna.php(15): CodeIgniter\Database\BaseBuilder->insert(Array)
#5 C:\xampp\htdocs\ci4\app\Controllers\Pengguna.php(35): App\Models\Model_pengguna->add(Array)
#6 C:\xampp\htdocs\ci4\system\CodeIgniter.php(907): App\Controllers\Pengguna->add()
#7 C:\xampp\htdocs\ci4\system\CodeIgniter.php(457): CodeIgniter\CodeIgniter->runController(Object(App\Controllers\Pengguna))
#8 C:\xampp\htdocs\ci4\system\CodeIgniter.php(340): CodeIgniter\CodeIgniter->handleRequest(NULL, Object(Config\Cache), false)
#9 C:\xampp\htdocs\ci4\public\index.php(67): CodeIgniter\CodeIgniter->run()
#10 {main}
CRITICAL - 2022-09-21 03:49:49 --> Column 'role' cannot be null
in SYSTEMPATH\Database\MySQLi\Connection.php on line 292.
 1 SYSTEMPATH\Database\MySQLi\Connection.php(292): mysqli->query('INSERT INTO `tb_users` (`nama_user`, `username`, `password`, `role`) VALUES (\'asas\', \'assa\', \'asa\', NULL)', 0)
 2 SYSTEMPATH\Database\BaseConnection.php(693): CodeIgniter\Database\MySQLi\Connection->execute('INSERT INTO `tb_users` (`nama_user`, `username`, `password`, `role`) VALUES (\'asas\', \'assa\', \'asa\', NULL)')
 3 SYSTEMPATH\Database\BaseConnection.php(620): CodeIgniter\Database\BaseConnection->simpleQuery('INSERT INTO `tb_users` (`nama_user`, `username`, `password`, `role`) VALUES (\'asas\', \'assa\', \'asa\', NULL)')
 4 SYSTEMPATH\Database\BaseBuilder.php(1916): CodeIgniter\Database\BaseConnection->query('INSERT INTO `tb_users` (`nama_user`, `username`, `password`, `role`) VALUES (:nama_user:, :username:, :password:, :role:)', [...], false)
 5 APPPATH\Models\Model_pengguna.php(15): CodeIgniter\Database\BaseBuilder->insert([...])
 6 APPPATH\Controllers\Pengguna.php(35): App\Models\Model_pengguna->add([...])
 7 SYSTEMPATH\CodeIgniter.php(907): App\Controllers\Pengguna->add()
 8 SYSTEMPATH\CodeIgniter.php(457): CodeIgniter\CodeIgniter->runController(Object(App\Controllers\Pengguna))
 9 SYSTEMPATH\CodeIgniter.php(340): CodeIgniter\CodeIgniter->handleRequest(null, Object(Config\Cache), false)
10 FCPATH\index.php(67): CodeIgniter\CodeIgniter->run()
ERROR - 2022-09-21 03:53:17 --> mysqli_sql_exception: Column 'role' cannot be null in C:\xampp\htdocs\ci4\system\Database\MySQLi\Connection.php:292
Stack trace:
#0 C:\xampp\htdocs\ci4\system\Database\MySQLi\Connection.php(292): mysqli->query('INSERT INTO `tb...', 0)
#1 C:\xampp\htdocs\ci4\system\Database\BaseConnection.php(693): CodeIgniter\Database\MySQLi\Connection->execute('INSERT INTO `tb...')
#2 C:\xampp\htdocs\ci4\system\Database\BaseConnection.php(620): CodeIgniter\Database\BaseConnection->simpleQuery('INSERT INTO `tb...')
#3 C:\xampp\htdocs\ci4\system\Database\BaseBuilder.php(1916): CodeIgniter\Database\BaseConnection->query('INSERT INTO `tb...', Array, false)
#4 C:\xampp\htdocs\ci4\app\Models\Model_pengguna.php(15): CodeIgniter\Database\BaseBuilder->insert(Array)
#5 C:\xampp\htdocs\ci4\app\Controllers\Pengguna.php(35): App\Models\Model_pengguna->add(Array)
#6 C:\xampp\htdocs\ci4\system\CodeIgniter.php(907): App\Controllers\Pengguna->add()
#7 C:\xampp\htdocs\ci4\system\CodeIgniter.php(457): CodeIgniter\CodeIgniter->runController(Object(App\Controllers\Pengguna))
#8 C:\xampp\htdocs\ci4\system\CodeIgniter.php(340): CodeIgniter\CodeIgniter->handleRequest(NULL, Object(Config\Cache), false)
#9 C:\xampp\htdocs\ci4\public\index.php(67): CodeIgniter\CodeIgniter->run()
#10 {main}
CRITICAL - 2022-09-21 03:53:17 --> Column 'role' cannot be null
in SYSTEMPATH\Database\MySQLi\Connection.php on line 292.
 1 SYSTEMPATH\Database\MySQLi\Connection.php(292): mysqli->query('INSERT INTO `tb_users` (`nama_user`, `username`, `password`, `role`) VALUES (\'asas\', \'assa\', \'asa\', NULL)', 0)
 2 SYSTEMPATH\Database\BaseConnection.php(693): CodeIgniter\Database\MySQLi\Connection->execute('INSERT INTO `tb_users` (`nama_user`, `username`, `password`, `role`) VALUES (\'asas\', \'assa\', \'asa\', NULL)')
 3 SYSTEMPATH\Database\BaseConnection.php(620): CodeIgniter\Database\BaseConnection->simpleQuery('INSERT INTO `tb_users` (`nama_user`, `username`, `password`, `role`) VALUES (\'asas\', \'assa\', \'asa\', NULL)')
 4 SYSTEMPATH\Database\BaseBuilder.php(1916): CodeIgniter\Database\BaseConnection->query('INSERT INTO `tb_users` (`nama_user`, `username`, `password`, `role`) VALUES (:nama_user:, :username:, :password:, :role:)', [...], false)
 5 APPPATH\Models\Model_pengguna.php(15): CodeIgniter\Database\BaseBuilder->insert([...])
 6 APPPATH\Controllers\Pengguna.php(35): App\Models\Model_pengguna->add([...])
 7 SYSTEMPATH\CodeIgniter.php(907): App\Controllers\Pengguna->add()
 8 SYSTEMPATH\CodeIgniter.php(457): CodeIgniter\CodeIgniter->runController(Object(App\Controllers\Pengguna))
 9 SYSTEMPATH\CodeIgniter.php(340): CodeIgniter\CodeIgniter->handleRequest(null, Object(Config\Cache), false)
10 FCPATH\index.php(67): CodeIgniter\CodeIgniter->run()
CRITICAL - 2022-09-21 04:54:32 --> Invalid file: penduduk_view.php
in SYSTEMPATH\Exceptions\FrameworkException.php on line 33.
 1 SYSTEMPATH\View\View.php(201): CodeIgniter\Exceptions\FrameworkException::forInvalidFile('penduduk_view.php')
 2 SYSTEMPATH\Common.php(1142): CodeIgniter\View\View->render('penduduk_view', [], true)
 3 APPPATH\Views\layout\content_view.php(3): view('penduduk_view')
 4 SYSTEMPATH\View\View.php(213): include('APPPATH\\Views\\layout\\content_view.php')
 5 SYSTEMPATH\View\View.php(216): CodeIgniter\View\View->CodeIgniter\View\{closure}()
 6 SYSTEMPATH\Common.php(1142): CodeIgniter\View\View->render('layout/content_view', [], true)
 7 APPPATH\Views\layout\wrapper_view.php(5): view('layout/content_view')
 8 SYSTEMPATH\View\View.php(213): include('APPPATH\\Views\\layout\\wrapper_view.php')
 9 SYSTEMPATH\View\View.php(216): CodeIgniter\View\View->CodeIgniter\View\{closure}()
10 SYSTEMPATH\Common.php(1142): CodeIgniter\View\View->render('layout/wrapper_view', [], true)
11 APPPATH\Controllers\Penduduk.php(13): view('layout/wrapper_view', [...])
12 SYSTEMPATH\CodeIgniter.php(907): App\Controllers\Penduduk->index()
13 SYSTEMPATH\CodeIgniter.php(457): CodeIgniter\CodeIgniter->runController(Object(App\Controllers\Penduduk))
14 SYSTEMPATH\CodeIgniter.php(340): CodeIgniter\CodeIgniter->handleRequest(null, Object(Config\Cache), false)
15 FCPATH\index.php(67): CodeIgniter\CodeIgniter->run()
CRITICAL - 2022-09-21 04:55:05 --> Call to undefined function form_open()
in APPPATH\Views\pages\penduduk\penduduk_view.php on line 54.
 1 SYSTEMPATH\View\View.php(213): include()
 2 SYSTEMPATH\View\View.php(216): CodeIgniter\View\View->CodeIgniter\View\{closure}()
 3 SYSTEMPATH\Common.php(1142): CodeIgniter\View\View->render('pages/penduduk/penduduk_view', [], true)
 4 APPPATH\Views\layout\content_view.php(3): view('pages/penduduk/penduduk_view')
 5 SYSTEMPATH\View\View.php(213): include('APPPATH\\Views\\layout\\content_view.php')
 6 SYSTEMPATH\View\View.php(216): CodeIgniter\View\View->CodeIgniter\View\{closure}()
 7 SYSTEMPATH\Common.php(1142): CodeIgniter\View\View->render('layout/content_view', [], true)
 8 APPPATH\Views\layout\wrapper_view.php(5): view('layout/content_view')
 9 SYSTEMPATH\View\View.php(213): include('APPPATH\\Views\\layout\\wrapper_view.php')
10 SYSTEMPATH\View\View.php(216): CodeIgniter\View\View->CodeIgniter\View\{closure}()
11 SYSTEMPATH\Common.php(1142): CodeIgniter\View\View->render('layout/wrapper_view', [], true)
12 APPPATH\Controllers\Penduduk.php(13): view('layout/wrapper_view', [...])
13 SYSTEMPATH\CodeIgniter.php(907): App\Controllers\Penduduk->index()
14 SYSTEMPATH\CodeIgniter.php(457): CodeIgniter\CodeIgniter->runController(Object(App\Controllers\Penduduk))
15 SYSTEMPATH\CodeIgniter.php(340): CodeIgniter\CodeIgniter->handleRequest(null, Object(Config\Cache), false)
16 FCPATH\index.php(67): CodeIgniter\CodeIgniter->run()
CRITICAL - 2022-09-21 04:56:03 --> Call to undefined function form_open()
in APPPATH\Views\pages\penduduk\penduduk_view.php on line 54.
 1 SYSTEMPATH\View\View.php(213): include()
 2 SYSTEMPATH\View\View.php(216): CodeIgniter\View\View->CodeIgniter\View\{closure}()
 3 SYSTEMPATH\Common.php(1142): CodeIgniter\View\View->render('pages/penduduk/penduduk_view', [], true)
 4 APPPATH\Views\layout\content_view.php(3): view('pages/penduduk/penduduk_view')
 5 SYSTEMPATH\View\View.php(213): include('APPPATH\\Views\\layout\\content_view.php')
 6 SYSTEMPATH\View\View.php(216): CodeIgniter\View\View->CodeIgniter\View\{closure}()
 7 SYSTEMPATH\Common.php(1142): CodeIgniter\View\View->render('layout/content_view', [], true)
 8 APPPATH\Views\layout\wrapper_view.php(5): view('layout/content_view')
 9 SYSTEMPATH\View\View.php(213): include('APPPATH\\Views\\layout\\wrapper_view.php')
10 SYSTEMPATH\View\View.php(216): CodeIgniter\View\View->CodeIgniter\View\{closure}()
11 SYSTEMPATH\Common.php(1142): CodeIgniter\View\View->render('layout/wrapper_view', [], true)
12 APPPATH\Controllers\Penduduk.php(13): view('layout/wrapper_view', [...])
13 SYSTEMPATH\CodeIgniter.php(907): App\Controllers\Penduduk->index()
14 SYSTEMPATH\CodeIgniter.php(457): CodeIgniter\CodeIgniter->runController(Object(App\Controllers\Penduduk))
15 SYSTEMPATH\CodeIgniter.php(340): CodeIgniter\CodeIgniter->handleRequest(null, Object(Config\Cache), false)
16 FCPATH\index.php(67): CodeIgniter\CodeIgniter->run()
CRITICAL - 2022-09-21 04:57:03 --> Call to undefined function form_open()
in APPPATH\Views\pages\penduduk\penduduk_view.php on line 54.
 1 SYSTEMPATH\View\View.php(213): include()
 2 SYSTEMPATH\View\View.php(216): CodeIgniter\View\View->CodeIgniter\View\{closure}()
 3 SYSTEMPATH\Common.php(1142): CodeIgniter\View\View->render('pages/penduduk/penduduk_view', [], true)
 4 APPPATH\Views\layout\content_view.php(3): view('pages/penduduk/penduduk_view')
 5 SYSTEMPATH\View\View.php(213): include('APPPATH\\Views\\layout\\content_view.php')
 6 SYSTEMPATH\View\View.php(216): CodeIgniter\View\View->CodeIgniter\View\{closure}()
 7 SYSTEMPATH\Common.php(1142): CodeIgniter\View\View->render('layout/content_view', [], true)
 8 APPPATH\Views\layout\wrapper_view.php(5): view('layout/content_view')
 9 SYSTEMPATH\View\View.php(213): include('APPPATH\\Views\\layout\\wrapper_view.php')
10 SYSTEMPATH\View\View.php(216): CodeIgniter\View\View->CodeIgniter\View\{closure}()
11 SYSTEMPATH\Common.php(1142): CodeIgniter\View\View->render('layout/wrapper_view', [], true)
12 APPPATH\Controllers\Penduduk.php(13): view('layout/wrapper_view', [...])
13 SYSTEMPATH\CodeIgniter.php(907): App\Controllers\Penduduk->index()
14 SYSTEMPATH\CodeIgniter.php(457): CodeIgniter\CodeIgniter->runController(Object(App\Controllers\Penduduk))
15 SYSTEMPATH\CodeIgniter.php(340): CodeIgniter\CodeIgniter->handleRequest(null, Object(Config\Cache), false)
16 FCPATH\index.php(67): CodeIgniter\CodeIgniter->run()
CRITICAL - 2022-09-21 04:57:21 --> Call to undefined function form_open()
in APPPATH\Views\pages\penduduk\penduduk_view.php on line 54.
 1 SYSTEMPATH\View\View.php(213): include()
 2 SYSTEMPATH\View\View.php(216): CodeIgniter\View\View->CodeIgniter\View\{closure}()
 3 SYSTEMPATH\Common.php(1142): CodeIgniter\View\View->render('pages/penduduk/penduduk_view', [], true)
 4 APPPATH\Views\layout\content_view.php(3): view('pages/penduduk/penduduk_view')
 5 SYSTEMPATH\View\View.php(213): include('APPPATH\\Views\\layout\\content_view.php')
 6 SYSTEMPATH\View\View.php(216): CodeIgniter\View\View->CodeIgniter\View\{closure}()
 7 SYSTEMPATH\Common.php(1142): CodeIgniter\View\View->render('layout/content_view', [], true)
 8 APPPATH\Views\layout\wrapper_view.php(5): view('layout/content_view')
 9 SYSTEMPATH\View\View.php(213): include('APPPATH\\Views\\layout\\wrapper_view.php')
10 SYSTEMPATH\View\View.php(216): CodeIgniter\View\View->CodeIgniter\View\{closure}()
11 SYSTEMPATH\Common.php(1142): CodeIgniter\View\View->render('layout/wrapper_view', [], true)
12 APPPATH\Controllers\Penduduk.php(13): view('layout/wrapper_view', [...])
13 SYSTEMPATH\CodeIgniter.php(907): App\Controllers\Penduduk->index()
14 SYSTEMPATH\CodeIgniter.php(457): CodeIgniter\CodeIgniter->runController(Object(App\Controllers\Penduduk))
15 SYSTEMPATH\CodeIgniter.php(340): CodeIgniter\CodeIgniter->handleRequest(null, Object(Config\Cache), false)
16 FCPATH\index.php(67): CodeIgniter\CodeIgniter->run()
CRITICAL - 2022-09-21 04:58:57 --> Call to undefined function form_open()
in APPPATH\Views\pages\penduduk\penduduk_view.php on line 54.
 1 SYSTEMPATH\View\View.php(213): include()
 2 SYSTEMPATH\View\View.php(216): CodeIgniter\View\View->CodeIgniter\View\{closure}()
 3 SYSTEMPATH\Common.php(1142): CodeIgniter\View\View->render('pages/penduduk/penduduk_view', [], true)
 4 APPPATH\Views\layout\content_view.php(3): view('pages/penduduk/penduduk_view')
 5 SYSTEMPATH\View\View.php(213): include('APPPATH\\Views\\layout\\content_view.php')
 6 SYSTEMPATH\View\View.php(216): CodeIgniter\View\View->CodeIgniter\View\{closure}()
 7 SYSTEMPATH\Common.php(1142): CodeIgniter\View\View->render('layout/content_view', [], true)
 8 APPPATH\Views\layout\wrapper_view.php(5): view('layout/content_view')
 9 SYSTEMPATH\View\View.php(213): include('APPPATH\\Views\\layout\\wrapper_view.php')
10 SYSTEMPATH\View\View.php(216): CodeIgniter\View\View->CodeIgniter\View\{closure}()
11 SYSTEMPATH\Common.php(1142): CodeIgniter\View\View->render('layout/wrapper_view', [], true)
12 APPPATH\Controllers\Penduduk.php(13): view('layout/wrapper_view', [...])
13 SYSTEMPATH\CodeIgniter.php(907): App\Controllers\Penduduk->index()
14 SYSTEMPATH\CodeIgniter.php(457): CodeIgniter\CodeIgniter->runController(Object(App\Controllers\Penduduk))
15 SYSTEMPATH\CodeIgniter.php(340): CodeIgniter\CodeIgniter->handleRequest(null, Object(Config\Cache), false)
16 FCPATH\index.php(67): CodeIgniter\CodeIgniter->run()
CRITICAL - 2022-09-21 09:31:24 --> Undefined variable: data_penduduk
in APPPATH\Views\pages\penduduk\penduduk_view.php on line 23.
 1 APPPATH\Views\pages\penduduk\penduduk_view.php(23): CodeIgniter\Debug\Exceptions->errorHandler(8, 'Undefined variable: data_penduduk', 'APPPATH\\Views\\pages\\penduduk\\penduduk_view.php', 23, [...])
 2 SYSTEMPATH\View\View.php(213): include('APPPATH\\Views\\pages\\penduduk\\penduduk_view.php')
 3 SYSTEMPATH\View\View.php(216): CodeIgniter\View\View->CodeIgniter\View\{closure}()
 4 SYSTEMPATH\Common.php(1142): CodeIgniter\View\View->render('pages/penduduk/penduduk_view', [], true)
 5 APPPATH\Views\layout\content_view.php(3): view('pages/penduduk/penduduk_view')
 6 SYSTEMPATH\View\View.php(213): include('APPPATH\\Views\\layout\\content_view.php')
 7 SYSTEMPATH\View\View.php(216): CodeIgniter\View\View->CodeIgniter\View\{closure}()
 8 SYSTEMPATH\Common.php(1142): CodeIgniter\View\View->render('layout/content_view', [], true)
 9 APPPATH\Views\layout\wrapper_view.php(5): view('layout/content_view')
10 SYSTEMPATH\View\View.php(213): include('APPPATH\\Views\\layout\\wrapper_view.php')
11 SYSTEMPATH\View\View.php(216): CodeIgniter\View\View->CodeIgniter\View\{closure}()
12 SYSTEMPATH\Common.php(1142): CodeIgniter\View\View->render('layout/wrapper_view', [], true)
13 APPPATH\Controllers\Penduduk.php(13): view('layout/wrapper_view', [...])
14 SYSTEMPATH\CodeIgniter.php(907): App\Controllers\Penduduk->index()
15 SYSTEMPATH\CodeIgniter.php(457): CodeIgniter\CodeIgniter->runController(Object(App\Controllers\Penduduk))
16 SYSTEMPATH\CodeIgniter.php(340): CodeIgniter\CodeIgniter->handleRequest(null, Object(Config\Cache), false)
17 FCPATH\index.php(67): CodeIgniter\CodeIgniter->run()
ERROR - 2022-09-21 10:02:14 --> mysqli_sql_exception: Column 'no_kk' cannot be null in C:\xampp\htdocs\ci4\system\Database\MySQLi\Connection.php:292
Stack trace:
#0 C:\xampp\htdocs\ci4\system\Database\MySQLi\Connection.php(292): mysqli->query('INSERT INTO `da...', 0)
#1 C:\xampp\htdocs\ci4\system\Database\BaseConnection.php(693): CodeIgniter\Database\MySQLi\Connection->execute('INSERT INTO `da...')
#2 C:\xampp\htdocs\ci4\system\Database\BaseConnection.php(620): CodeIgniter\Database\BaseConnection->simpleQuery('INSERT INTO `da...')
#3 C:\xampp\htdocs\ci4\system\Database\BaseBuilder.php(1916): CodeIgniter\Database\BaseConnection->query('INSERT INTO `da...', Array, false)
#4 C:\xampp\htdocs\ci4\app\Models\Model_datapenduduk.php(18): CodeIgniter\Database\BaseBuilder->insert(Array)
#5 C:\xampp\htdocs\ci4\app\Controllers\Penduduk.php(46): App\Models\Model_datapenduduk->add(Array)
#6 C:\xampp\htdocs\ci4\system\CodeIgniter.php(907): App\Controllers\Penduduk->add()
#7 C:\xampp\htdocs\ci4\system\CodeIgniter.php(457): CodeIgniter\CodeIgniter->runController(Object(App\Controllers\Penduduk))
#8 C:\xampp\htdocs\ci4\system\CodeIgniter.php(340): CodeIgniter\CodeIgniter->handleRequest(NULL, Object(Config\Cache), false)
#9 C:\xampp\htdocs\ci4\public\index.php(67): CodeIgniter\CodeIgniter->run()
#10 {main}
CRITICAL - 2022-09-21 10:02:14 --> Column 'no_kk' cannot be null
in SYSTEMPATH\Database\MySQLi\Connection.php on line 292.
 1 SYSTEMPATH\Database\MySQLi\Connection.php(292): mysqli->query('INSERT INTO `data_penduduk` (`no_kk`, `nik`, `nama`, `tempat_lahir`, `tgl_lahir`, `jk`, `alamat`, `rt`, `rw`, `agama`, `status_perkawinan`, `pendidikan`, `pekerjaan`, `status_tinggal`, `gol_darah`, `kewarganegaraan`) VALUES (NULL, NULL, NULL, NULL, NULL, NULL, NULL, NULL, NULL, NULL, NULL, NULL, NULL, NULL, NULL, NULL)', 0)
 2 SYSTEMPATH\Database\BaseConnection.php(693): CodeIgniter\Database\MySQLi\Connection->execute('INSERT INTO `data_penduduk` (`no_kk`, `nik`, `nama`, `tempat_lahir`, `tgl_lahir`, `jk`, `alamat`, `rt`, `rw`, `agama`, `status_perkawinan`, `pendidikan`, `pekerjaan`, `status_tinggal`, `gol_darah`, `kewarganegaraan`) VALUES (NULL, NULL, NULL, NULL, NULL, NULL, NULL, NULL, NULL, NULL, NULL, NULL, NULL, NULL, NULL, NULL)')
 3 SYSTEMPATH\Database\BaseConnection.php(620): CodeIgniter\Database\BaseConnection->simpleQuery('INSERT INTO `data_penduduk` (`no_kk`, `nik`, `nama`, `tempat_lahir`, `tgl_lahir`, `jk`, `alamat`, `rt`, `rw`, `agama`, `status_perkawinan`, `pendidikan`, `pekerjaan`, `status_tinggal`, `gol_darah`, `kewarganegaraan`) VALUES (NULL, NULL, NULL, NULL, NULL, NULL, NULL, NULL, NULL, NULL, NULL, NULL, NULL, NULL, NULL, NULL)')
 4 SYSTEMPATH\Database\BaseBuilder.php(1916): CodeIgniter\Database\BaseConnection->query('INSERT INTO `data_penduduk` (`no_kk`, `nik`, `nama`, `tempat_lahir`, `tgl_lahir`, `jk`, `alamat`, `rt`, `rw`, `agama`, `status_perkawinan`, `pendidikan`, `pekerjaan`, `status_tinggal`, `gol_darah`, `kewarganegaraan`) VALUES (:no_kk:, :nik:, :nama:, :tempat_lahir:, :tgl_lahir:, :jk:, :alamat:, :rt:, :rw:, :agama:, :status_perkawinan:, :pendidikan:, :pekerjaan:, :status_tinggal:, :gol_darah:, :kewarganegaraan:)', [...], false)
 5 APPPATH\Models\Model_datapenduduk.php(18): CodeIgniter\Database\BaseBuilder->insert([...])
 6 APPPATH\Controllers\Penduduk.php(46): App\Models\Model_datapenduduk->add([...])
 7 SYSTEMPATH\CodeIgniter.php(907): App\Controllers\Penduduk->add()
 8 SYSTEMPATH\CodeIgniter.php(457): CodeIgniter\CodeIgniter->runController(Object(App\Controllers\Penduduk))
 9 SYSTEMPATH\CodeIgniter.php(340): CodeIgniter\CodeIgniter->handleRequest(null, Object(Config\Cache), false)
10 FCPATH\index.php(67): CodeIgniter\CodeIgniter->run()
CRITICAL - 2022-09-21 10:36:59 --> Undefined property: App\Controllers\Penduduk::$Model_penduduk
in APPPATH\Controllers\Penduduk.php on line 27.
 1 APPPATH\Controllers\Penduduk.php(27): CodeIgniter\Debug\Exceptions->errorHandler(8, 'Undefined property: App\\Controllers\\Penduduk::$Model_penduduk', 'APPPATH\\Controllers\\Penduduk.php', 27, [])
 2 SYSTEMPATH\CodeIgniter.php(907): App\Controllers\Penduduk->add()
 3 SYSTEMPATH\CodeIgniter.php(457): CodeIgniter\CodeIgniter->runController(Object(App\Controllers\Penduduk))
 4 SYSTEMPATH\CodeIgniter.php(340): CodeIgniter\CodeIgniter->handleRequest(null, Object(Config\Cache), false)
 5 FCPATH\index.php(67): CodeIgniter\CodeIgniter->run()
CRITICAL - 2022-09-21 10:37:09 --> Undefined property: App\Controllers\Penduduk::$Model_penduduk
in APPPATH\Controllers\Penduduk.php on line 27.
 1 APPPATH\Controllers\Penduduk.php(27): CodeIgniter\Debug\Exceptions->errorHandler(8, 'Undefined property: App\\Controllers\\Penduduk::$Model_penduduk', 'APPPATH\\Controllers\\Penduduk.php', 27, [])
 2 SYSTEMPATH\CodeIgniter.php(907): App\Controllers\Penduduk->add()
 3 SYSTEMPATH\CodeIgniter.php(457): CodeIgniter\CodeIgniter->runController(Object(App\Controllers\Penduduk))
 4 SYSTEMPATH\CodeIgniter.php(340): CodeIgniter\CodeIgniter->handleRequest(null, Object(Config\Cache), false)
 5 FCPATH\index.php(67): CodeIgniter\CodeIgniter->run()
CRITICAL - 2022-09-21 10:37:39 --> Undefined variable: data_penduduk
in APPPATH\Views\pages\penduduk\penduduk_view.php on line 30.
 1 APPPATH\Views\pages\penduduk\penduduk_view.php(30): CodeIgniter\Debug\Exceptions->errorHandler(8, 'Undefined variable: data_penduduk', 'APPPATH\\Views\\pages\\penduduk\\penduduk_view.php', 30, [...])
 2 SYSTEMPATH\View\View.php(213): include('APPPATH\\Views\\pages\\penduduk\\penduduk_view.php')
 3 SYSTEMPATH\View\View.php(216): CodeIgniter\View\View->CodeIgniter\View\{closure}()
 4 SYSTEMPATH\Common.php(1142): CodeIgniter\View\View->render('pages/penduduk/penduduk_view', [], true)
 5 APPPATH\Views\layout\content_view.php(3): view('pages/penduduk/penduduk_view')
 6 SYSTEMPATH\View\View.php(213): include('APPPATH\\Views\\layout\\content_view.php')
 7 SYSTEMPATH\View\View.php(216): CodeIgniter\View\View->CodeIgniter\View\{closure}()
 8 SYSTEMPATH\Common.php(1142): CodeIgniter\View\View->render('layout/content_view', [], true)
 9 APPPATH\Views\layout\wrapper_view.php(5): view('layout/content_view')
10 SYSTEMPATH\View\View.php(213): include('APPPATH\\Views\\layout\\wrapper_view.php')
11 SYSTEMPATH\View\View.php(216): CodeIgniter\View\View->CodeIgniter\View\{closure}()
12 SYSTEMPATH\Common.php(1142): CodeIgniter\View\View->render('layout/wrapper_view', [], true)
13 APPPATH\Controllers\Penduduk.php(30): view('layout/wrapper_view', [...])
14 SYSTEMPATH\CodeIgniter.php(907): App\Controllers\Penduduk->add()
15 SYSTEMPATH\CodeIgniter.php(457): CodeIgniter\CodeIgniter->runController(Object(App\Controllers\Penduduk))
16 SYSTEMPATH\CodeIgniter.php(340): CodeIgniter\CodeIgniter->handleRequest(null, Object(Config\Cache), false)
17 FCPATH\index.php(67): CodeIgniter\CodeIgniter->run()
CRITICAL - 2022-09-21 10:38:29 --> Undefined variable: penduduk
in APPPATH\Views\pages\penduduk\penduduk_view.php on line 30.
 1 APPPATH\Views\pages\penduduk\penduduk_view.php(30): CodeIgniter\Debug\Exceptions->errorHandler(8, 'Undefined variable: penduduk', 'APPPATH\\Views\\pages\\penduduk\\penduduk_view.php', 30, [...])
 2 SYSTEMPATH\View\View.php(213): include('APPPATH\\Views\\pages\\penduduk\\penduduk_view.php')
 3 SYSTEMPATH\View\View.php(216): CodeIgniter\View\View->CodeIgniter\View\{closure}()
 4 SYSTEMPATH\Common.php(1142): CodeIgniter\View\View->render('pages/penduduk/penduduk_view', [], true)
 5 APPPATH\Views\layout\content_view.php(3): view('pages/penduduk/penduduk_view')
 6 SYSTEMPATH\View\View.php(213): include('APPPATH\\Views\\layout\\content_view.php')
 7 SYSTEMPATH\View\View.php(216): CodeIgniter\View\View->CodeIgniter\View\{closure}()
 8 SYSTEMPATH\Common.php(1142): CodeIgniter\View\View->render('layout/content_view', [], true)
 9 APPPATH\Views\layout\wrapper_view.php(5): view('layout/content_view')
10 SYSTEMPATH\View\View.php(213): include('APPPATH\\Views\\layout\\wrapper_view.php')
11 SYSTEMPATH\View\View.php(216): CodeIgniter\View\View->CodeIgniter\View\{closure}()
12 SYSTEMPATH\Common.php(1142): CodeIgniter\View\View->render('layout/wrapper_view', [], true)
13 APPPATH\Controllers\Penduduk.php(30): view('layout/wrapper_view', [...])
14 SYSTEMPATH\CodeIgniter.php(907): App\Controllers\Penduduk->add()
15 SYSTEMPATH\CodeIgniter.php(457): CodeIgniter\CodeIgniter->runController(Object(App\Controllers\Penduduk))
16 SYSTEMPATH\CodeIgniter.php(340): CodeIgniter\CodeIgniter->handleRequest(null, Object(Config\Cache), false)
17 FCPATH\index.php(67): CodeIgniter\CodeIgniter->run()
CRITICAL - 2022-09-21 10:38:34 --> Undefined variable: penduduk
in APPPATH\Views\pages\penduduk\penduduk_view.php on line 30.
 1 APPPATH\Views\pages\penduduk\penduduk_view.php(30): CodeIgniter\Debug\Exceptions->errorHandler(8, 'Undefined variable: penduduk', 'APPPATH\\Views\\pages\\penduduk\\penduduk_view.php', 30, [...])
 2 SYSTEMPATH\View\View.php(213): include('APPPATH\\Views\\pages\\penduduk\\penduduk_view.php')
 3 SYSTEMPATH\View\View.php(216): CodeIgniter\View\View->CodeIgniter\View\{closure}()
 4 SYSTEMPATH\Common.php(1142): CodeIgniter\View\View->render('pages/penduduk/penduduk_view', [], true)
 5 APPPATH\Views\layout\content_view.php(3): view('pages/penduduk/penduduk_view')
 6 SYSTEMPATH\View\View.php(213): include('APPPATH\\Views\\layout\\content_view.php')
 7 SYSTEMPATH\View\View.php(216): CodeIgniter\View\View->CodeIgniter\View\{closure}()
 8 SYSTEMPATH\Common.php(1142): CodeIgniter\View\View->render('layout/content_view', [], true)
 9 APPPATH\Views\layout\wrapper_view.php(5): view('layout/content_view')
10 SYSTEMPATH\View\View.php(213): include('APPPATH\\Views\\layout\\wrapper_view.php')
11 SYSTEMPATH\View\View.php(216): CodeIgniter\View\View->CodeIgniter\View\{closure}()
12 SYSTEMPATH\Common.php(1142): CodeIgniter\View\View->render('layout/wrapper_view', [], true)
13 APPPATH\Controllers\Penduduk.php(30): view('layout/wrapper_view', [...])
14 SYSTEMPATH\CodeIgniter.php(907): App\Controllers\Penduduk->add()
15 SYSTEMPATH\CodeIgniter.php(457): CodeIgniter\CodeIgniter->runController(Object(App\Controllers\Penduduk))
16 SYSTEMPATH\CodeIgniter.php(340): CodeIgniter\CodeIgniter->handleRequest(null, Object(Config\Cache), false)
17 FCPATH\index.php(67): CodeIgniter\CodeIgniter->run()
CRITICAL - 2022-09-21 10:39:10 --> Undefined variable: penduduk
in APPPATH\Views\pages\penduduk\penduduk_view.php on line 30.
 1 APPPATH\Views\pages\penduduk\penduduk_view.php(30): CodeIgniter\Debug\Exceptions->errorHandler(8, 'Undefined variable: penduduk', 'APPPATH\\Views\\pages\\penduduk\\penduduk_view.php', 30, [...])
 2 SYSTEMPATH\View\View.php(213): include('APPPATH\\Views\\pages\\penduduk\\penduduk_view.php')
 3 SYSTEMPATH\View\View.php(216): CodeIgniter\View\View->CodeIgniter\View\{closure}()
 4 SYSTEMPATH\Common.php(1142): CodeIgniter\View\View->render('pages/penduduk/penduduk_view', [], true)
 5 APPPATH\Views\layout\content_view.php(3): view('pages/penduduk/penduduk_view')
 6 SYSTEMPATH\View\View.php(213): include('APPPATH\\Views\\layout\\content_view.php')
 7 SYSTEMPATH\View\View.php(216): CodeIgniter\View\View->CodeIgniter\View\{closure}()
 8 SYSTEMPATH\Common.php(1142): CodeIgniter\View\View->render('layout/content_view', [], true)
 9 APPPATH\Views\layout\wrapper_view.php(5): view('layout/content_view')
10 SYSTEMPATH\View\View.php(213): include('APPPATH\\Views\\layout\\wrapper_view.php')
11 SYSTEMPATH\View\View.php(216): CodeIgniter\View\View->CodeIgniter\View\{closure}()
12 SYSTEMPATH\Common.php(1142): CodeIgniter\View\View->render('layout/wrapper_view', [], true)
13 APPPATH\Controllers\Penduduk.php(30): view('layout/wrapper_view', [...])
14 SYSTEMPATH\CodeIgniter.php(907): App\Controllers\Penduduk->add()
15 SYSTEMPATH\CodeIgniter.php(457): CodeIgniter\CodeIgniter->runController(Object(App\Controllers\Penduduk))
16 SYSTEMPATH\CodeIgniter.php(340): CodeIgniter\CodeIgniter->handleRequest(null, Object(Config\Cache), false)
17 FCPATH\index.php(67): CodeIgniter\CodeIgniter->run()
CRITICAL - 2022-09-21 10:39:11 --> Undefined variable: penduduk
in APPPATH\Views\pages\penduduk\penduduk_view.php on line 30.
 1 APPPATH\Views\pages\penduduk\penduduk_view.php(30): CodeIgniter\Debug\Exceptions->errorHandler(8, 'Undefined variable: penduduk', 'APPPATH\\Views\\pages\\penduduk\\penduduk_view.php', 30, [...])
 2 SYSTEMPATH\View\View.php(213): include('APPPATH\\Views\\pages\\penduduk\\penduduk_view.php')
 3 SYSTEMPATH\View\View.php(216): CodeIgniter\View\View->CodeIgniter\View\{closure}()
 4 SYSTEMPATH\Common.php(1142): CodeIgniter\View\View->render('pages/penduduk/penduduk_view', [], true)
 5 APPPATH\Views\layout\content_view.php(3): view('pages/penduduk/penduduk_view')
 6 SYSTEMPATH\View\View.php(213): include('APPPATH\\Views\\layout\\content_view.php')
 7 SYSTEMPATH\View\View.php(216): CodeIgniter\View\View->CodeIgniter\View\{closure}()
 8 SYSTEMPATH\Common.php(1142): CodeIgniter\View\View->render('layout/content_view', [], true)
 9 APPPATH\Views\layout\wrapper_view.php(5): view('layout/content_view')
10 SYSTEMPATH\View\View.php(213): include('APPPATH\\Views\\layout\\wrapper_view.php')
11 SYSTEMPATH\View\View.php(216): CodeIgniter\View\View->CodeIgniter\View\{closure}()
12 SYSTEMPATH\Common.php(1142): CodeIgniter\View\View->render('layout/wrapper_view', [], true)
13 APPPATH\Controllers\Penduduk.php(21): view('layout/wrapper_view', [...])
14 SYSTEMPATH\CodeIgniter.php(907): App\Controllers\Penduduk->index()
15 SYSTEMPATH\CodeIgniter.php(457): CodeIgniter\CodeIgniter->runController(Object(App\Controllers\Penduduk))
16 SYSTEMPATH\CodeIgniter.php(340): CodeIgniter\CodeIgniter->handleRequest(null, Object(Config\Cache), false)
17 FCPATH\index.php(67): CodeIgniter\CodeIgniter->run()
CRITICAL - 2022-09-21 10:39:17 --> Undefined variable: penduduk
in APPPATH\Views\pages\penduduk\penduduk_view.php on line 30.
 1 APPPATH\Views\pages\penduduk\penduduk_view.php(30): CodeIgniter\Debug\Exceptions->errorHandler(8, 'Undefined variable: penduduk', 'APPPATH\\Views\\pages\\penduduk\\penduduk_view.php', 30, [...])
 2 SYSTEMPATH\View\View.php(213): include('APPPATH\\Views\\pages\\penduduk\\penduduk_view.php')
 3 SYSTEMPATH\View\View.php(216): CodeIgniter\View\View->CodeIgniter\View\{closure}()
 4 SYSTEMPATH\Common.php(1142): CodeIgniter\View\View->render('pages/penduduk/penduduk_view', [], true)
 5 APPPATH\Views\layout\content_view.php(3): view('pages/penduduk/penduduk_view')
 6 SYSTEMPATH\View\View.php(213): include('APPPATH\\Views\\layout\\content_view.php')
 7 SYSTEMPATH\View\View.php(216): CodeIgniter\View\View->CodeIgniter\View\{closure}()
 8 SYSTEMPATH\Common.php(1142): CodeIgniter\View\View->render('layout/content_view', [], true)
 9 APPPATH\Views\layout\wrapper_view.php(5): view('layout/content_view')
10 SYSTEMPATH\View\View.php(213): include('APPPATH\\Views\\layout\\wrapper_view.php')
11 SYSTEMPATH\View\View.php(216): CodeIgniter\View\View->CodeIgniter\View\{closure}()
12 SYSTEMPATH\Common.php(1142): CodeIgniter\View\View->render('layout/wrapper_view', [], true)
13 APPPATH\Controllers\Penduduk.php(21): view('layout/wrapper_view', [...])
14 SYSTEMPATH\CodeIgniter.php(907): App\Controllers\Penduduk->index()
15 SYSTEMPATH\CodeIgniter.php(457): CodeIgniter\CodeIgniter->runController(Object(App\Controllers\Penduduk))
16 SYSTEMPATH\CodeIgniter.php(340): CodeIgniter\CodeIgniter->handleRequest(null, Object(Config\Cache), false)
17 FCPATH\index.php(67): CodeIgniter\CodeIgniter->run()
CRITICAL - 2022-09-21 10:39:28 --> Undefined variable: penduduk
in APPPATH\Views\pages\penduduk\penduduk_view.php on line 30.
 1 APPPATH\Views\pages\penduduk\penduduk_view.php(30): CodeIgniter\Debug\Exceptions->errorHandler(8, 'Undefined variable: penduduk', 'APPPATH\\Views\\pages\\penduduk\\penduduk_view.php', 30, [...])
 2 SYSTEMPATH\View\View.php(213): include('APPPATH\\Views\\pages\\penduduk\\penduduk_view.php')
 3 SYSTEMPATH\View\View.php(216): CodeIgniter\View\View->CodeIgniter\View\{closure}()
 4 SYSTEMPATH\Common.php(1142): CodeIgniter\View\View->render('pages/penduduk/penduduk_view', [], true)
 5 APPPATH\Views\layout\content_view.php(3): view('pages/penduduk/penduduk_view')
 6 SYSTEMPATH\View\View.php(213): include('APPPATH\\Views\\layout\\content_view.php')
 7 SYSTEMPATH\View\View.php(216): CodeIgniter\View\View->CodeIgniter\View\{closure}()
 8 SYSTEMPATH\Common.php(1142): CodeIgniter\View\View->render('layout/content_view', [], true)
 9 APPPATH\Views\layout\wrapper_view.php(5): view('layout/content_view')
10 SYSTEMPATH\View\View.php(213): include('APPPATH\\Views\\layout\\wrapper_view.php')
11 SYSTEMPATH\View\View.php(216): CodeIgniter\View\View->CodeIgniter\View\{closure}()
12 SYSTEMPATH\Common.php(1142): CodeIgniter\View\View->render('layout/wrapper_view', [], true)
13 APPPATH\Controllers\Penduduk.php(21): view('layout/wrapper_view', [...])
14 SYSTEMPATH\CodeIgniter.php(907): App\Controllers\Penduduk->index()
15 SYSTEMPATH\CodeIgniter.php(457): CodeIgniter\CodeIgniter->runController(Object(App\Controllers\Penduduk))
16 SYSTEMPATH\CodeIgniter.php(340): CodeIgniter\CodeIgniter->handleRequest(null, Object(Config\Cache), false)
17 FCPATH\index.php(67): CodeIgniter\CodeIgniter->run()
CRITICAL - 2022-09-21 10:39:38 --> Undefined variable: data_penduduk
in APPPATH\Views\pages\penduduk\penduduk_view.php on line 30.
 1 APPPATH\Views\pages\penduduk\penduduk_view.php(30): CodeIgniter\Debug\Exceptions->errorHandler(8, 'Undefined variable: data_penduduk', 'APPPATH\\Views\\pages\\penduduk\\penduduk_view.php', 30, [...])
 2 SYSTEMPATH\View\View.php(213): include('APPPATH\\Views\\pages\\penduduk\\penduduk_view.php')
 3 SYSTEMPATH\View\View.php(216): CodeIgniter\View\View->CodeIgniter\View\{closure}()
 4 SYSTEMPATH\Common.php(1142): CodeIgniter\View\View->render('pages/penduduk/penduduk_view', [], true)
 5 APPPATH\Views\layout\content_view.php(3): view('pages/penduduk/penduduk_view')
 6 SYSTEMPATH\View\View.php(213): include('APPPATH\\Views\\layout\\content_view.php')
 7 SYSTEMPATH\View\View.php(216): CodeIgniter\View\View->CodeIgniter\View\{closure}()
 8 SYSTEMPATH\Common.php(1142): CodeIgniter\View\View->render('layout/content_view', [], true)
 9 APPPATH\Views\layout\wrapper_view.php(5): view('layout/content_view')
10 SYSTEMPATH\View\View.php(213): include('APPPATH\\Views\\layout\\wrapper_view.php')
11 SYSTEMPATH\View\View.php(216): CodeIgniter\View\View->CodeIgniter\View\{closure}()
12 SYSTEMPATH\Common.php(1142): CodeIgniter\View\View->render('layout/wrapper_view', [], true)
13 APPPATH\Controllers\Penduduk.php(30): view('layout/wrapper_view', [...])
14 SYSTEMPATH\CodeIgniter.php(907): App\Controllers\Penduduk->add()
15 SYSTEMPATH\CodeIgniter.php(457): CodeIgniter\CodeIgniter->runController(Object(App\Controllers\Penduduk))
16 SYSTEMPATH\CodeIgniter.php(340): CodeIgniter\CodeIgniter->handleRequest(null, Object(Config\Cache), false)
17 FCPATH\index.php(67): CodeIgniter\CodeIgniter->run()
CRITICAL - 2022-09-21 10:41:43 --> Undefined variable: data_penduduk
in APPPATH\Views\pages\penduduk\penduduk_view.php on line 30.
 1 APPPATH\Views\pages\penduduk\penduduk_view.php(30): CodeIgniter\Debug\Exceptions->errorHandler(8, 'Undefined variable: data_penduduk', 'APPPATH\\Views\\pages\\penduduk\\penduduk_view.php', 30, [...])
 2 SYSTEMPATH\View\View.php(213): include('APPPATH\\Views\\pages\\penduduk\\penduduk_view.php')
 3 SYSTEMPATH\View\View.php(216): CodeIgniter\View\View->CodeIgniter\View\{closure}()
 4 SYSTEMPATH\Common.php(1142): CodeIgniter\View\View->render('pages/penduduk/penduduk_view', [], true)
 5 APPPATH\Views\layout\content_view.php(3): view('pages/penduduk/penduduk_view')
 6 SYSTEMPATH\View\View.php(213): include('APPPATH\\Views\\layout\\content_view.php')
 7 SYSTEMPATH\View\View.php(216): CodeIgniter\View\View->CodeIgniter\View\{closure}()
 8 SYSTEMPATH\Common.php(1142): CodeIgniter\View\View->render('layout/content_view', [], true)
 9 APPPATH\Views\layout\wrapper_view.php(5): view('layout/content_view')
10 SYSTEMPATH\View\View.php(213): include('APPPATH\\Views\\layout\\wrapper_view.php')
11 SYSTEMPATH\View\View.php(216): CodeIgniter\View\View->CodeIgniter\View\{closure}()
12 SYSTEMPATH\Common.php(1142): CodeIgniter\View\View->render('layout/wrapper_view', [], true)
13 APPPATH\Controllers\Penduduk.php(30): view('layout/wrapper_view', [...])
14 SYSTEMPATH\CodeIgniter.php(907): App\Controllers\Penduduk->add()
15 SYSTEMPATH\CodeIgniter.php(457): CodeIgniter\CodeIgniter->runController(Object(App\Controllers\Penduduk))
16 SYSTEMPATH\CodeIgniter.php(340): CodeIgniter\CodeIgniter->handleRequest(null, Object(Config\Cache), false)
17 FCPATH\index.php(67): CodeIgniter\CodeIgniter->run()
CRITICAL - 2022-09-21 10:41:52 --> Undefined variable: data_penduduk
in APPPATH\Views\pages\penduduk\penduduk_view.php on line 30.
 1 APPPATH\Views\pages\penduduk\penduduk_view.php(30): CodeIgniter\Debug\Exceptions->errorHandler(8, 'Undefined variable: data_penduduk', 'APPPATH\\Views\\pages\\penduduk\\penduduk_view.php', 30, [...])
 2 SYSTEMPATH\View\View.php(213): include('APPPATH\\Views\\pages\\penduduk\\penduduk_view.php')
 3 SYSTEMPATH\View\View.php(216): CodeIgniter\View\View->CodeIgniter\View\{closure}()
 4 SYSTEMPATH\Common.php(1142): CodeIgniter\View\View->render('pages/penduduk/penduduk_view', [], true)
 5 APPPATH\Views\layout\content_view.php(3): view('pages/penduduk/penduduk_view')
 6 SYSTEMPATH\View\View.php(213): include('APPPATH\\Views\\layout\\content_view.php')
 7 SYSTEMPATH\View\View.php(216): CodeIgniter\View\View->CodeIgniter\View\{closure}()
 8 SYSTEMPATH\Common.php(1142): CodeIgniter\View\View->render('layout/content_view', [], true)
 9 APPPATH\Views\layout\wrapper_view.php(5): view('layout/content_view')
10 SYSTEMPATH\View\View.php(213): include('APPPATH\\Views\\layout\\wrapper_view.php')
11 SYSTEMPATH\View\View.php(216): CodeIgniter\View\View->CodeIgniter\View\{closure}()
12 SYSTEMPATH\Common.php(1142): CodeIgniter\View\View->render('layout/wrapper_view', [], true)
13 APPPATH\Controllers\Penduduk.php(30): view('layout/wrapper_view', [...])
14 SYSTEMPATH\CodeIgniter.php(907): App\Controllers\Penduduk->add()
15 SYSTEMPATH\CodeIgniter.php(457): CodeIgniter\CodeIgniter->runController(Object(App\Controllers\Penduduk))
16 SYSTEMPATH\CodeIgniter.php(340): CodeIgniter\CodeIgniter->handleRequest(null, Object(Config\Cache), false)
17 FCPATH\index.php(67): CodeIgniter\CodeIgniter->run()
CRITICAL - 2022-09-21 10:42:00 --> Undefined variable: data_penduduk
in APPPATH\Views\pages\penduduk\penduduk_view.php on line 30.
 1 APPPATH\Views\pages\penduduk\penduduk_view.php(30): CodeIgniter\Debug\Exceptions->errorHandler(8, 'Undefined variable: data_penduduk', 'APPPATH\\Views\\pages\\penduduk\\penduduk_view.php', 30, [...])
 2 SYSTEMPATH\View\View.php(213): include('APPPATH\\Views\\pages\\penduduk\\penduduk_view.php')
 3 SYSTEMPATH\View\View.php(216): CodeIgniter\View\View->CodeIgniter\View\{closure}()
 4 SYSTEMPATH\Common.php(1142): CodeIgniter\View\View->render('pages/penduduk/penduduk_view', [], true)
 5 APPPATH\Views\layout\content_view.php(3): view('pages/penduduk/penduduk_view')
 6 SYSTEMPATH\View\View.php(213): include('APPPATH\\Views\\layout\\content_view.php')
 7 SYSTEMPATH\View\View.php(216): CodeIgniter\View\View->CodeIgniter\View\{closure}()
 8 SYSTEMPATH\Common.php(1142): CodeIgniter\View\View->render('layout/content_view', [], true)
 9 APPPATH\Views\layout\wrapper_view.php(5): view('layout/content_view')
10 SYSTEMPATH\View\View.php(213): include('APPPATH\\Views\\layout\\wrapper_view.php')
11 SYSTEMPATH\View\View.php(216): CodeIgniter\View\View->CodeIgniter\View\{closure}()
12 SYSTEMPATH\Common.php(1142): CodeIgniter\View\View->render('layout/wrapper_view', [], true)
13 APPPATH\Controllers\Penduduk.php(30): view('layout/wrapper_view', [...])
14 SYSTEMPATH\CodeIgniter.php(907): App\Controllers\Penduduk->add()
15 SYSTEMPATH\CodeIgniter.php(457): CodeIgniter\CodeIgniter->runController(Object(App\Controllers\Penduduk))
16 SYSTEMPATH\CodeIgniter.php(340): CodeIgniter\CodeIgniter->handleRequest(null, Object(Config\Cache), false)
17 FCPATH\index.php(67): CodeIgniter\CodeIgniter->run()
CRITICAL - 2022-09-21 10:44:02 --> Undefined variable: data_penduduk
in APPPATH\Views\pages\penduduk\penduduk_view.php on line 30.
 1 APPPATH\Views\pages\penduduk\penduduk_view.php(30): CodeIgniter\Debug\Exceptions->errorHandler(8, 'Undefined variable: data_penduduk', 'APPPATH\\Views\\pages\\penduduk\\penduduk_view.php', 30, [...])
 2 SYSTEMPATH\View\View.php(213): include('APPPATH\\Views\\pages\\penduduk\\penduduk_view.php')
 3 SYSTEMPATH\View\View.php(216): CodeIgniter\View\View->CodeIgniter\View\{closure}()
 4 SYSTEMPATH\Common.php(1142): CodeIgniter\View\View->render('pages/penduduk/penduduk_view', [], true)
 5 APPPATH\Views\layout\content_view.php(3): view('pages/penduduk/penduduk_view')
 6 SYSTEMPATH\View\View.php(213): include('APPPATH\\Views\\layout\\content_view.php')
 7 SYSTEMPATH\View\View.php(216): CodeIgniter\View\View->CodeIgniter\View\{closure}()
 8 SYSTEMPATH\Common.php(1142): CodeIgniter\View\View->render('layout/content_view', [], true)
 9 APPPATH\Views\layout\wrapper_view.php(5): view('layout/content_view')
10 SYSTEMPATH\View\View.php(213): include('APPPATH\\Views\\layout\\wrapper_view.php')
11 SYSTEMPATH\View\View.php(216): CodeIgniter\View\View->CodeIgniter\View\{closure}()
12 SYSTEMPATH\Common.php(1142): CodeIgniter\View\View->render('layout/wrapper_view', [], true)
13 APPPATH\Controllers\Penduduk.php(30): view('layout/wrapper_view', [...])
14 SYSTEMPATH\CodeIgniter.php(907): App\Controllers\Penduduk->add()
15 SYSTEMPATH\CodeIgniter.php(457): CodeIgniter\CodeIgniter->runController(Object(App\Controllers\Penduduk))
16 SYSTEMPATH\CodeIgniter.php(340): CodeIgniter\CodeIgniter->handleRequest(null, Object(Config\Cache), false)
17 FCPATH\index.php(67): CodeIgniter\CodeIgniter->run()
CRITICAL - 2022-09-21 10:44:28 --> Undefined variable: data_penduduk
in APPPATH\Views\pages\penduduk\penduduk_view.php on line 30.
 1 APPPATH\Views\pages\penduduk\penduduk_view.php(30): CodeIgniter\Debug\Exceptions->errorHandler(8, 'Undefined variable: data_penduduk', 'APPPATH\\Views\\pages\\penduduk\\penduduk_view.php', 30, [...])
 2 SYSTEMPATH\View\View.php(213): include('APPPATH\\Views\\pages\\penduduk\\penduduk_view.php')
 3 SYSTEMPATH\View\View.php(216): CodeIgniter\View\View->CodeIgniter\View\{closure}()
 4 SYSTEMPATH\Common.php(1142): CodeIgniter\View\View->render('pages/penduduk/penduduk_view', [], true)
 5 APPPATH\Views\layout\content_view.php(3): view('pages/penduduk/penduduk_view')
 6 SYSTEMPATH\View\View.php(213): include('APPPATH\\Views\\layout\\content_view.php')
 7 SYSTEMPATH\View\View.php(216): CodeIgniter\View\View->CodeIgniter\View\{closure}()
 8 SYSTEMPATH\Common.php(1142): CodeIgniter\View\View->render('layout/content_view', [], true)
 9 APPPATH\Views\layout\wrapper_view.php(5): view('layout/content_view')
10 SYSTEMPATH\View\View.php(213): include('APPPATH\\Views\\layout\\wrapper_view.php')
11 SYSTEMPATH\View\View.php(216): CodeIgniter\View\View->CodeIgniter\View\{closure}()
12 SYSTEMPATH\Common.php(1142): CodeIgniter\View\View->render('layout/wrapper_view', [], true)
13 APPPATH\Controllers\Penduduk.php(30): view('layout/wrapper_view', [...])
14 SYSTEMPATH\CodeIgniter.php(907): App\Controllers\Penduduk->add()
15 SYSTEMPATH\CodeIgniter.php(457): CodeIgniter\CodeIgniter->runController(Object(App\Controllers\Penduduk))
16 SYSTEMPATH\CodeIgniter.php(340): CodeIgniter\CodeIgniter->handleRequest(null, Object(Config\Cache), false)
17 FCPATH\index.php(67): CodeIgniter\CodeIgniter->run()
CRITICAL - 2022-09-21 10:45:07 --> Undefined variable: data_penduduk
in APPPATH\Views\pages\penduduk\penduduk_view.php on line 30.
 1 APPPATH\Views\pages\penduduk\penduduk_view.php(30): CodeIgniter\Debug\Exceptions->errorHandler(8, 'Undefined variable: data_penduduk', 'APPPATH\\Views\\pages\\penduduk\\penduduk_view.php', 30, [...])
 2 SYSTEMPATH\View\View.php(213): include('APPPATH\\Views\\pages\\penduduk\\penduduk_view.php')
 3 SYSTEMPATH\View\View.php(216): CodeIgniter\View\View->CodeIgniter\View\{closure}()
 4 SYSTEMPATH\Common.php(1142): CodeIgniter\View\View->render('pages/penduduk/penduduk_view', [], true)
 5 APPPATH\Views\layout\content_view.php(3): view('pages/penduduk/penduduk_view')
 6 SYSTEMPATH\View\View.php(213): include('APPPATH\\Views\\layout\\content_view.php')
 7 SYSTEMPATH\View\View.php(216): CodeIgniter\View\View->CodeIgniter\View\{closure}()
 8 SYSTEMPATH\Common.php(1142): CodeIgniter\View\View->render('layout/content_view', [], true)
 9 APPPATH\Views\layout\wrapper_view.php(5): view('layout/content_view')
10 SYSTEMPATH\View\View.php(213): include('APPPATH\\Views\\layout\\wrapper_view.php')
11 SYSTEMPATH\View\View.php(216): CodeIgniter\View\View->CodeIgniter\View\{closure}()
12 SYSTEMPATH\Common.php(1142): CodeIgniter\View\View->render('layout/wrapper_view', [], true)
13 APPPATH\Controllers\Penduduk.php(30): view('layout/wrapper_view', [...])
14 SYSTEMPATH\CodeIgniter.php(907): App\Controllers\Penduduk->add()
15 SYSTEMPATH\CodeIgniter.php(457): CodeIgniter\CodeIgniter->runController(Object(App\Controllers\Penduduk))
16 SYSTEMPATH\CodeIgniter.php(340): CodeIgniter\CodeIgniter->handleRequest(null, Object(Config\Cache), false)
17 FCPATH\index.php(67): CodeIgniter\CodeIgniter->run()
CRITICAL - 2022-09-21 10:47:18 --> Undefined variable: data_penduduk
in APPPATH\Views\pages\penduduk\penduduk_view.php on line 30.
 1 APPPATH\Views\pages\penduduk\penduduk_view.php(30): CodeIgniter\Debug\Exceptions->errorHandler(8, 'Undefined variable: data_penduduk', 'APPPATH\\Views\\pages\\penduduk\\penduduk_view.php', 30, [...])
 2 SYSTEMPATH\View\View.php(213): include('APPPATH\\Views\\pages\\penduduk\\penduduk_view.php')
 3 SYSTEMPATH\View\View.php(216): CodeIgniter\View\View->CodeIgniter\View\{closure}()
 4 SYSTEMPATH\Common.php(1142): CodeIgniter\View\View->render('pages/penduduk/penduduk_view', [], true)
 5 APPPATH\Views\layout\content_view.php(3): view('pages/penduduk/penduduk_view')
 6 SYSTEMPATH\View\View.php(213): include('APPPATH\\Views\\layout\\content_view.php')
 7 SYSTEMPATH\View\View.php(216): CodeIgniter\View\View->CodeIgniter\View\{closure}()
 8 SYSTEMPATH\Common.php(1142): CodeIgniter\View\View->render('layout/content_view', [], true)
 9 APPPATH\Views\layout\wrapper_view.php(5): view('layout/content_view')
10 SYSTEMPATH\View\View.php(213): include('APPPATH\\Views\\layout\\wrapper_view.php')
11 SYSTEMPATH\View\View.php(216): CodeIgniter\View\View->CodeIgniter\View\{closure}()
12 SYSTEMPATH\Common.php(1142): CodeIgniter\View\View->render('layout/wrapper_view', [], true)
13 APPPATH\Controllers\Penduduk.php(30): view('layout/wrapper_view', [...])
14 SYSTEMPATH\CodeIgniter.php(907): App\Controllers\Penduduk->add()
15 SYSTEMPATH\CodeIgniter.php(457): CodeIgniter\CodeIgniter->runController(Object(App\Controllers\Penduduk))
16 SYSTEMPATH\CodeIgniter.php(340): CodeIgniter\CodeIgniter->handleRequest(null, Object(Config\Cache), false)
17 FCPATH\index.php(67): CodeIgniter\CodeIgniter->run()
CRITICAL - 2022-09-21 10:47:47 --> Undefined variable: penduduk
in APPPATH\Views\pages\penduduk\penduduk_view.php on line 30.
 1 APPPATH\Views\pages\penduduk\penduduk_view.php(30): CodeIgniter\Debug\Exceptions->errorHandler(8, 'Undefined variable: penduduk', 'APPPATH\\Views\\pages\\penduduk\\penduduk_view.php', 30, [...])
 2 SYSTEMPATH\View\View.php(213): include('APPPATH\\Views\\pages\\penduduk\\penduduk_view.php')
 3 SYSTEMPATH\View\View.php(216): CodeIgniter\View\View->CodeIgniter\View\{closure}()
 4 SYSTEMPATH\Common.php(1142): CodeIgniter\View\View->render('pages/penduduk/penduduk_view', [], true)
 5 APPPATH\Views\layout\content_view.php(3): view('pages/penduduk/penduduk_view')
 6 SYSTEMPATH\View\View.php(213): include('APPPATH\\Views\\layout\\content_view.php')
 7 SYSTEMPATH\View\View.php(216): CodeIgniter\View\View->CodeIgniter\View\{closure}()
 8 SYSTEMPATH\Common.php(1142): CodeIgniter\View\View->render('layout/content_view', [], true)
 9 APPPATH\Views\layout\wrapper_view.php(5): view('layout/content_view')
10 SYSTEMPATH\View\View.php(213): include('APPPATH\\Views\\layout\\wrapper_view.php')
11 SYSTEMPATH\View\View.php(216): CodeIgniter\View\View->CodeIgniter\View\{closure}()
12 SYSTEMPATH\Common.php(1142): CodeIgniter\View\View->render('layout/wrapper_view', [], true)
13 APPPATH\Controllers\Penduduk.php(30): view('layout/wrapper_view', [...])
14 SYSTEMPATH\CodeIgniter.php(907): App\Controllers\Penduduk->add()
15 SYSTEMPATH\CodeIgniter.php(457): CodeIgniter\CodeIgniter->runController(Object(App\Controllers\Penduduk))
16 SYSTEMPATH\CodeIgniter.php(340): CodeIgniter\CodeIgniter->handleRequest(null, Object(Config\Cache), false)
17 FCPATH\index.php(67): CodeIgniter\CodeIgniter->run()
