CRITICAL - 2022-11-18 06:03:18 --> Undefined property: App\Controllers\Pindah::$Model_kematian
in APPPATH\Controllers\Pindah.php on line 70.
 1 APPPATH\Controllers\Pindah.php(70): CodeIgniter\Debug\Exceptions->errorHandler(8, 'Undefined property: App\\Controllers\\Pindah::$Model_kematian', 'APPPATH\\Controllers\\Pindah.php', 70, [...])
 2 SYSTEMPATH\CodeIgniter.php(907): App\Controllers\Pindah->Insert()
 3 SYSTEMPATH\CodeIgniter.php(457): CodeIgniter\CodeIgniter->runController(Object(App\Controllers\Pindah))
 4 SYSTEMPATH\CodeIgniter.php(340): CodeIgniter\CodeIgniter->handleRequest(null, Object(Config\Cache), false)
 5 FCPATH\index.php(67): CodeIgniter\CodeIgniter->run()
CRITICAL - 2022-11-18 08:11:57 --> Undefined variable: value
in APPPATH\Views\pindah\pindah_view.php on line 46.
 1 APPPATH\Views\pindah\pindah_view.php(46): CodeIgniter\Debug\Exceptions->errorHandler(8, 'Undefined variable: value', 'APPPATH\\Views\\pindah\\pindah_view.php', 46, [...])
 2 SYSTEMPATH\View\View.php(213): include('APPPATH\\Views\\pindah\\pindah_view.php')
 3 SYSTEMPATH\View\View.php(216): CodeIgniter\View\View->CodeIgniter\View\{closure}()
 4 SYSTEMPATH\Common.php(1142): CodeIgniter\View\View->render('pindah/pindah_view', [], true)
 5 APPPATH\Views\layout\content_view.php(3): view('pindah/pindah_view')
 6 SYSTEMPATH\View\View.php(213): include('APPPATH\\Views\\layout\\content_view.php')
 7 SYSTEMPATH\View\View.php(216): CodeIgniter\View\View->CodeIgniter\View\{closure}()
 8 SYSTEMPATH\Common.php(1142): CodeIgniter\View\View->render('layout/content_view', [], true)
 9 APPPATH\Views\layout\wrapper_view.php(5): view('layout/content_view')
10 SYSTEMPATH\View\View.php(213): include('APPPATH\\Views\\layout\\wrapper_view.php')
11 SYSTEMPATH\View\View.php(216): CodeIgniter\View\View->CodeIgniter\View\{closure}()
12 SYSTEMPATH\Common.php(1142): CodeIgniter\View\View->render('layout/wrapper_view', [], true)
13 APPPATH\Controllers\Pindah.php(23): view('layout/wrapper_view', [...])
14 SYSTEMPATH\CodeIgniter.php(907): App\Controllers\Pindah->index()
15 SYSTEMPATH\CodeIgniter.php(457): CodeIgniter\CodeIgniter->runController(Object(App\Controllers\Pindah))
16 SYSTEMPATH\CodeIgniter.php(340): CodeIgniter\CodeIgniter->handleRequest(null, Object(Config\Cache), false)
17 FCPATH\index.php(67): CodeIgniter\CodeIgniter->run()
CRITICAL - 2022-11-18 08:12:16 --> Undefined variable: value
in APPPATH\Views\pindah\pindah_view.php on line 46.
 1 APPPATH\Views\pindah\pindah_view.php(46): CodeIgniter\Debug\Exceptions->errorHandler(8, 'Undefined variable: value', 'APPPATH\\Views\\pindah\\pindah_view.php', 46, [...])
 2 SYSTEMPATH\View\View.php(213): include('APPPATH\\Views\\pindah\\pindah_view.php')
 3 SYSTEMPATH\View\View.php(216): CodeIgniter\View\View->CodeIgniter\View\{closure}()
 4 SYSTEMPATH\Common.php(1142): CodeIgniter\View\View->render('pindah/pindah_view', [], true)
 5 APPPATH\Views\layout\content_view.php(3): view('pindah/pindah_view')
 6 SYSTEMPATH\View\View.php(213): include('APPPATH\\Views\\layout\\content_view.php')
 7 SYSTEMPATH\View\View.php(216): CodeIgniter\View\View->CodeIgniter\View\{closure}()
 8 SYSTEMPATH\Common.php(1142): CodeIgniter\View\View->render('layout/content_view', [], true)
 9 APPPATH\Views\layout\wrapper_view.php(5): view('layout/content_view')
10 SYSTEMPATH\View\View.php(213): include('APPPATH\\Views\\layout\\wrapper_view.php')
11 SYSTEMPATH\View\View.php(216): CodeIgniter\View\View->CodeIgniter\View\{closure}()
12 SYSTEMPATH\Common.php(1142): CodeIgniter\View\View->render('layout/wrapper_view', [], true)
13 APPPATH\Controllers\Pindah.php(23): view('layout/wrapper_view', [...])
14 SYSTEMPATH\CodeIgniter.php(907): App\Controllers\Pindah->index()
15 SYSTEMPATH\CodeIgniter.php(457): CodeIgniter\CodeIgniter->runController(Object(App\Controllers\Pindah))
16 SYSTEMPATH\CodeIgniter.php(340): CodeIgniter\CodeIgniter->handleRequest(null, Object(Config\Cache), false)
17 FCPATH\index.php(67): CodeIgniter\CodeIgniter->run()
