CRITICAL - 2022-09-28 10:29:28 --> file_get_contents(C:\xampp\htdocs\ci4\writable\debugbar/debugbar_1663944211.429025.json): failed to open stream: No such file or directory
in SYSTEMPATH\Debug\Toolbar\Collectors\History.php on line 82.
 1 [internal function]: CodeIgniter\Debug\Exceptions->errorHandler(2, 'file_get_contents(C:\\xampp\\htdocs\\ci4\\writable\\debugbar/debugbar_1663944211.429025.json): failed to open stream: No such file or directory', 'SYSTEMPATH\\Debug\\Toolbar\\Collectors\\History.php', 82, [...])
 2 SYSTEMPATH\Debug\Toolbar\Collectors\History.php(82): file_get_contents('ROOTPATH\\writable\\debugbar/debugbar_1663944211.429025.json')
 3 SYSTEMPATH\Debug\Toolbar.php(501): CodeIgniter\Debug\Toolbar\Collectors\History->setFiles('1664378965.167389', 20)
 4 SYSTEMPATH\Debug\Toolbar.php(478): CodeIgniter\Debug\Toolbar->format([...], 'html')
 5 APPPATH\Config\Events.php(46): CodeIgniter\Debug\Toolbar->respond()
 6 SYSTEMPATH\Events\Events.php(149): CodeIgniter\Events\Events::Config\{closure}()
 7 SYSTEMPATH\CodeIgniter.php(317): CodeIgniter\Events\Events::trigger('pre_system')
 8 FCPATH\index.php(67): CodeIgniter\CodeIgniter->run()
ERROR - 2022-09-28 12:14:06 --> mysqli_sql_exception: Duplicate entry '10' for key 'PRIMARY' in C:\xampp\htdocs\ci4\system\Database\MySQLi\Connection.php:292
Stack trace:
#0 C:\xampp\htdocs\ci4\system\Database\MySQLi\Connection.php(292): mysqli->query('INSERT INTO `ja...', 0)
#1 C:\xampp\htdocs\ci4\system\Database\BaseConnection.php(693): CodeIgniter\Database\MySQLi\Connection->execute('INSERT INTO `ja...')
#2 C:\xampp\htdocs\ci4\system\Database\BaseConnection.php(620): CodeIgniter\Database\BaseConnection->simpleQuery('INSERT INTO `ja...')
#3 C:\xampp\htdocs\ci4\system\Database\BaseBuilder.php(1916): CodeIgniter\Database\BaseConnection->query('INSERT INTO `ja...', Array, false)
#4 C:\xampp\htdocs\ci4\app\Models\Model_jabatan.php(18): CodeIgniter\Database\BaseBuilder->insert(Array)
#5 C:\xampp\htdocs\ci4\app\Controllers\Jabatan.php(37): App\Models\Model_jabatan->add(Array)
#6 C:\xampp\htdocs\ci4\system\CodeIgniter.php(907): App\Controllers\Jabatan->edit('10')
#7 C:\xampp\htdocs\ci4\system\CodeIgniter.php(457): CodeIgniter\CodeIgniter->runController(Object(App\Controllers\Jabatan))
#8 C:\xampp\htdocs\ci4\system\CodeIgniter.php(340): CodeIgniter\CodeIgniter->handleRequest(NULL, Object(Config\Cache), false)
#9 C:\xampp\htdocs\ci4\public\index.php(67): CodeIgniter\CodeIgniter->run()
#10 {main}
CRITICAL - 2022-09-28 12:14:06 --> Duplicate entry '10' for key 'PRIMARY'
in SYSTEMPATH\Database\MySQLi\Connection.php on line 292.
 1 SYSTEMPATH\Database\MySQLi\Connection.php(292): mysqli->query('INSERT INTO `jabatan` (`id_jabatan`, `jabatan`) VALUES (\'10\', (\'cep\'))', 0)
 2 SYSTEMPATH\Database\BaseConnection.php(693): CodeIgniter\Database\MySQLi\Connection->execute('INSERT INTO `jabatan` (`id_jabatan`, `jabatan`) VALUES (\'10\', (\'cep\'))')
 3 SYSTEMPATH\Database\BaseConnection.php(620): CodeIgniter\Database\BaseConnection->simpleQuery('INSERT INTO `jabatan` (`id_jabatan`, `jabatan`) VALUES (\'10\', (\'cep\'))')
 4 SYSTEMPATH\Database\BaseBuilder.php(1916): CodeIgniter\Database\BaseConnection->query('INSERT INTO `jabatan` (`id_jabatan`, `jabatan`) VALUES (:id_jabatan:, :jabatan:)', [...], false)
 5 APPPATH\Models\Model_jabatan.php(18): CodeIgniter\Database\BaseBuilder->insert([...])
 6 APPPATH\Controllers\Jabatan.php(37): App\Models\Model_jabatan->add([...])
 7 SYSTEMPATH\CodeIgniter.php(907): App\Controllers\Jabatan->edit('10')
 8 SYSTEMPATH\CodeIgniter.php(457): CodeIgniter\CodeIgniter->runController(Object(App\Controllers\Jabatan))
 9 SYSTEMPATH\CodeIgniter.php(340): CodeIgniter\CodeIgniter->handleRequest(null, Object(Config\Cache), false)
10 FCPATH\index.php(67): CodeIgniter\CodeIgniter->run()
CRITICAL - 2022-09-28 13:46:23 --> Object of class App\Models\Model_pengguna could not be converted to string
in APPPATH\Models\Model_pengguna.php on line 12.
 1 APPPATH\Controllers\Pengguna.php(20): App\Models\Model_pengguna->alldata()
 2 SYSTEMPATH\CodeIgniter.php(907): App\Controllers\Pengguna->index()
 3 SYSTEMPATH\CodeIgniter.php(457): CodeIgniter\CodeIgniter->runController(Object(App\Controllers\Pengguna))
 4 SYSTEMPATH\CodeIgniter.php(340): CodeIgniter\CodeIgniter->handleRequest(null, Object(Config\Cache), false)
 5 FCPATH\index.php(67): CodeIgniter\CodeIgniter->run()
CRITICAL - 2022-09-28 13:47:50 --> Object of class App\Models\Model_pengguna could not be converted to string
in APPPATH\Models\Model_pengguna.php on line 12.
 1 APPPATH\Controllers\Pengguna.php(20): App\Models\Model_pengguna->alldata()
 2 SYSTEMPATH\CodeIgniter.php(907): App\Controllers\Pengguna->index()
 3 SYSTEMPATH\CodeIgniter.php(457): CodeIgniter\CodeIgniter->runController(Object(App\Controllers\Pengguna))
 4 SYSTEMPATH\CodeIgniter.php(340): CodeIgniter\CodeIgniter->handleRequest(null, Object(Config\Cache), false)
 5 FCPATH\index.php(67): CodeIgniter\CodeIgniter->run()
CRITICAL - 2022-09-28 13:50:28 --> Object of class App\Models\Model_pengguna could not be converted to string
in APPPATH\Models\Model_pengguna.php on line 12.
 1 APPPATH\Controllers\Pengguna.php(20): App\Models\Model_pengguna->alldata()
 2 SYSTEMPATH\CodeIgniter.php(907): App\Controllers\Pengguna->index()
 3 SYSTEMPATH\CodeIgniter.php(457): CodeIgniter\CodeIgniter->runController(Object(App\Controllers\Pengguna))
 4 SYSTEMPATH\CodeIgniter.php(340): CodeIgniter\CodeIgniter->handleRequest(null, Object(Config\Cache), false)
 5 FCPATH\index.php(67): CodeIgniter\CodeIgniter->run()
CRITICAL - 2022-09-28 13:50:54 --> Undefined index: jabatan
in APPPATH\Views\pages\pengguna\pengguna_view.php on line 41.
 1 APPPATH\Views\pages\pengguna\pengguna_view.php(41): CodeIgniter\Debug\Exceptions->errorHandler(8, 'Undefined index: jabatan', 'APPPATH\\Views\\pages\\pengguna\\pengguna_view.php', 41, [...])
 2 SYSTEMPATH\View\View.php(213): include('APPPATH\\Views\\pages\\pengguna\\pengguna_view.php')
 3 SYSTEMPATH\View\View.php(216): CodeIgniter\View\View->CodeIgniter\View\{closure}()
 4 SYSTEMPATH\Common.php(1142): CodeIgniter\View\View->render('pages/pengguna/pengguna_view', [], true)
 5 APPPATH\Views\layout\content_view.php(3): view('pages/pengguna/pengguna_view')
 6 SYSTEMPATH\View\View.php(213): include('APPPATH\\Views\\layout\\content_view.php')
 7 SYSTEMPATH\View\View.php(216): CodeIgniter\View\View->CodeIgniter\View\{closure}()
 8 SYSTEMPATH\Common.php(1142): CodeIgniter\View\View->render('layout/content_view', [], true)
 9 APPPATH\Views\layout\wrapper_view.php(5): view('layout/content_view')
10 SYSTEMPATH\View\View.php(213): include('APPPATH\\Views\\layout\\wrapper_view.php')
11 SYSTEMPATH\View\View.php(216): CodeIgniter\View\View->CodeIgniter\View\{closure}()
12 SYSTEMPATH\Common.php(1142): CodeIgniter\View\View->render('layout/wrapper_view', [], true)
13 APPPATH\Controllers\Pengguna.php(23): view('layout/wrapper_view', [...])
14 SYSTEMPATH\CodeIgniter.php(907): App\Controllers\Pengguna->index()
15 SYSTEMPATH\CodeIgniter.php(457): CodeIgniter\CodeIgniter->runController(Object(App\Controllers\Pengguna))
16 SYSTEMPATH\CodeIgniter.php(340): CodeIgniter\CodeIgniter->handleRequest(null, Object(Config\Cache), false)
17 FCPATH\index.php(67): CodeIgniter\CodeIgniter->run()
CRITICAL - 2022-09-28 14:04:53 --> Undefined property: App\Controllers\Pengguna::$Model_jabatan
in APPPATH\Controllers\Pengguna.php on line 31.
 1 APPPATH\Controllers\Pengguna.php(31): CodeIgniter\Debug\Exceptions->errorHandler(8, 'Undefined property: App\\Controllers\\Pengguna::$Model_jabatan', 'APPPATH\\Controllers\\Pengguna.php', 31, [])
 2 SYSTEMPATH\CodeIgniter.php(907): App\Controllers\Pengguna->add()
 3 SYSTEMPATH\CodeIgniter.php(457): CodeIgniter\CodeIgniter->runController(Object(App\Controllers\Pengguna))
 4 SYSTEMPATH\CodeIgniter.php(340): CodeIgniter\CodeIgniter->handleRequest(null, Object(Config\Cache), false)
 5 FCPATH\index.php(67): CodeIgniter\CodeIgniter->run()
CRITICAL - 2022-09-28 23:53:50 --> Undefined index: jabatan
in APPPATH\Views\pages\jabatan\jabatan_view.php on line 96.
 1 APPPATH\Views\pages\jabatan\jabatan_view.php(96): CodeIgniter\Debug\Exceptions->errorHandler(8, 'Undefined index: jabatan', 'APPPATH\\Views\\pages\\jabatan\\jabatan_view.php', 96, [...])
 2 SYSTEMPATH\View\View.php(213): include('APPPATH\\Views\\pages\\jabatan\\jabatan_view.php')
 3 SYSTEMPATH\View\View.php(216): CodeIgniter\View\View->CodeIgniter\View\{closure}()
 4 SYSTEMPATH\Common.php(1142): CodeIgniter\View\View->render('pages/jabatan/jabatan_view', [], true)
 5 APPPATH\Views\layout\content_view.php(3): view('pages/jabatan/jabatan_view')
 6 SYSTEMPATH\View\View.php(213): include('APPPATH\\Views\\layout\\content_view.php')
 7 SYSTEMPATH\View\View.php(216): CodeIgniter\View\View->CodeIgniter\View\{closure}()
 8 SYSTEMPATH\Common.php(1142): CodeIgniter\View\View->render('layout/content_view', [], true)
 9 APPPATH\Views\layout\wrapper_view.php(5): view('layout/content_view')
10 SYSTEMPATH\View\View.php(213): include('APPPATH\\Views\\layout\\wrapper_view.php')
11 SYSTEMPATH\View\View.php(216): CodeIgniter\View\View->CodeIgniter\View\{closure}()
12 SYSTEMPATH\Common.php(1142): CodeIgniter\View\View->render('layout/wrapper_view', [], true)
13 APPPATH\Controllers\Jabatan.php(22): view('layout/wrapper_view', [...])
14 SYSTEMPATH\CodeIgniter.php(907): App\Controllers\Jabatan->index()
15 SYSTEMPATH\CodeIgniter.php(457): CodeIgniter\CodeIgniter->runController(Object(App\Controllers\Jabatan))
16 SYSTEMPATH\CodeIgniter.php(340): CodeIgniter\CodeIgniter->handleRequest(null, Object(Config\Cache), false)
17 FCPATH\index.php(67): CodeIgniter\CodeIgniter->run()
