ERROR - 2022-12-10 07:38:17 --> mysqli_sql_exception: Unknown column 'role' in 'field list' in C:\wamp64\www\spd\system\Database\MySQLi\Connection.php:292
Stack trace:
#0 C:\wamp64\www\spd\system\Database\MySQLi\Connection.php(292): mysqli->query('INSERT INTO `tb...', 0)
#1 C:\wamp64\www\spd\system\Database\BaseConnection.php(693): CodeIgniter\Database\MySQLi\Connection->execute('INSERT INTO `tb...')
#2 C:\wamp64\www\spd\system\Database\BaseConnection.php(620): CodeIgniter\Database\BaseConnection->simpleQuery('INSERT INTO `tb...')
#3 C:\wamp64\www\spd\system\Database\BaseBuilder.php(1916): CodeIgniter\Database\BaseConnection->query('INSERT INTO `tb...', Array, false)
#4 C:\wamp64\www\spd\app\Models\Model_pengguna.php(27): CodeIgniter\Database\BaseBuilder->insert(Array)
#5 C:\wamp64\www\spd\app\Controllers\Pengguna.php(111): App\Models\Model_pengguna->add(Array)
#6 C:\wamp64\www\spd\system\CodeIgniter.php(907): App\Controllers\Pengguna->insert()
#7 C:\wamp64\www\spd\system\CodeIgniter.php(457): CodeIgniter\CodeIgniter->runController(Object(App\Controllers\Pengguna))
#8 C:\wamp64\www\spd\system\CodeIgniter.php(340): CodeIgniter\CodeIgniter->handleRequest(NULL, Object(Config\Cache), false)
#9 C:\wamp64\www\spd\public\index.php(67): CodeIgniter\CodeIgniter->run()
#10 {main}
CRITICAL - 2022-12-10 07:38:17 --> Unknown column 'role' in 'field list'
in SYSTEMPATH\Database\MySQLi\Connection.php on line 292.
 1 SYSTEMPATH\Database\MySQLi\Connection.php(292): mysqli->query('INSERT INTO `tbl_user` (`nama_user`, `username`, `password`, `role`, `id_jabatan`, `foto`) VALUES (\'admin\', \'asdasdasdasd\', \'7110eda4d09e062aa5e4a390b0a572ac0d2c0220\', \'2\', \'2\', \'1670679497_dc9f5c421c85df7f5b69.png\')', 0)
 2 SYSTEMPATH\Database\BaseConnection.php(693): CodeIgniter\Database\MySQLi\Connection->execute('INSERT INTO `tbl_user` (`nama_user`, `username`, `password`, `role`, `id_jabatan`, `foto`) VALUES (\'admin\', \'asdasdasdasd\', \'7110eda4d09e062aa5e4a390b0a572ac0d2c0220\', \'2\', \'2\', \'1670679497_dc9f5c421c85df7f5b69.png\')')
 3 SYSTEMPATH\Database\BaseConnection.php(620): CodeIgniter\Database\BaseConnection->simpleQuery('INSERT INTO `tbl_user` (`nama_user`, `username`, `password`, `role`, `id_jabatan`, `foto`) VALUES (\'admin\', \'asdasdasdasd\', \'7110eda4d09e062aa5e4a390b0a572ac0d2c0220\', \'2\', \'2\', \'1670679497_dc9f5c421c85df7f5b69.png\')')
 4 SYSTEMPATH\Database\BaseBuilder.php(1916): CodeIgniter\Database\BaseConnection->query('INSERT INTO `tbl_user` (`nama_user`, `username`, `password`, `role`, `id_jabatan`, `foto`) VALUES (:nama_user:, :username:, :password:, :role:, :id_jabatan:, :foto:)', [...], false)
 5 APPPATH\Models\Model_pengguna.php(27): CodeIgniter\Database\BaseBuilder->insert([...])
 6 APPPATH\Controllers\Pengguna.php(111): App\Models\Model_pengguna->add([...])
 7 SYSTEMPATH\CodeIgniter.php(907): App\Controllers\Pengguna->insert()
 8 SYSTEMPATH\CodeIgniter.php(457): CodeIgniter\CodeIgniter->runController(Object(App\Controllers\Pengguna))
 9 SYSTEMPATH\CodeIgniter.php(340): CodeIgniter\CodeIgniter->handleRequest(null, Object(Config\Cache), false)
10 FCPATH\index.php(67): CodeIgniter\CodeIgniter->run()
CRITICAL - 2022-12-10 07:39:40 --> Undefined variable: menu
in APPPATH\Views\layout\sidebar_view.php on line 5.
 1 APPPATH\Views\layout\sidebar_view.php(5): CodeIgniter\Debug\Exceptions->errorHandler(8, 'Undefined variable: menu', 'APPPATH\\Views\\layout\\sidebar_view.php', 5, [...])
 2 SYSTEMPATH\View\View.php(213): include('APPPATH\\Views\\layout\\sidebar_view.php')
 3 SYSTEMPATH\View\View.php(216): CodeIgniter\View\View->CodeIgniter\View\{closure}()
 4 SYSTEMPATH\Common.php(1142): CodeIgniter\View\View->render('layout/sidebar_view', [], true)
 5 APPPATH\Views\layout\wrapper_view.php(4): view('layout/sidebar_view')
 6 SYSTEMPATH\View\View.php(213): include('APPPATH\\Views\\layout\\wrapper_view.php')
 7 SYSTEMPATH\View\View.php(216): CodeIgniter\View\View->CodeIgniter\View\{closure}()
 8 SYSTEMPATH\Common.php(1142): CodeIgniter\View\View->render('layout/wrapper_view', [], true)
 9 APPPATH\Controllers\Pengguna.php(249): view('layout/wrapper_view', [...])
10 SYSTEMPATH\CodeIgniter.php(907): App\Controllers\Pengguna->detail('43')
11 SYSTEMPATH\CodeIgniter.php(457): CodeIgniter\CodeIgniter->runController(Object(App\Controllers\Pengguna))
12 SYSTEMPATH\CodeIgniter.php(340): CodeIgniter\CodeIgniter->handleRequest(null, Object(Config\Cache), false)
13 FCPATH\index.php(67): CodeIgniter\CodeIgniter->run()
ERROR - 2022-12-10 07:49:16 --> mysqli_sql_exception: Unknown column 'tbl_user.id_jabatan' in 'on clause' in C:\wamp64\www\spd\system\Database\MySQLi\Connection.php:292
Stack trace:
#0 C:\wamp64\www\spd\system\Database\MySQLi\Connection.php(292): mysqli->query('SELECT *\nFROM `...', 0)
#1 C:\wamp64\www\spd\system\Database\BaseConnection.php(693): CodeIgniter\Database\MySQLi\Connection->execute('SELECT *\nFROM `...')
#2 C:\wamp64\www\spd\system\Database\BaseConnection.php(620): CodeIgniter\Database\BaseConnection->simpleQuery('SELECT *\nFROM `...')
#3 C:\wamp64\www\spd\system\Database\BaseBuilder.php(1585): CodeIgniter\Database\BaseConnection->query('SELECT *\nFROM `...', Array, false)
#4 C:\wamp64\www\spd\app\Models\Model_pengguna.php(14): CodeIgniter\Database\BaseBuilder->get()
#5 C:\wamp64\www\spd\app\Controllers\Pengguna.php(23): App\Models\Model_pengguna->alldata()
#6 C:\wamp64\www\spd\system\CodeIgniter.php(907): App\Controllers\Pengguna->index()
#7 C:\wamp64\www\spd\system\CodeIgniter.php(457): CodeIgniter\CodeIgniter->runController(Object(App\Controllers\Pengguna))
#8 C:\wamp64\www\spd\system\CodeIgniter.php(340): CodeIgniter\CodeIgniter->handleRequest(NULL, Object(Config\Cache), false)
#9 C:\wamp64\www\spd\public\index.php(67): CodeIgniter\CodeIgniter->run()
#10 {main}
CRITICAL - 2022-12-10 07:49:16 --> Unknown column 'tbl_user.id_jabatan' in 'on clause'
in SYSTEMPATH\Database\MySQLi\Connection.php on line 292.
 1 SYSTEMPATH\Database\MySQLi\Connection.php(292): mysqli->query('SELECT *
FROM `tbl_user`
LEFT JOIN `tbl_jabatan` ON `tbl_jabatan`.`id_jabatan` = `tbl_user`.`id_jabatan`
ORDER BY `id_users` DESC', 0)
 2 SYSTEMPATH\Database\BaseConnection.php(693): CodeIgniter\Database\MySQLi\Connection->execute('SELECT *
FROM `tbl_user`
LEFT JOIN `tbl_jabatan` ON `tbl_jabatan`.`id_jabatan` = `tbl_user`.`id_jabatan`
ORDER BY `id_users` DESC')
 3 SYSTEMPATH\Database\BaseConnection.php(620): CodeIgniter\Database\BaseConnection->simpleQuery('SELECT *
FROM `tbl_user`
LEFT JOIN `tbl_jabatan` ON `tbl_jabatan`.`id_jabatan` = `tbl_user`.`id_jabatan`
ORDER BY `id_users` DESC')
 4 SYSTEMPATH\Database\BaseBuilder.php(1585): CodeIgniter\Database\BaseConnection->query('SELECT *
FROM `tbl_user`
LEFT JOIN `tbl_jabatan` ON `tbl_jabatan`.`id_jabatan` = `tbl_user`.`id_jabatan`
ORDER BY `id_users` DESC', [], false)
 5 APPPATH\Models\Model_pengguna.php(14): CodeIgniter\Database\BaseBuilder->get()
 6 APPPATH\Controllers\Pengguna.php(23): App\Models\Model_pengguna->alldata()
 7 SYSTEMPATH\CodeIgniter.php(907): App\Controllers\Pengguna->index()
 8 SYSTEMPATH\CodeIgniter.php(457): CodeIgniter\CodeIgniter->runController(Object(App\Controllers\Pengguna))
 9 SYSTEMPATH\CodeIgniter.php(340): CodeIgniter\CodeIgniter->handleRequest(null, Object(Config\Cache), false)
10 FCPATH\index.php(67): CodeIgniter\CodeIgniter->run()
ERROR - 2022-12-10 07:49:54 --> mysqli_sql_exception: Unknown column 'tbl_user.id_jabatan' in 'on clause' in C:\wamp64\www\spd\system\Database\MySQLi\Connection.php:292
Stack trace:
#0 C:\wamp64\www\spd\system\Database\MySQLi\Connection.php(292): mysqli->query('SELECT *\nFROM `...', 0)
#1 C:\wamp64\www\spd\system\Database\BaseConnection.php(693): CodeIgniter\Database\MySQLi\Connection->execute('SELECT *\nFROM `...')
#2 C:\wamp64\www\spd\system\Database\BaseConnection.php(620): CodeIgniter\Database\BaseConnection->simpleQuery('SELECT *\nFROM `...')
#3 C:\wamp64\www\spd\system\Database\BaseBuilder.php(1585): CodeIgniter\Database\BaseConnection->query('SELECT *\nFROM `...', Array, false)
#4 C:\wamp64\www\spd\app\Models\Model_pengguna.php(22): CodeIgniter\Database\BaseBuilder->get()
#5 C:\wamp64\www\spd\app\Controllers\Pengguna.php(119): App\Models\Model_pengguna->detail_data('44')
#6 C:\wamp64\www\spd\system\CodeIgniter.php(907): App\Controllers\Pengguna->edit('44')
#7 C:\wamp64\www\spd\system\CodeIgniter.php(457): CodeIgniter\CodeIgniter->runController(Object(App\Controllers\Pengguna))
#8 C:\wamp64\www\spd\system\CodeIgniter.php(340): CodeIgniter\CodeIgniter->handleRequest(NULL, Object(Config\Cache), false)
#9 C:\wamp64\www\spd\public\index.php(67): CodeIgniter\CodeIgniter->run()
#10 {main}
CRITICAL - 2022-12-10 07:49:54 --> Unknown column 'tbl_user.id_jabatan' in 'on clause'
in SYSTEMPATH\Database\MySQLi\Connection.php on line 292.
 1 SYSTEMPATH\Database\MySQLi\Connection.php(292): mysqli->query('SELECT *
FROM `tbl_user`
LEFT JOIN `tbl_jabatan` ON `tbl_jabatan`.`id_jabatan` = `tbl_user`.`id_jabatan`
WHERE `id_users` = \'44\'', 0)
 2 SYSTEMPATH\Database\BaseConnection.php(693): CodeIgniter\Database\MySQLi\Connection->execute('SELECT *
FROM `tbl_user`
LEFT JOIN `tbl_jabatan` ON `tbl_jabatan`.`id_jabatan` = `tbl_user`.`id_jabatan`
WHERE `id_users` = \'44\'')
 3 SYSTEMPATH\Database\BaseConnection.php(620): CodeIgniter\Database\BaseConnection->simpleQuery('SELECT *
FROM `tbl_user`
LEFT JOIN `tbl_jabatan` ON `tbl_jabatan`.`id_jabatan` = `tbl_user`.`id_jabatan`
WHERE `id_users` = \'44\'')
 4 SYSTEMPATH\Database\BaseBuilder.php(1585): CodeIgniter\Database\BaseConnection->query('SELECT *
FROM `tbl_user`
LEFT JOIN `tbl_jabatan` ON `tbl_jabatan`.`id_jabatan` = `tbl_user`.`id_jabatan`
WHERE `id_users` = :id_users:', [...], false)
 5 APPPATH\Models\Model_pengguna.php(22): CodeIgniter\Database\BaseBuilder->get()
 6 APPPATH\Controllers\Pengguna.php(119): App\Models\Model_pengguna->detail_data('44')
 7 SYSTEMPATH\CodeIgniter.php(907): App\Controllers\Pengguna->edit('44')
 8 SYSTEMPATH\CodeIgniter.php(457): CodeIgniter\CodeIgniter->runController(Object(App\Controllers\Pengguna))
 9 SYSTEMPATH\CodeIgniter.php(340): CodeIgniter\CodeIgniter->handleRequest(null, Object(Config\Cache), false)
10 FCPATH\index.php(67): CodeIgniter\CodeIgniter->run()
CRITICAL - 2022-12-10 07:50:18 --> Undefined index: nama_jabatan
in APPPATH\Views\pengguna\pengguna_view.php on line 41.
 1 APPPATH\Views\pengguna\pengguna_view.php(41): CodeIgniter\Debug\Exceptions->errorHandler(8, 'Undefined index: nama_jabatan', 'APPPATH\\Views\\pengguna\\pengguna_view.php', 41, [...])
 2 SYSTEMPATH\View\View.php(213): include('APPPATH\\Views\\pengguna\\pengguna_view.php')
 3 SYSTEMPATH\View\View.php(216): CodeIgniter\View\View->CodeIgniter\View\{closure}()
 4 SYSTEMPATH\Common.php(1142): CodeIgniter\View\View->render('pengguna/pengguna_view', [], true)
 5 APPPATH\Views\layout\content_view.php(3): view('pengguna/pengguna_view')
 6 SYSTEMPATH\View\View.php(213): include('APPPATH\\Views\\layout\\content_view.php')
 7 SYSTEMPATH\View\View.php(216): CodeIgniter\View\View->CodeIgniter\View\{closure}()
 8 SYSTEMPATH\Common.php(1142): CodeIgniter\View\View->render('layout/content_view', [], true)
 9 APPPATH\Views\layout\wrapper_view.php(5): view('layout/content_view')
10 SYSTEMPATH\View\View.php(213): include('APPPATH\\Views\\layout\\wrapper_view.php')
11 SYSTEMPATH\View\View.php(216): CodeIgniter\View\View->CodeIgniter\View\{closure}()
12 SYSTEMPATH\Common.php(1142): CodeIgniter\View\View->render('layout/wrapper_view', [], true)
13 APPPATH\Controllers\Pengguna.php(26): view('layout/wrapper_view', [...])
14 SYSTEMPATH\CodeIgniter.php(907): App\Controllers\Pengguna->index()
15 SYSTEMPATH\CodeIgniter.php(457): CodeIgniter\CodeIgniter->runController(Object(App\Controllers\Pengguna))
16 SYSTEMPATH\CodeIgniter.php(340): CodeIgniter\CodeIgniter->handleRequest(null, Object(Config\Cache), false)
17 FCPATH\index.php(67): CodeIgniter\CodeIgniter->run()
ERROR - 2022-12-10 07:50:47 --> mysqli_sql_exception: Unknown column 'id_jabatan' in 'field list' in C:\wamp64\www\spd\system\Database\MySQLi\Connection.php:292
Stack trace:
#0 C:\wamp64\www\spd\system\Database\MySQLi\Connection.php(292): mysqli->query('UPDATE `tbl_use...', 0)
#1 C:\wamp64\www\spd\system\Database\BaseConnection.php(693): CodeIgniter\Database\MySQLi\Connection->execute('UPDATE `tbl_use...')
#2 C:\wamp64\www\spd\system\Database\BaseConnection.php(620): CodeIgniter\Database\BaseConnection->simpleQuery('UPDATE `tbl_use...')
#3 C:\wamp64\www\spd\system\Database\BaseBuilder.php(2079): CodeIgniter\Database\BaseConnection->query('UPDATE `tbl_use...', Array, false)
#4 C:\wamp64\www\spd\app\Models\Model_pengguna.php(31): CodeIgniter\Database\BaseBuilder->update(Array)
#5 C:\wamp64\www\spd\app\Controllers\Pengguna.php(184): App\Models\Model_pengguna->edit(Array)
#6 C:\wamp64\www\spd\system\CodeIgniter.php(907): App\Controllers\Pengguna->update('44')
#7 C:\wamp64\www\spd\system\CodeIgniter.php(457): CodeIgniter\CodeIgniter->runController(Object(App\Controllers\Pengguna))
#8 C:\wamp64\www\spd\system\CodeIgniter.php(340): CodeIgniter\CodeIgniter->handleRequest(NULL, Object(Config\Cache), false)
#9 C:\wamp64\www\spd\public\index.php(67): CodeIgniter\CodeIgniter->run()
#10 {main}
CRITICAL - 2022-12-10 07:50:47 --> Unknown column 'id_jabatan' in 'field list'
in SYSTEMPATH\Database\MySQLi\Connection.php on line 292.
 1 SYSTEMPATH\Database\MySQLi\Connection.php(292): mysqli->query('UPDATE `tbl_user` SET `id_users` = \'44\', `nama_user` = \'asdasdasd\', `username` = \'adminasdasdasd\', `password` = \'7110eda4d09e062aa5e4a390b0a572ac0d2c0220\', `level` = \'1\', `id_jabatan` = NULL
WHERE `id_users` = \'44\'', 0)
 2 SYSTEMPATH\Database\BaseConnection.php(693): CodeIgniter\Database\MySQLi\Connection->execute('UPDATE `tbl_user` SET `id_users` = \'44\', `nama_user` = \'asdasdasd\', `username` = \'adminasdasdasd\', `password` = \'7110eda4d09e062aa5e4a390b0a572ac0d2c0220\', `level` = \'1\', `id_jabatan` = NULL
WHERE `id_users` = \'44\'')
 3 SYSTEMPATH\Database\BaseConnection.php(620): CodeIgniter\Database\BaseConnection->simpleQuery('UPDATE `tbl_user` SET `id_users` = \'44\', `nama_user` = \'asdasdasd\', `username` = \'adminasdasdasd\', `password` = \'7110eda4d09e062aa5e4a390b0a572ac0d2c0220\', `level` = \'1\', `id_jabatan` = NULL
WHERE `id_users` = \'44\'')
 4 SYSTEMPATH\Database\BaseBuilder.php(2079): CodeIgniter\Database\BaseConnection->query('UPDATE `tbl_user` SET `id_users` = :id_users.1:, `nama_user` = :nama_user:, `username` = :username:, `password` = :password:, `level` = :level:, `id_jabatan` = :id_jabatan:
WHERE `id_users` = :id_users:', [...], false)
 5 APPPATH\Models\Model_pengguna.php(31): CodeIgniter\Database\BaseBuilder->update([...])
 6 APPPATH\Controllers\Pengguna.php(184): App\Models\Model_pengguna->edit([...])
 7 SYSTEMPATH\CodeIgniter.php(907): App\Controllers\Pengguna->update('44')
 8 SYSTEMPATH\CodeIgniter.php(457): CodeIgniter\CodeIgniter->runController(Object(App\Controllers\Pengguna))
 9 SYSTEMPATH\CodeIgniter.php(340): CodeIgniter\CodeIgniter->handleRequest(null, Object(Config\Cache), false)
10 FCPATH\index.php(67): CodeIgniter\CodeIgniter->run()
