CRITICAL - 2022-12-08 10:50:31 --> Undefined index: role
in APPPATH\Views\pengguna\pengguna_edit.php on line 27.
 1 APPPATH\Views\pengguna\pengguna_edit.php(27): CodeIgniter\Debug\Exceptions->errorHandler(8, 'Undefined index: role', 'APPPATH\\Views\\pengguna\\pengguna_edit.php', 27, [...])
 2 SYSTEMPATH\View\View.php(213): include('APPPATH\\Views\\pengguna\\pengguna_edit.php')
 3 SYSTEMPATH\View\View.php(216): CodeIgniter\View\View->CodeIgniter\View\{closure}()
 4 SYSTEMPATH\Common.php(1142): CodeIgniter\View\View->render('pengguna/pengguna_edit', [], true)
 5 APPPATH\Views\layout\content_view.php(3): view('pengguna/pengguna_edit')
 6 SYSTEMPATH\View\View.php(213): include('APPPATH\\Views\\layout\\content_view.php')
 7 SYSTEMPATH\View\View.php(216): CodeIgniter\View\View->CodeIgniter\View\{closure}()
 8 SYSTEMPATH\Common.php(1142): CodeIgniter\View\View->render('layout/content_view', [], true)
 9 APPPATH\Views\layout\wrapper_view.php(5): view('layout/content_view')
10 SYSTEMPATH\View\View.php(213): include('APPPATH\\Views\\layout\\wrapper_view.php')
11 SYSTEMPATH\View\View.php(216): CodeIgniter\View\View->CodeIgniter\View\{closure}()
12 SYSTEMPATH\Common.php(1142): CodeIgniter\View\View->render('layout/wrapper_view', [], true)
13 APPPATH\Controllers\Pengguna.php(125): view('layout/wrapper_view', [...])
14 SYSTEMPATH\CodeIgniter.php(907): App\Controllers\Pengguna->edit('43')
15 SYSTEMPATH\CodeIgniter.php(457): CodeIgniter\CodeIgniter->runController(Object(App\Controllers\Pengguna))
16 SYSTEMPATH\CodeIgniter.php(340): CodeIgniter\CodeIgniter->handleRequest(null, Object(Config\Cache), false)
17 FCPATH\index.php(67): CodeIgniter\CodeIgniter->run()
CRITICAL - 2022-12-08 11:04:33 --> Undefined index: role
in APPPATH\Views\pengguna\pengguna_edit.php on line 27.
 1 APPPATH\Views\pengguna\pengguna_edit.php(27): CodeIgniter\Debug\Exceptions->errorHandler(8, 'Undefined index: role', 'APPPATH\\Views\\pengguna\\pengguna_edit.php', 27, [...])
 2 SYSTEMPATH\View\View.php(213): include('APPPATH\\Views\\pengguna\\pengguna_edit.php')
 3 SYSTEMPATH\View\View.php(216): CodeIgniter\View\View->CodeIgniter\View\{closure}()
 4 SYSTEMPATH\Common.php(1142): CodeIgniter\View\View->render('pengguna/pengguna_edit', [], true)
 5 APPPATH\Views\layout\content_view.php(3): view('pengguna/pengguna_edit')
 6 SYSTEMPATH\View\View.php(213): include('APPPATH\\Views\\layout\\content_view.php')
 7 SYSTEMPATH\View\View.php(216): CodeIgniter\View\View->CodeIgniter\View\{closure}()
 8 SYSTEMPATH\Common.php(1142): CodeIgniter\View\View->render('layout/content_view', [], true)
 9 APPPATH\Views\layout\wrapper_view.php(5): view('layout/content_view')
10 SYSTEMPATH\View\View.php(213): include('APPPATH\\Views\\layout\\wrapper_view.php')
11 SYSTEMPATH\View\View.php(216): CodeIgniter\View\View->CodeIgniter\View\{closure}()
12 SYSTEMPATH\Common.php(1142): CodeIgniter\View\View->render('layout/wrapper_view', [], true)
13 APPPATH\Controllers\Pengguna.php(125): view('layout/wrapper_view', [...])
14 SYSTEMPATH\CodeIgniter.php(907): App\Controllers\Pengguna->edit('43')
15 SYSTEMPATH\CodeIgniter.php(457): CodeIgniter\CodeIgniter->runController(Object(App\Controllers\Pengguna))
16 SYSTEMPATH\CodeIgniter.php(340): CodeIgniter\CodeIgniter->handleRequest(null, Object(Config\Cache), false)
17 FCPATH\index.php(67): CodeIgniter\CodeIgniter->run()
CRITICAL - 2022-12-08 21:16:56 --> Undefined variable: menu
in APPPATH\Views\layout\sidebar_view.php on line 5.
 1 APPPATH\Views\layout\sidebar_view.php(5): CodeIgniter\Debug\Exceptions->errorHandler(8, 'Undefined variable: menu', 'APPPATH\\Views\\layout\\sidebar_view.php', 5, [...])
 2 SYSTEMPATH\View\View.php(213): include('APPPATH\\Views\\layout\\sidebar_view.php')
 3 SYSTEMPATH\View\View.php(216): CodeIgniter\View\View->CodeIgniter\View\{closure}()
 4 SYSTEMPATH\Common.php(1142): CodeIgniter\View\View->render('layout/sidebar_view', [], true)
 5 APPPATH\Views\layout\wrapper_view.php(4): view('layout/sidebar_view')
 6 SYSTEMPATH\View\View.php(213): include('APPPATH\\Views\\layout\\wrapper_view.php')
 7 SYSTEMPATH\View\View.php(216): CodeIgniter\View\View->CodeIgniter\View\{closure}()
 8 SYSTEMPATH\Common.php(1142): CodeIgniter\View\View->render('layout/wrapper_view', [], true)
 9 APPPATH\Controllers\Pekerjaan.php(22): view('layout/wrapper_view', [...])
10 SYSTEMPATH\CodeIgniter.php(907): App\Controllers\Pekerjaan->index()
11 SYSTEMPATH\CodeIgniter.php(457): CodeIgniter\CodeIgniter->runController(Object(App\Controllers\Pekerjaan))
12 SYSTEMPATH\CodeIgniter.php(340): CodeIgniter\CodeIgniter->handleRequest(null, Object(Config\Cache), false)
13 FCPATH\index.php(67): CodeIgniter\CodeIgniter->run()
CRITICAL - 2022-12-08 21:18:12 --> Undefined variable: menu
in APPPATH\Views\layout\sidebar_view.php on line 5.
 1 APPPATH\Views\layout\sidebar_view.php(5): CodeIgniter\Debug\Exceptions->errorHandler(8, 'Undefined variable: menu', 'APPPATH\\Views\\layout\\sidebar_view.php', 5, [...])
 2 SYSTEMPATH\View\View.php(213): include('APPPATH\\Views\\layout\\sidebar_view.php')
 3 SYSTEMPATH\View\View.php(216): CodeIgniter\View\View->CodeIgniter\View\{closure}()
 4 SYSTEMPATH\Common.php(1142): CodeIgniter\View\View->render('layout/sidebar_view', [], true)
 5 APPPATH\Views\layout\wrapper_view.php(4): view('layout/sidebar_view')
 6 SYSTEMPATH\View\View.php(213): include('APPPATH\\Views\\layout\\wrapper_view.php')
 7 SYSTEMPATH\View\View.php(216): CodeIgniter\View\View->CodeIgniter\View\{closure}()
 8 SYSTEMPATH\Common.php(1142): CodeIgniter\View\View->render('layout/wrapper_view', [], true)
 9 APPPATH\Controllers\Pekerjaan.php(22): view('layout/wrapper_view', [...])
10 SYSTEMPATH\CodeIgniter.php(907): App\Controllers\Pekerjaan->index()
11 SYSTEMPATH\CodeIgniter.php(457): CodeIgniter\CodeIgniter->runController(Object(App\Controllers\Pekerjaan))
12 SYSTEMPATH\CodeIgniter.php(340): CodeIgniter\CodeIgniter->handleRequest(null, Object(Config\Cache), false)
13 FCPATH\index.php(67): CodeIgniter\CodeIgniter->run()
CRITICAL - 2022-12-08 21:29:49 --> Undefined variable: menu
in APPPATH\Views\layout\sidebar_view.php on line 15.
 1 APPPATH\Views\layout\sidebar_view.php(15): CodeIgniter\Debug\Exceptions->errorHandler(8, 'Undefined variable: menu', 'APPPATH\\Views\\layout\\sidebar_view.php', 15, [...])
 2 SYSTEMPATH\View\View.php(213): include('APPPATH\\Views\\layout\\sidebar_view.php')
 3 SYSTEMPATH\View\View.php(216): CodeIgniter\View\View->CodeIgniter\View\{closure}()
 4 SYSTEMPATH\Common.php(1142): CodeIgniter\View\View->render('layout/sidebar_view', [], true)
 5 APPPATH\Views\layout\wrapper_view.php(4): view('layout/sidebar_view')
 6 SYSTEMPATH\View\View.php(213): include('APPPATH\\Views\\layout\\wrapper_view.php')
 7 SYSTEMPATH\View\View.php(216): CodeIgniter\View\View->CodeIgniter\View\{closure}()
 8 SYSTEMPATH\Common.php(1142): CodeIgniter\View\View->render('layout/wrapper_view', [], true)
 9 APPPATH\Controllers\Kelahiran.php(25): view('layout/wrapper_view', [...])
10 SYSTEMPATH\CodeIgniter.php(907): App\Controllers\Kelahiran->index()
11 SYSTEMPATH\CodeIgniter.php(457): CodeIgniter\CodeIgniter->runController(Object(App\Controllers\Kelahiran))
12 SYSTEMPATH\CodeIgniter.php(340): CodeIgniter\CodeIgniter->handleRequest(null, Object(Config\Cache), false)
13 FCPATH\index.php(67): CodeIgniter\CodeIgniter->run()
CRITICAL - 2022-12-08 21:32:36 --> Undefined variable: menu
in APPPATH\Views\layout\sidebar_view.php on line 5.
 1 APPPATH\Views\layout\sidebar_view.php(5): CodeIgniter\Debug\Exceptions->errorHandler(8, 'Undefined variable: menu', 'APPPATH\\Views\\layout\\sidebar_view.php', 5, [...])
 2 SYSTEMPATH\View\View.php(213): include('APPPATH\\Views\\layout\\sidebar_view.php')
 3 SYSTEMPATH\View\View.php(216): CodeIgniter\View\View->CodeIgniter\View\{closure}()
 4 SYSTEMPATH\Common.php(1142): CodeIgniter\View\View->render('layout/sidebar_view', [], true)
 5 APPPATH\Views\layout\wrapper_view.php(4): view('layout/sidebar_view')
 6 SYSTEMPATH\View\View.php(213): include('APPPATH\\Views\\layout\\wrapper_view.php')
 7 SYSTEMPATH\View\View.php(216): CodeIgniter\View\View->CodeIgniter\View\{closure}()
 8 SYSTEMPATH\Common.php(1142): CodeIgniter\View\View->render('layout/wrapper_view', [], true)
 9 APPPATH\Controllers\Penduduk.php(31): view('layout/wrapper_view', [...])
10 SYSTEMPATH\CodeIgniter.php(907): App\Controllers\Penduduk->index()
11 SYSTEMPATH\CodeIgniter.php(457): CodeIgniter\CodeIgniter->runController(Object(App\Controllers\Penduduk))
12 SYSTEMPATH\CodeIgniter.php(340): CodeIgniter\CodeIgniter->handleRequest(null, Object(Config\Cache), false)
13 FCPATH\index.php(67): CodeIgniter\CodeIgniter->run()
CRITICAL - 2022-12-08 21:41:34 --> Undefined variable: menu
in APPPATH\Views\layout\sidebar_view.php on line 5.
 1 APPPATH\Views\layout\sidebar_view.php(5): CodeIgniter\Debug\Exceptions->errorHandler(8, 'Undefined variable: menu', 'APPPATH\\Views\\layout\\sidebar_view.php', 5, [...])
 2 SYSTEMPATH\View\View.php(213): include('APPPATH\\Views\\layout\\sidebar_view.php')
 3 SYSTEMPATH\View\View.php(216): CodeIgniter\View\View->CodeIgniter\View\{closure}()
 4 SYSTEMPATH\Common.php(1142): CodeIgniter\View\View->render('layout/sidebar_view', [], true)
 5 APPPATH\Views\layout\wrapper_view.php(4): view('layout/sidebar_view')
 6 SYSTEMPATH\View\View.php(213): include('APPPATH\\Views\\layout\\wrapper_view.php')
 7 SYSTEMPATH\View\View.php(216): CodeIgniter\View\View->CodeIgniter\View\{closure}()
 8 SYSTEMPATH\Common.php(1142): CodeIgniter\View\View->render('layout/wrapper_view', [], true)
 9 APPPATH\Controllers\Penduduk.php(31): view('layout/wrapper_view', [...])
10 SYSTEMPATH\CodeIgniter.php(907): App\Controllers\Penduduk->index()
11 SYSTEMPATH\CodeIgniter.php(457): CodeIgniter\CodeIgniter->runController(Object(App\Controllers\Penduduk))
12 SYSTEMPATH\CodeIgniter.php(340): CodeIgniter\CodeIgniter->handleRequest(null, Object(Config\Cache), false)
13 FCPATH\index.php(67): CodeIgniter\CodeIgniter->run()
CRITICAL - 2022-12-08 21:43:08 --> Undefined variable: menu
in APPPATH\Views\layout\sidebar_view.php on line 5.
 1 APPPATH\Views\layout\sidebar_view.php(5): CodeIgniter\Debug\Exceptions->errorHandler(8, 'Undefined variable: menu', 'APPPATH\\Views\\layout\\sidebar_view.php', 5, [...])
 2 SYSTEMPATH\View\View.php(213): include('APPPATH\\Views\\layout\\sidebar_view.php')
 3 SYSTEMPATH\View\View.php(216): CodeIgniter\View\View->CodeIgniter\View\{closure}()
 4 SYSTEMPATH\Common.php(1142): CodeIgniter\View\View->render('layout/sidebar_view', [], true)
 5 APPPATH\Views\layout\wrapper_view.php(4): view('layout/sidebar_view')
 6 SYSTEMPATH\View\View.php(213): include('APPPATH\\Views\\layout\\wrapper_view.php')
 7 SYSTEMPATH\View\View.php(216): CodeIgniter\View\View->CodeIgniter\View\{closure}()
 8 SYSTEMPATH\Common.php(1142): CodeIgniter\View\View->render('layout/wrapper_view', [], true)
 9 APPPATH\Controllers\Penduduk.php(31): view('layout/wrapper_view', [...])
10 SYSTEMPATH\CodeIgniter.php(907): App\Controllers\Penduduk->index()
11 SYSTEMPATH\CodeIgniter.php(457): CodeIgniter\CodeIgniter->runController(Object(App\Controllers\Penduduk))
12 SYSTEMPATH\CodeIgniter.php(340): CodeIgniter\CodeIgniter->handleRequest(null, Object(Config\Cache), false)
13 FCPATH\index.php(67): CodeIgniter\CodeIgniter->run()
CRITICAL - 2022-12-08 21:43:11 --> Undefined variable: menu
in APPPATH\Views\layout\sidebar_view.php on line 5.
 1 APPPATH\Views\layout\sidebar_view.php(5): CodeIgniter\Debug\Exceptions->errorHandler(8, 'Undefined variable: menu', 'APPPATH\\Views\\layout\\sidebar_view.php', 5, [...])
 2 SYSTEMPATH\View\View.php(213): include('APPPATH\\Views\\layout\\sidebar_view.php')
 3 SYSTEMPATH\View\View.php(216): CodeIgniter\View\View->CodeIgniter\View\{closure}()
 4 SYSTEMPATH\Common.php(1142): CodeIgniter\View\View->render('layout/sidebar_view', [], true)
 5 APPPATH\Views\layout\wrapper_view.php(4): view('layout/sidebar_view')
 6 SYSTEMPATH\View\View.php(213): include('APPPATH\\Views\\layout\\wrapper_view.php')
 7 SYSTEMPATH\View\View.php(216): CodeIgniter\View\View->CodeIgniter\View\{closure}()
 8 SYSTEMPATH\Common.php(1142): CodeIgniter\View\View->render('layout/wrapper_view', [], true)
 9 APPPATH\Controllers\Penduduk.php(31): view('layout/wrapper_view', [...])
10 SYSTEMPATH\CodeIgniter.php(907): App\Controllers\Penduduk->index()
11 SYSTEMPATH\CodeIgniter.php(457): CodeIgniter\CodeIgniter->runController(Object(App\Controllers\Penduduk))
12 SYSTEMPATH\CodeIgniter.php(340): CodeIgniter\CodeIgniter->handleRequest(null, Object(Config\Cache), false)
13 FCPATH\index.php(67): CodeIgniter\CodeIgniter->run()
CRITICAL - 2022-12-08 21:52:42 --> Undefined variable: menu
in APPPATH\Views\layout\sidebar_view.php on line 5.
 1 APPPATH\Views\layout\sidebar_view.php(5): CodeIgniter\Debug\Exceptions->errorHandler(8, 'Undefined variable: menu', 'APPPATH\\Views\\layout\\sidebar_view.php', 5, [...])
 2 SYSTEMPATH\View\View.php(213): include('APPPATH\\Views\\layout\\sidebar_view.php')
 3 SYSTEMPATH\View\View.php(216): CodeIgniter\View\View->CodeIgniter\View\{closure}()
 4 SYSTEMPATH\Common.php(1142): CodeIgniter\View\View->render('layout/sidebar_view', [], true)
 5 APPPATH\Views\layout\wrapper_view.php(4): view('layout/sidebar_view')
 6 SYSTEMPATH\View\View.php(213): include('APPPATH\\Views\\layout\\wrapper_view.php')
 7 SYSTEMPATH\View\View.php(216): CodeIgniter\View\View->CodeIgniter\View\{closure}()
 8 SYSTEMPATH\Common.php(1142): CodeIgniter\View\View->render('layout/wrapper_view', [], true)
 9 APPPATH\Controllers\Pendidikan.php(22): view('layout/wrapper_view', [...])
10 SYSTEMPATH\CodeIgniter.php(907): App\Controllers\Pendidikan->index()
11 SYSTEMPATH\CodeIgniter.php(457): CodeIgniter\CodeIgniter->runController(Object(App\Controllers\Pendidikan))
12 SYSTEMPATH\CodeIgniter.php(340): CodeIgniter\CodeIgniter->handleRequest(null, Object(Config\Cache), false)
13 FCPATH\index.php(67): CodeIgniter\CodeIgniter->run()
CRITICAL - 2022-12-08 21:54:38 --> Undefined variable: menu
in APPPATH\Views\layout\sidebar_view.php on line 5.
 1 APPPATH\Views\layout\sidebar_view.php(5): CodeIgniter\Debug\Exceptions->errorHandler(8, 'Undefined variable: menu', 'APPPATH\\Views\\layout\\sidebar_view.php', 5, [...])
 2 SYSTEMPATH\View\View.php(213): include('APPPATH\\Views\\layout\\sidebar_view.php')
 3 SYSTEMPATH\View\View.php(216): CodeIgniter\View\View->CodeIgniter\View\{closure}()
 4 SYSTEMPATH\Common.php(1142): CodeIgniter\View\View->render('layout/sidebar_view', [], true)
 5 APPPATH\Views\layout\wrapper_view.php(4): view('layout/sidebar_view')
 6 SYSTEMPATH\View\View.php(213): include('APPPATH\\Views\\layout\\wrapper_view.php')
 7 SYSTEMPATH\View\View.php(216): CodeIgniter\View\View->CodeIgniter\View\{closure}()
 8 SYSTEMPATH\Common.php(1142): CodeIgniter\View\View->render('layout/wrapper_view', [], true)
 9 APPPATH\Controllers\Jabatan.php(22): view('layout/wrapper_view', [...])
10 SYSTEMPATH\CodeIgniter.php(907): App\Controllers\Jabatan->index()
11 SYSTEMPATH\CodeIgniter.php(457): CodeIgniter\CodeIgniter->runController(Object(App\Controllers\Jabatan))
12 SYSTEMPATH\CodeIgniter.php(340): CodeIgniter\CodeIgniter->handleRequest(null, Object(Config\Cache), false)
13 FCPATH\index.php(67): CodeIgniter\CodeIgniter->run()
CRITICAL - 2022-12-08 21:58:06 --> Undefined variable: menu
in APPPATH\Views\layout\sidebar_view.php on line 5.
 1 APPPATH\Views\layout\sidebar_view.php(5): CodeIgniter\Debug\Exceptions->errorHandler(8, 'Undefined variable: menu', 'APPPATH\\Views\\layout\\sidebar_view.php', 5, [...])
 2 SYSTEMPATH\View\View.php(213): include('APPPATH\\Views\\layout\\sidebar_view.php')
 3 SYSTEMPATH\View\View.php(216): CodeIgniter\View\View->CodeIgniter\View\{closure}()
 4 SYSTEMPATH\Common.php(1142): CodeIgniter\View\View->render('layout/sidebar_view', [], true)
 5 APPPATH\Views\layout\wrapper_view.php(4): view('layout/sidebar_view')
 6 SYSTEMPATH\View\View.php(213): include('APPPATH\\Views\\layout\\wrapper_view.php')
 7 SYSTEMPATH\View\View.php(216): CodeIgniter\View\View->CodeIgniter\View\{closure}()
 8 SYSTEMPATH\Common.php(1142): CodeIgniter\View\View->render('layout/wrapper_view', [], true)
 9 APPPATH\Controllers\Kelahiran.php(143): view('layout/wrapper_view', [...])
10 SYSTEMPATH\CodeIgniter.php(907): App\Controllers\Kelahiran->Laporan()
11 SYSTEMPATH\CodeIgniter.php(457): CodeIgniter\CodeIgniter->runController(Object(App\Controllers\Kelahiran))
12 SYSTEMPATH\CodeIgniter.php(340): CodeIgniter\CodeIgniter->handleRequest(null, Object(Config\Cache), false)
13 FCPATH\index.php(67): CodeIgniter\CodeIgniter->run()
CRITICAL - 2022-12-08 21:58:39 --> Undefined variable: menu
in APPPATH\Views\layout\sidebar_view.php on line 5.
 1 APPPATH\Views\layout\sidebar_view.php(5): CodeIgniter\Debug\Exceptions->errorHandler(8, 'Undefined variable: menu', 'APPPATH\\Views\\layout\\sidebar_view.php', 5, [...])
 2 SYSTEMPATH\View\View.php(213): include('APPPATH\\Views\\layout\\sidebar_view.php')
 3 SYSTEMPATH\View\View.php(216): CodeIgniter\View\View->CodeIgniter\View\{closure}()
 4 SYSTEMPATH\Common.php(1142): CodeIgniter\View\View->render('layout/sidebar_view', [], true)
 5 APPPATH\Views\layout\wrapper_view.php(4): view('layout/sidebar_view')
 6 SYSTEMPATH\View\View.php(213): include('APPPATH\\Views\\layout\\wrapper_view.php')
 7 SYSTEMPATH\View\View.php(216): CodeIgniter\View\View->CodeIgniter\View\{closure}()
 8 SYSTEMPATH\Common.php(1142): CodeIgniter\View\View->render('layout/wrapper_view', [], true)
 9 APPPATH\Controllers\Kelahiran.php(143): view('layout/wrapper_view', [...])
10 SYSTEMPATH\CodeIgniter.php(907): App\Controllers\Kelahiran->Laporan()
11 SYSTEMPATH\CodeIgniter.php(457): CodeIgniter\CodeIgniter->runController(Object(App\Controllers\Kelahiran))
12 SYSTEMPATH\CodeIgniter.php(340): CodeIgniter\CodeIgniter->handleRequest(null, Object(Config\Cache), false)
13 FCPATH\index.php(67): CodeIgniter\CodeIgniter->run()
CRITICAL - 2022-12-08 22:02:03 --> Undefined variable: menu
in APPPATH\Views\layout\sidebar_view.php on line 5.
 1 APPPATH\Views\layout\sidebar_view.php(5): CodeIgniter\Debug\Exceptions->errorHandler(8, 'Undefined variable: menu', 'APPPATH\\Views\\layout\\sidebar_view.php', 5, [...])
 2 SYSTEMPATH\View\View.php(213): include('APPPATH\\Views\\layout\\sidebar_view.php')
 3 SYSTEMPATH\View\View.php(216): CodeIgniter\View\View->CodeIgniter\View\{closure}()
 4 SYSTEMPATH\Common.php(1142): CodeIgniter\View\View->render('layout/sidebar_view', [], true)
 5 APPPATH\Views\layout\wrapper_view.php(4): view('layout/sidebar_view')
 6 SYSTEMPATH\View\View.php(213): include('APPPATH\\Views\\layout\\wrapper_view.php')
 7 SYSTEMPATH\View\View.php(216): CodeIgniter\View\View->CodeIgniter\View\{closure}()
 8 SYSTEMPATH\Common.php(1142): CodeIgniter\View\View->render('layout/wrapper_view', [], true)
 9 APPPATH\Controllers\Pindah.php(44): view('layout/wrapper_view', [...])
10 SYSTEMPATH\CodeIgniter.php(907): App\Controllers\Pindah->Laporan()
11 SYSTEMPATH\CodeIgniter.php(457): CodeIgniter\CodeIgniter->runController(Object(App\Controllers\Pindah))
12 SYSTEMPATH\CodeIgniter.php(340): CodeIgniter\CodeIgniter->handleRequest(null, Object(Config\Cache), false)
13 FCPATH\index.php(67): CodeIgniter\CodeIgniter->run()
CRITICAL - 2022-12-08 22:02:17 --> Undefined variable: menu
in APPPATH\Views\layout\sidebar_view.php on line 5.
 1 APPPATH\Views\layout\sidebar_view.php(5): CodeIgniter\Debug\Exceptions->errorHandler(8, 'Undefined variable: menu', 'APPPATH\\Views\\layout\\sidebar_view.php', 5, [...])
 2 SYSTEMPATH\View\View.php(213): include('APPPATH\\Views\\layout\\sidebar_view.php')
 3 SYSTEMPATH\View\View.php(216): CodeIgniter\View\View->CodeIgniter\View\{closure}()
 4 SYSTEMPATH\Common.php(1142): CodeIgniter\View\View->render('layout/sidebar_view', [], true)
 5 APPPATH\Views\layout\wrapper_view.php(4): view('layout/sidebar_view')
 6 SYSTEMPATH\View\View.php(213): include('APPPATH\\Views\\layout\\wrapper_view.php')
 7 SYSTEMPATH\View\View.php(216): CodeIgniter\View\View->CodeIgniter\View\{closure}()
 8 SYSTEMPATH\Common.php(1142): CodeIgniter\View\View->render('layout/wrapper_view', [], true)
 9 APPPATH\Controllers\Pindah.php(44): view('layout/wrapper_view', [...])
10 SYSTEMPATH\CodeIgniter.php(907): App\Controllers\Pindah->Laporan()
11 SYSTEMPATH\CodeIgniter.php(457): CodeIgniter\CodeIgniter->runController(Object(App\Controllers\Pindah))
12 SYSTEMPATH\CodeIgniter.php(340): CodeIgniter\CodeIgniter->handleRequest(null, Object(Config\Cache), false)
13 FCPATH\index.php(67): CodeIgniter\CodeIgniter->run()
CRITICAL - 2022-12-08 22:03:35 --> Undefined variable: menu
in APPPATH\Views\layout\sidebar_view.php on line 5.
 1 APPPATH\Views\layout\sidebar_view.php(5): CodeIgniter\Debug\Exceptions->errorHandler(8, 'Undefined variable: menu', 'APPPATH\\Views\\layout\\sidebar_view.php', 5, [...])
 2 SYSTEMPATH\View\View.php(213): include('APPPATH\\Views\\layout\\sidebar_view.php')
 3 SYSTEMPATH\View\View.php(216): CodeIgniter\View\View->CodeIgniter\View\{closure}()
 4 SYSTEMPATH\Common.php(1142): CodeIgniter\View\View->render('layout/sidebar_view', [], true)
 5 APPPATH\Views\layout\wrapper_view.php(4): view('layout/sidebar_view')
 6 SYSTEMPATH\View\View.php(213): include('APPPATH\\Views\\layout\\wrapper_view.php')
 7 SYSTEMPATH\View\View.php(216): CodeIgniter\View\View->CodeIgniter\View\{closure}()
 8 SYSTEMPATH\Common.php(1142): CodeIgniter\View\View->render('layout/wrapper_view', [], true)
 9 APPPATH\Controllers\Pindah.php(44): view('layout/wrapper_view', [...])
10 SYSTEMPATH\CodeIgniter.php(907): App\Controllers\Pindah->Laporan()
11 SYSTEMPATH\CodeIgniter.php(457): CodeIgniter\CodeIgniter->runController(Object(App\Controllers\Pindah))
12 SYSTEMPATH\CodeIgniter.php(340): CodeIgniter\CodeIgniter->handleRequest(null, Object(Config\Cache), false)
13 FCPATH\index.php(67): CodeIgniter\CodeIgniter->run()
CRITICAL - 2022-12-08 22:04:28 --> Undefined variable: menu
in APPPATH\Views\layout\sidebar_view.php on line 5.
 1 APPPATH\Views\layout\sidebar_view.php(5): CodeIgniter\Debug\Exceptions->errorHandler(8, 'Undefined variable: menu', 'APPPATH\\Views\\layout\\sidebar_view.php', 5, [...])
 2 SYSTEMPATH\View\View.php(213): include('APPPATH\\Views\\layout\\sidebar_view.php')
 3 SYSTEMPATH\View\View.php(216): CodeIgniter\View\View->CodeIgniter\View\{closure}()
 4 SYSTEMPATH\Common.php(1142): CodeIgniter\View\View->render('layout/sidebar_view', [], true)
 5 APPPATH\Views\layout\wrapper_view.php(4): view('layout/sidebar_view')
 6 SYSTEMPATH\View\View.php(213): include('APPPATH\\Views\\layout\\wrapper_view.php')
 7 SYSTEMPATH\View\View.php(216): CodeIgniter\View\View->CodeIgniter\View\{closure}()
 8 SYSTEMPATH\Common.php(1142): CodeIgniter\View\View->render('layout/wrapper_view', [], true)
 9 APPPATH\Controllers\Pindah.php(44): view('layout/wrapper_view', [...])
10 SYSTEMPATH\CodeIgniter.php(907): App\Controllers\Pindah->Laporan()
11 SYSTEMPATH\CodeIgniter.php(457): CodeIgniter\CodeIgniter->runController(Object(App\Controllers\Pindah))
12 SYSTEMPATH\CodeIgniter.php(340): CodeIgniter\CodeIgniter->handleRequest(null, Object(Config\Cache), false)
13 FCPATH\index.php(67): CodeIgniter\CodeIgniter->run()
CRITICAL - 2022-12-08 22:05:00 --> Undefined variable: menu
in APPPATH\Views\layout\sidebar_view.php on line 5.
 1 APPPATH\Views\layout\sidebar_view.php(5): CodeIgniter\Debug\Exceptions->errorHandler(8, 'Undefined variable: menu', 'APPPATH\\Views\\layout\\sidebar_view.php', 5, [...])
 2 SYSTEMPATH\View\View.php(213): include('APPPATH\\Views\\layout\\sidebar_view.php')
 3 SYSTEMPATH\View\View.php(216): CodeIgniter\View\View->CodeIgniter\View\{closure}()
 4 SYSTEMPATH\Common.php(1142): CodeIgniter\View\View->render('layout/sidebar_view', [], true)
 5 APPPATH\Views\layout\wrapper_view.php(4): view('layout/sidebar_view')
 6 SYSTEMPATH\View\View.php(213): include('APPPATH\\Views\\layout\\wrapper_view.php')
 7 SYSTEMPATH\View\View.php(216): CodeIgniter\View\View->CodeIgniter\View\{closure}()
 8 SYSTEMPATH\Common.php(1142): CodeIgniter\View\View->render('layout/wrapper_view', [], true)
 9 APPPATH\Controllers\Pindah.php(44): view('layout/wrapper_view', [...])
10 SYSTEMPATH\CodeIgniter.php(907): App\Controllers\Pindah->Laporan()
11 SYSTEMPATH\CodeIgniter.php(457): CodeIgniter\CodeIgniter->runController(Object(App\Controllers\Pindah))
12 SYSTEMPATH\CodeIgniter.php(340): CodeIgniter\CodeIgniter->handleRequest(null, Object(Config\Cache), false)
13 FCPATH\index.php(67): CodeIgniter\CodeIgniter->run()
CRITICAL - 2022-12-08 22:06:30 --> Undefined variable: menu
in APPPATH\Views\layout\sidebar_view.php on line 5.
 1 APPPATH\Views\layout\sidebar_view.php(5): CodeIgniter\Debug\Exceptions->errorHandler(8, 'Undefined variable: menu', 'APPPATH\\Views\\layout\\sidebar_view.php', 5, [...])
 2 SYSTEMPATH\View\View.php(213): include('APPPATH\\Views\\layout\\sidebar_view.php')
 3 SYSTEMPATH\View\View.php(216): CodeIgniter\View\View->CodeIgniter\View\{closure}()
 4 SYSTEMPATH\Common.php(1142): CodeIgniter\View\View->render('layout/sidebar_view', [], true)
 5 APPPATH\Views\layout\wrapper_view.php(4): view('layout/sidebar_view')
 6 SYSTEMPATH\View\View.php(213): include('APPPATH\\Views\\layout\\wrapper_view.php')
 7 SYSTEMPATH\View\View.php(216): CodeIgniter\View\View->CodeIgniter\View\{closure}()
 8 SYSTEMPATH\Common.php(1142): CodeIgniter\View\View->render('layout/wrapper_view', [], true)
 9 APPPATH\Controllers\Pindah.php(44): view('layout/wrapper_view', [...])
10 SYSTEMPATH\CodeIgniter.php(907): App\Controllers\Pindah->Laporan()
11 SYSTEMPATH\CodeIgniter.php(457): CodeIgniter\CodeIgniter->runController(Object(App\Controllers\Pindah))
12 SYSTEMPATH\CodeIgniter.php(340): CodeIgniter\CodeIgniter->handleRequest(null, Object(Config\Cache), false)
13 FCPATH\index.php(67): CodeIgniter\CodeIgniter->run()
CRITICAL - 2022-12-08 22:07:00 --> Undefined variable: menu
in APPPATH\Views\layout\sidebar_view.php on line 5.
 1 APPPATH\Views\layout\sidebar_view.php(5): CodeIgniter\Debug\Exceptions->errorHandler(8, 'Undefined variable: menu', 'APPPATH\\Views\\layout\\sidebar_view.php', 5, [...])
 2 SYSTEMPATH\View\View.php(213): include('APPPATH\\Views\\layout\\sidebar_view.php')
 3 SYSTEMPATH\View\View.php(216): CodeIgniter\View\View->CodeIgniter\View\{closure}()
 4 SYSTEMPATH\Common.php(1142): CodeIgniter\View\View->render('layout/sidebar_view', [], true)
 5 APPPATH\Views\layout\wrapper_view.php(4): view('layout/sidebar_view')
 6 SYSTEMPATH\View\View.php(213): include('APPPATH\\Views\\layout\\wrapper_view.php')
 7 SYSTEMPATH\View\View.php(216): CodeIgniter\View\View->CodeIgniter\View\{closure}()
 8 SYSTEMPATH\Common.php(1142): CodeIgniter\View\View->render('layout/wrapper_view', [], true)
 9 APPPATH\Controllers\Bantuan.php(67): view('layout/wrapper_view', [...])
10 SYSTEMPATH\CodeIgniter.php(907): App\Controllers\Bantuan->Penerima()
11 SYSTEMPATH\CodeIgniter.php(457): CodeIgniter\CodeIgniter->runController(Object(App\Controllers\Bantuan))
12 SYSTEMPATH\CodeIgniter.php(340): CodeIgniter\CodeIgniter->handleRequest(null, Object(Config\Cache), false)
13 FCPATH\index.php(67): CodeIgniter\CodeIgniter->run()
CRITICAL - 2022-12-08 22:07:53 --> Undefined variable: menu
in APPPATH\Views\layout\sidebar_view.php on line 5.
 1 APPPATH\Views\layout\sidebar_view.php(5): CodeIgniter\Debug\Exceptions->errorHandler(8, 'Undefined variable: menu', 'APPPATH\\Views\\layout\\sidebar_view.php', 5, [...])
 2 SYSTEMPATH\View\View.php(213): include('APPPATH\\Views\\layout\\sidebar_view.php')
 3 SYSTEMPATH\View\View.php(216): CodeIgniter\View\View->CodeIgniter\View\{closure}()
 4 SYSTEMPATH\Common.php(1142): CodeIgniter\View\View->render('layout/sidebar_view', [], true)
 5 APPPATH\Views\layout\wrapper_view.php(4): view('layout/sidebar_view')
 6 SYSTEMPATH\View\View.php(213): include('APPPATH\\Views\\layout\\wrapper_view.php')
 7 SYSTEMPATH\View\View.php(216): CodeIgniter\View\View->CodeIgniter\View\{closure}()
 8 SYSTEMPATH\Common.php(1142): CodeIgniter\View\View->render('layout/wrapper_view', [], true)
 9 APPPATH\Controllers\Home.php(49): view('layout/wrapper_view', [...])
10 SYSTEMPATH\CodeIgniter.php(907): App\Controllers\Home->setting()
11 SYSTEMPATH\CodeIgniter.php(457): CodeIgniter\CodeIgniter->runController(Object(App\Controllers\Home))
12 SYSTEMPATH\CodeIgniter.php(340): CodeIgniter\CodeIgniter->handleRequest(null, Object(Config\Cache), false)
13 FCPATH\index.php(67): CodeIgniter\CodeIgniter->run()
CRITICAL - 2022-12-08 22:08:40 --> Undefined variable: menu
in APPPATH\Views\layout\sidebar_view.php on line 5.
 1 APPPATH\Views\layout\sidebar_view.php(5): CodeIgniter\Debug\Exceptions->errorHandler(8, 'Undefined variable: menu', 'APPPATH\\Views\\layout\\sidebar_view.php', 5, [...])
 2 SYSTEMPATH\View\View.php(213): include('APPPATH\\Views\\layout\\sidebar_view.php')
 3 SYSTEMPATH\View\View.php(216): CodeIgniter\View\View->CodeIgniter\View\{closure}()
 4 SYSTEMPATH\Common.php(1142): CodeIgniter\View\View->render('layout/sidebar_view', [], true)
 5 APPPATH\Views\layout\wrapper_view.php(4): view('layout/sidebar_view')
 6 SYSTEMPATH\View\View.php(213): include('APPPATH\\Views\\layout\\wrapper_view.php')
 7 SYSTEMPATH\View\View.php(216): CodeIgniter\View\View->CodeIgniter\View\{closure}()
 8 SYSTEMPATH\Common.php(1142): CodeIgniter\View\View->render('layout/wrapper_view', [], true)
 9 APPPATH\Controllers\Penduduk.php(31): view('layout/wrapper_view', [...])
10 SYSTEMPATH\CodeIgniter.php(907): App\Controllers\Penduduk->index()
11 SYSTEMPATH\CodeIgniter.php(457): CodeIgniter\CodeIgniter->runController(Object(App\Controllers\Penduduk))
12 SYSTEMPATH\CodeIgniter.php(340): CodeIgniter\CodeIgniter->handleRequest(null, Object(Config\Cache), false)
13 FCPATH\index.php(67): CodeIgniter\CodeIgniter->run()
CRITICAL - 2022-12-08 22:08:45 --> Undefined variable: menu
in APPPATH\Views\layout\sidebar_view.php on line 5.
 1 APPPATH\Views\layout\sidebar_view.php(5): CodeIgniter\Debug\Exceptions->errorHandler(8, 'Undefined variable: menu', 'APPPATH\\Views\\layout\\sidebar_view.php', 5, [...])
 2 SYSTEMPATH\View\View.php(213): include('APPPATH\\Views\\layout\\sidebar_view.php')
 3 SYSTEMPATH\View\View.php(216): CodeIgniter\View\View->CodeIgniter\View\{closure}()
 4 SYSTEMPATH\Common.php(1142): CodeIgniter\View\View->render('layout/sidebar_view', [], true)
 5 APPPATH\Views\layout\wrapper_view.php(4): view('layout/sidebar_view')
 6 SYSTEMPATH\View\View.php(213): include('APPPATH\\Views\\layout\\wrapper_view.php')
 7 SYSTEMPATH\View\View.php(216): CodeIgniter\View\View->CodeIgniter\View\{closure}()
 8 SYSTEMPATH\Common.php(1142): CodeIgniter\View\View->render('layout/wrapper_view', [], true)
 9 APPPATH\Controllers\Penduduk.php(31): view('layout/wrapper_view', [...])
10 SYSTEMPATH\CodeIgniter.php(907): App\Controllers\Penduduk->index()
11 SYSTEMPATH\CodeIgniter.php(457): CodeIgniter\CodeIgniter->runController(Object(App\Controllers\Penduduk))
12 SYSTEMPATH\CodeIgniter.php(340): CodeIgniter\CodeIgniter->handleRequest(null, Object(Config\Cache), false)
13 FCPATH\index.php(67): CodeIgniter\CodeIgniter->run()
CRITICAL - 2022-12-08 22:09:03 --> Undefined variable: menu
in APPPATH\Views\layout\sidebar_view.php on line 5.
 1 APPPATH\Views\layout\sidebar_view.php(5): CodeIgniter\Debug\Exceptions->errorHandler(8, 'Undefined variable: menu', 'APPPATH\\Views\\layout\\sidebar_view.php', 5, [...])
 2 SYSTEMPATH\View\View.php(213): include('APPPATH\\Views\\layout\\sidebar_view.php')
 3 SYSTEMPATH\View\View.php(216): CodeIgniter\View\View->CodeIgniter\View\{closure}()
 4 SYSTEMPATH\Common.php(1142): CodeIgniter\View\View->render('layout/sidebar_view', [], true)
 5 APPPATH\Views\layout\wrapper_view.php(4): view('layout/sidebar_view')
 6 SYSTEMPATH\View\View.php(213): include('APPPATH\\Views\\layout\\wrapper_view.php')
 7 SYSTEMPATH\View\View.php(216): CodeIgniter\View\View->CodeIgniter\View\{closure}()
 8 SYSTEMPATH\Common.php(1142): CodeIgniter\View\View->render('layout/wrapper_view', [], true)
 9 APPPATH\Controllers\Kelahiran.php(25): view('layout/wrapper_view', [...])
10 SYSTEMPATH\CodeIgniter.php(907): App\Controllers\Kelahiran->index()
11 SYSTEMPATH\CodeIgniter.php(457): CodeIgniter\CodeIgniter->runController(Object(App\Controllers\Kelahiran))
12 SYSTEMPATH\CodeIgniter.php(340): CodeIgniter\CodeIgniter->handleRequest(null, Object(Config\Cache), false)
13 FCPATH\index.php(67): CodeIgniter\CodeIgniter->run()
CRITICAL - 2022-12-08 22:10:04 --> Undefined variable: menu
in APPPATH\Views\layout\sidebar_view.php on line 5.
 1 APPPATH\Views\layout\sidebar_view.php(5): CodeIgniter\Debug\Exceptions->errorHandler(8, 'Undefined variable: menu', 'APPPATH\\Views\\layout\\sidebar_view.php', 5, [...])
 2 SYSTEMPATH\View\View.php(213): include('APPPATH\\Views\\layout\\sidebar_view.php')
 3 SYSTEMPATH\View\View.php(216): CodeIgniter\View\View->CodeIgniter\View\{closure}()
 4 SYSTEMPATH\Common.php(1142): CodeIgniter\View\View->render('layout/sidebar_view', [], true)
 5 APPPATH\Views\layout\wrapper_view.php(4): view('layout/sidebar_view')
 6 SYSTEMPATH\View\View.php(213): include('APPPATH\\Views\\layout\\wrapper_view.php')
 7 SYSTEMPATH\View\View.php(216): CodeIgniter\View\View->CodeIgniter\View\{closure}()
 8 SYSTEMPATH\Common.php(1142): CodeIgniter\View\View->render('layout/wrapper_view', [], true)
 9 APPPATH\Controllers\Pindah.php(23): view('layout/wrapper_view', [...])
10 SYSTEMPATH\CodeIgniter.php(907): App\Controllers\Pindah->index()
11 SYSTEMPATH\CodeIgniter.php(457): CodeIgniter\CodeIgniter->runController(Object(App\Controllers\Pindah))
12 SYSTEMPATH\CodeIgniter.php(340): CodeIgniter\CodeIgniter->handleRequest(null, Object(Config\Cache), false)
13 FCPATH\index.php(67): CodeIgniter\CodeIgniter->run()
