CRITICAL - 2022-09-19 00:37:30 --> Invalid file: pengguna_view.php
in SYSTEMPATH\Exceptions\FrameworkException.php on line 33.
 1 SYSTEMPATH\View\View.php(201): CodeIgniter\Exceptions\FrameworkException::forInvalidFile('pengguna_view.php')
 2 SYSTEMPATH\Common.php(1142): CodeIgniter\View\View->render('pengguna_view', [], true)
 3 APPPATH\Views\layout\content_view.php(3): view('pengguna_view')
 4 SYSTEMPATH\View\View.php(213): include('APPPATH\\Views\\layout\\content_view.php')
 5 SYSTEMPATH\View\View.php(216): CodeIgniter\View\View->CodeIgniter\View\{closure}()
 6 SYSTEMPATH\Common.php(1142): CodeIgniter\View\View->render('layout/content_view', [], true)
 7 APPPATH\Views\layout\wrapper_view.php(5): view('layout/content_view')
 8 SYSTEMPATH\View\View.php(213): include('APPPATH\\Views\\layout\\wrapper_view.php')
 9 SYSTEMPATH\View\View.php(216): CodeIgniter\View\View->CodeIgniter\View\{closure}()
10 SYSTEMPATH\Common.php(1142): CodeIgniter\View\View->render('layout/wrapper_view', [], true)
11 APPPATH\Controllers\Pengguna.php(21): view('layout/wrapper_view', [...])
12 SYSTEMPATH\CodeIgniter.php(907): App\Controllers\Pengguna->index()
13 SYSTEMPATH\CodeIgniter.php(457): CodeIgniter\CodeIgniter->runController(Object(App\Controllers\Pengguna))
14 SYSTEMPATH\CodeIgniter.php(340): CodeIgniter\CodeIgniter->handleRequest(null, Object(Config\Cache), false)
15 FCPATH\index.php(67): CodeIgniter\CodeIgniter->run()
CRITICAL - 2022-09-19 00:37:30 --> Invalid file: pengguna_view.php
in SYSTEMPATH\Exceptions\FrameworkException.php on line 33.
 1 SYSTEMPATH\View\View.php(201): CodeIgniter\Exceptions\FrameworkException::forInvalidFile('pengguna_view.php')
 2 SYSTEMPATH\Common.php(1142): CodeIgniter\View\View->render('pengguna_view', [], true)
 3 APPPATH\Views\layout\content_view.php(3): view('pengguna_view')
 4 SYSTEMPATH\View\View.php(213): include('APPPATH\\Views\\layout\\content_view.php')
 5 SYSTEMPATH\View\View.php(216): CodeIgniter\View\View->CodeIgniter\View\{closure}()
 6 SYSTEMPATH\Common.php(1142): CodeIgniter\View\View->render('layout/content_view', [], true)
 7 APPPATH\Views\layout\wrapper_view.php(5): view('layout/content_view')
 8 SYSTEMPATH\View\View.php(213): include('APPPATH\\Views\\layout\\wrapper_view.php')
 9 SYSTEMPATH\View\View.php(216): CodeIgniter\View\View->CodeIgniter\View\{closure}()
10 SYSTEMPATH\Common.php(1142): CodeIgniter\View\View->render('layout/wrapper_view', [], true)
11 APPPATH\Controllers\Pengguna.php(21): view('layout/wrapper_view', [...])
12 SYSTEMPATH\CodeIgniter.php(907): App\Controllers\Pengguna->index()
13 SYSTEMPATH\CodeIgniter.php(457): CodeIgniter\CodeIgniter->runController(Object(App\Controllers\Pengguna))
14 SYSTEMPATH\CodeIgniter.php(340): CodeIgniter\CodeIgniter->handleRequest(null, Object(Config\Cache), false)
15 FCPATH\index.php(67): CodeIgniter\CodeIgniter->run()
CRITICAL - 2022-09-19 00:37:53 --> Invalid file: /pengguna/pengguna_view.php
in SYSTEMPATH\Exceptions\FrameworkException.php on line 33.
 1 SYSTEMPATH\View\View.php(201): CodeIgniter\Exceptions\FrameworkException::forInvalidFile('/pengguna/pengguna_view.php')
 2 SYSTEMPATH\Common.php(1142): CodeIgniter\View\View->render('/pengguna/pengguna_view', [], true)
 3 APPPATH\Views\layout\content_view.php(3): view('/pengguna/pengguna_view')
 4 SYSTEMPATH\View\View.php(213): include('APPPATH\\Views\\layout\\content_view.php')
 5 SYSTEMPATH\View\View.php(216): CodeIgniter\View\View->CodeIgniter\View\{closure}()
 6 SYSTEMPATH\Common.php(1142): CodeIgniter\View\View->render('layout/content_view', [], true)
 7 APPPATH\Views\layout\wrapper_view.php(5): view('layout/content_view')
 8 SYSTEMPATH\View\View.php(213): include('APPPATH\\Views\\layout\\wrapper_view.php')
 9 SYSTEMPATH\View\View.php(216): CodeIgniter\View\View->CodeIgniter\View\{closure}()
10 SYSTEMPATH\Common.php(1142): CodeIgniter\View\View->render('layout/wrapper_view', [], true)
11 APPPATH\Controllers\Pengguna.php(21): view('layout/wrapper_view', [...])
12 SYSTEMPATH\CodeIgniter.php(907): App\Controllers\Pengguna->index()
13 SYSTEMPATH\CodeIgniter.php(457): CodeIgniter\CodeIgniter->runController(Object(App\Controllers\Pengguna))
14 SYSTEMPATH\CodeIgniter.php(340): CodeIgniter\CodeIgniter->handleRequest(null, Object(Config\Cache), false)
15 FCPATH\index.php(67): CodeIgniter\CodeIgniter->run()
CRITICAL - 2022-09-19 00:38:39 --> Invalid file: /pengguna/pengguna_view.php
in SYSTEMPATH\Exceptions\FrameworkException.php on line 33.
 1 SYSTEMPATH\View\View.php(201): CodeIgniter\Exceptions\FrameworkException::forInvalidFile('/pengguna/pengguna_view.php')
 2 SYSTEMPATH\Common.php(1142): CodeIgniter\View\View->render('/pengguna/pengguna_view', [], true)
 3 APPPATH\Views\layout\content_view.php(3): view('/pengguna/pengguna_view')
 4 SYSTEMPATH\View\View.php(213): include('APPPATH\\Views\\layout\\content_view.php')
 5 SYSTEMPATH\View\View.php(216): CodeIgniter\View\View->CodeIgniter\View\{closure}()
 6 SYSTEMPATH\Common.php(1142): CodeIgniter\View\View->render('layout/content_view', [], true)
 7 APPPATH\Views\layout\wrapper_view.php(5): view('layout/content_view')
 8 SYSTEMPATH\View\View.php(213): include('APPPATH\\Views\\layout\\wrapper_view.php')
 9 SYSTEMPATH\View\View.php(216): CodeIgniter\View\View->CodeIgniter\View\{closure}()
10 SYSTEMPATH\Common.php(1142): CodeIgniter\View\View->render('layout/wrapper_view', [], true)
11 APPPATH\Controllers\Pengguna.php(21): view('layout/wrapper_view', [...])
12 SYSTEMPATH\CodeIgniter.php(907): App\Controllers\Pengguna->index()
13 SYSTEMPATH\CodeIgniter.php(457): CodeIgniter\CodeIgniter->runController(Object(App\Controllers\Pengguna))
14 SYSTEMPATH\CodeIgniter.php(340): CodeIgniter\CodeIgniter->handleRequest(null, Object(Config\Cache), false)
15 FCPATH\index.php(67): CodeIgniter\CodeIgniter->run()
CRITICAL - 2022-09-19 04:53:51 --> Invalid file: pengguna_view.php
in SYSTEMPATH\Exceptions\FrameworkException.php on line 33.
 1 SYSTEMPATH\View\View.php(201): CodeIgniter\Exceptions\FrameworkException::forInvalidFile('pengguna_view.php')
 2 SYSTEMPATH\Common.php(1142): CodeIgniter\View\View->render('pengguna_view', [], true)
 3 APPPATH\Views\layout\content_view.php(3): view('pengguna_view')
 4 SYSTEMPATH\View\View.php(213): include('APPPATH\\Views\\layout\\content_view.php')
 5 SYSTEMPATH\View\View.php(216): CodeIgniter\View\View->CodeIgniter\View\{closure}()
 6 SYSTEMPATH\Common.php(1142): CodeIgniter\View\View->render('layout/content_view', [], true)
 7 APPPATH\Views\layout\wrapper_view.php(5): view('layout/content_view')
 8 SYSTEMPATH\View\View.php(213): include('APPPATH\\Views\\layout\\wrapper_view.php')
 9 SYSTEMPATH\View\View.php(216): CodeIgniter\View\View->CodeIgniter\View\{closure}()
10 SYSTEMPATH\Common.php(1142): CodeIgniter\View\View->render('layout/wrapper_view', [], true)
11 APPPATH\Controllers\Pengguna.php(21): view('layout/wrapper_view', [...])
12 SYSTEMPATH\CodeIgniter.php(907): App\Controllers\Pengguna->index()
13 SYSTEMPATH\CodeIgniter.php(457): CodeIgniter\CodeIgniter->runController(Object(App\Controllers\Pengguna))
14 SYSTEMPATH\CodeIgniter.php(340): CodeIgniter\CodeIgniter->handleRequest(null, Object(Config\Cache), false)
15 FCPATH\index.php(67): CodeIgniter\CodeIgniter->run()
CRITICAL - 2022-09-19 08:28:42 --> Invalid file: auth/login_view.php
in SYSTEMPATH\Exceptions\FrameworkException.php on line 33.
 1 SYSTEMPATH\View\View.php(201): CodeIgniter\Exceptions\FrameworkException::forInvalidFile('auth/login_view.php')
 2 SYSTEMPATH\Common.php(1142): CodeIgniter\View\View->render('auth/login_view', [], true)
 3 APPPATH\Controllers\Auth.php(12): view('auth/login_view', [...])
 4 SYSTEMPATH\CodeIgniter.php(907): App\Controllers\Auth->index()
 5 SYSTEMPATH\CodeIgniter.php(457): CodeIgniter\CodeIgniter->runController(Object(App\Controllers\Auth))
 6 SYSTEMPATH\CodeIgniter.php(340): CodeIgniter\CodeIgniter->handleRequest(null, Object(Config\Cache), false)
 7 FCPATH\index.php(67): CodeIgniter\CodeIgniter->run()
CRITICAL - 2022-09-19 08:28:58 --> Invalid file: /auth/login_view.php
in SYSTEMPATH\Exceptions\FrameworkException.php on line 33.
 1 SYSTEMPATH\View\View.php(201): CodeIgniter\Exceptions\FrameworkException::forInvalidFile('/auth/login_view.php')
 2 SYSTEMPATH\Common.php(1142): CodeIgniter\View\View->render('/auth/login_view', [], true)
 3 APPPATH\Controllers\Auth.php(12): view('/auth/login_view', [...])
 4 SYSTEMPATH\CodeIgniter.php(907): App\Controllers\Auth->index()
 5 SYSTEMPATH\CodeIgniter.php(457): CodeIgniter\CodeIgniter->runController(Object(App\Controllers\Auth))
 6 SYSTEMPATH\CodeIgniter.php(340): CodeIgniter\CodeIgniter->handleRequest(null, Object(Config\Cache), false)
 7 FCPATH\index.php(67): CodeIgniter\CodeIgniter->run()
CRITICAL - 2022-09-19 08:51:43 --> Call to undefined function form_open()
in APPPATH\Views\login_view.php on line 31.
 1 SYSTEMPATH\View\View.php(213): include()
 2 SYSTEMPATH\View\View.php(216): CodeIgniter\View\View->CodeIgniter\View\{closure}()
 3 SYSTEMPATH\Common.php(1142): CodeIgniter\View\View->render('login_view', [], true)
 4 APPPATH\Controllers\Auth.php(12): view('login_view', [...])
 5 SYSTEMPATH\CodeIgniter.php(907): App\Controllers\Auth->index()
 6 SYSTEMPATH\CodeIgniter.php(457): CodeIgniter\CodeIgniter->runController(Object(App\Controllers\Auth))
 7 SYSTEMPATH\CodeIgniter.php(340): CodeIgniter\CodeIgniter->handleRequest(null, Object(Config\Cache), false)
 8 FCPATH\index.php(67): CodeIgniter\CodeIgniter->run()
